1474.2603612246867 217.95852535364884
66180.1902713708 252.68141588538265
138956.36027458025 210.54411743216178
199253.307174294 241.26008973564512
269271.4563074121 229.3883495259413
333679.18678930117 203.29433970380887
393713.8680238271 250.10769893909537
467536.3818911223 219.9045224548736
534355.7360727629 227.81944461722333
600460.3966963374 218.7438015513444
665077.1744157794 212.75968985320696
731487.4404245601 246.28712497311517
799900.904416227 233.12359582581848
868675.54954253 217.36937016060847
929924.9678863535 255.29357779309385
1006459.5714117917 239.5338351350856
1071782.3179802434 283.5062762451271
1152491.08012446 227.2137400256911
1219258.1011628634 215.8101264450952
1280976.8332096639 271.7619051031438
1359400.3726536748 229.0883990354946
1424497.881941824 253.91070212657314
1496899.3858931449 251.72818684174217
1572417.0678254862 245.06172831693493
1640693.3125106907 238.58297880511236
1710409.9084739683 241.63636440490518
1780642.172736739 254.88340994188184
1853490.9158560247 260.67088748856713
1927405.817954862 268.0818164266475
2003133.2481049024 241.49130705095195
2076835.1188988956 256.6702702790235
2153407.593034908 231.6425854410909
2216854.7095734724 259.78656474851323
2291956.6249089027 252.75000100686066
2367025.9762337366 236.51986124911855
2433485.4072235296 254.76419516245005
2506067.8751376625 267.9499985506518
2582344.5695664724 241.85027323952
2650874.2792173065 256.3112942269281
2728961.2487098896 250.7168483631267
2797572.0299220514 249.9139331361721
2870010.4268850046 234.76634302140792
2937705.7811541073 234.14442675849295
3007318.1800640086 251.53273941496263
3077327.4083267488 248.24909475491677
3150236.609912806 256.1566247664223
3223367.512655474 245.7954634816988
3293395.1345604933 258.34307692971197
3363092.582978344 279.5506634664971
3448568.942108657 264.1316215294737
3526467.505568586 254.6058821711049
3599335.8339053597 235.78732726753697
3668781.271360918 237.98229372341848
3739925.9675603868 240.72447786637258
3811860.31481126 242.22632020600395
3878954.0590536534 264.2371174378113
3952764.252288885 233.77865665011632
4020371.2976348866 272.55266154281526
4097704.2629948324 274.4999692662077
4176120.734564296 294.85659879970626
4263157.634373114 248.79470831055187
4330558.945235192 229.96699623585846
4398846.174121332 242.17567503392092
4470412.200954346 244.0037663965959
4539606.829760717 250.8828521276264
4613147.180776509 249.0074743440182
4685452.690896657 245.78361419347857
4754966.914041642 233.96684028597338
4820092.080951215 250.01541670912957
4894074.02855451 236.661151540864
4963656.2682318995 246.96428734169422
5036374.1628711 248.28648750086177
5107242.235814104 249.14537536930766
5177036.748857513 242.06248422516364
5244577.952775126 235.7090977322241
5311338.229208429 229.6714510283091
5376281.99735267 233.01082832594875
5447429.5532822255 260.8064681712367
5519997.886612088 229.57935733877275
5586906.490782797 233.36410416267063
5655312.509740086 262.6899077428625
5729662.581934159 250.4499986477058
5799077.73441797 255.86635847397156
5876109.001792811 267.91248484277276
5952312.369230943 248.4216285486218
6026533.99050848 264.26852509468154
6101407.631486261 253.97958312638912
6175231.914178009 253.88451833670842
6243516.508632608 264.0850783700589
6320505.846915128 253.3062623129881
6394464.950867787 245.61328208875966
6462708.90258146 260.3346443065657
6537877.230024546 252.49439371992958
6606471.014540989 256.2429334126482
6679514.171992475 219.73941939332144
6744527.283365307 235.54505726674688
6812875.808170886 280.79208395683236
6891239.989385295 252.7822542649119
6966791.9103699885 251.97164813093696
7036634.478483014 243.37544010426245
7111751.151548094 241.26039516976743
7181963.4266244685 245.24280244648799
7247914.083254639 259.4255961768522
7321230.219374086 265.7489276782162
7395391.820060515 264.8205077830353
7470473.014689251 285.97473774865284
7554927.0479066 232.6439310225469
7626236.874401877 255.32182126751286
7697541.306921093 277.52193902356885
7778552.895695769 277.28441944872975
7857220.458122235 252.87855986533577
7931005.86343169 239.1126614828263
8001336.6421624115 253.45992593154187
8074473.371857848 254.87384297999597
8143442.179642102 269.6060599717457
8221201.714146982 257.25438543622295
8295816.85736965 264.7473590264108
8370045.7492081 241.73619554424658
8439531.947993658 281.52587861083157
8521633.977142302 255.98134141368428
8594622.163322326 256.2190982768807
8669500.695176346 279.220970230439
8748994.52623554 233.14945111611087
8817333.524176387 266.2712002057451
8894110.45860212 271.3224223867619
8972577.03683911 245.41886350573986
9044306.94998568 278.421321211139
9125143.057583975 238.78204359716983
9192797.418369317 268.7950274193572
9271163.745994339 272.5130600512857
9350356.267967977 241.14069539985212
9420316.588605674 256.0435044178266
9496648.8526273 263.1272099989874
9573208.624000844 239.57491183829916
9642363.847785817 237.68218259235437
9711397.250703031 240.38646462415636
9779499.01712438 271.6461676349245
9859078.876201792 221.6243983953973
9922251.185943302 277.6558684153242
10000638.018771315 271.72647981736736
10081894.529131882 294.4039711075893
10166075.85569305 250.40814481874258
10239798.012652293 232.58788751571774
10305774.866702527 248.65787411457495
10380881.19470307 243.33427032656255
10452507.21120533 256.26007196388673
10524282.960320616 240.031822333749
10594637.328773303 228.56703615251536
10663746.750609243 258.79874849077896
10737070.770689005 270.53477351986294
10813947.894841032 266.3488445526564
10891407.807912255 265.3290860441921
10969568.608613068 232.91323887214457
11040472.861497954 262.9864825466648
11122259.740419887 235.56814453657717
11185642.537114287 278.41716743332654
11268127.678799247 220.90275394209675
11333990.609680044 217.44163098890567
11398327.771674922 250.60900269829654
11471581.142436454 245.5381252683619
11545382.455198988 244.90965775728546
11617391.407617955 263.80258918731124
11696473.979871964 229.80767252177247
11764710.24854847 257.6365526476184
11835173.673527963 256.6050112923913
11908709.98820375 275.165448679214
11989851.038795894 267.8970807434889
12065316.823513743 254.9472180045741
12141912.027543465 252.01585273699675
12211694.142453099 268.2687235110461
12291489.220330987 240.32744440492024
12359769.524615435 245.36272881924378
12434201.152448555 247.26231193318017
12506427.074197214 230.47368532630935
12572126.798791943 277.69535183763946
12649130.88591363 221.9997285831305
12713014.094635215 250.45935120365903
12790414.403414505 250.32357885463716
12859791.18095453 267.6956688395767
12939653.328974098 271.0600690146857
13018172.042219719 282.1295513642326
13096093.643712439 266.8860854783052
13173613.209701985 235.54024951924293
13242666.228598963 238.26942616109227
13313020.660509976 260.15433882722573
13388745.410263443 242.6313881270289
13457442.511702282 262.7944432667791
13531802.962525109 264.04823742661756
13605604.002178326 250.88804076672022
13678682.887352992 263.11690750338676
13750758.76742982 277.598260000741
13831571.101539038 232.87224857379624
13900274.68649081 278.18512558681687
13978781.55113495 245.4033093296057
14049759.210253136 258.93759880986545
14127736.79848883 255.23392770299688
14198667.793335117 269.70921787639236
14276033.730399113 265.8562302501123
14351466.272193743 257.39165394044903
14424920.1999614 231.1722971506897
14492144.683272392 266.913369578695
14571754.686514912 244.1134451280559
14640478.130232248 224.8130588547465
14706336.47880802 236.50526469025135
14772313.951465677 268.9283891579762
14852815.467972644 269.8243252378634
14927038.959674485 256.3198314187939
14997109.402232496 263.2881797891605
15071661.611835824 263.8234690858153
15145532.08148997 254.29971878596552
15219933.741339838 247.87501527510176
15294132.742576458 244.56608667716137
15363253.492330255 244.60669090852025
15437839.34778411 262.50208702805685
15513270.618884623 278.43771254961393
15590251.412962213 236.90610346080211
15659656.223189203 238.51822823141993
15729503.179734286 268.06954579869125
15802029.721615816 251.31674334623676
15875916.634885887 280.8445631693721
15955228.795486938 260.0992863921456
16029598.529921465 268.6785935459775
16104909.281757096 235.63824285395822
16172951.32358006 247.03686548769474
16237832.536048025 260.80665170098655
16313981.949258005 241.08334111299337
16385559.268703736 265.0499202069841
16462527.54169857 277.42121549096555
16539282.439369855 256.71848983170275
16613154.42237677 245.10384873979638
16684826.097138923 253.5196138227475
16755209.6603932 243.9748611260511
16829155.5477728 239.66112202439763
16901901.273035005 239.8263662726531
16970264.001131378 265.51111919471805
17048694.496983808 217.47175218275515
17112856.31453636 262.97494650833323
17190295.340007596 240.72572651773953
17260699.600144494 269.6640089404318
17342401.23284275 250.70479535103368
17412048.058468852 266.9465878363262
17486533.646311894 256.2868157897392
17560782.372225467 241.3319496056065
17630320.910997313 256.7199971478876
17706299.23344554 244.0292222258031
17773114.6456396 279.01881538477755
17859696.43756611 238.93058086005476
17928475.04895822 248.21911728988925
17999801.549292292 244.55889507792745
18071835.274268307 265.073448186522
18147775.04206239 251.86803288173542
18221337.300782666 271.56334268712817
18300377.106724642 257.17741347654373
18373169.870035958 256.0042914221194
18447774.506827757 221.0717791930947
18509060.033243664 240.17607880654396
18578005.16011087 278.51257780350716
18657565.055834707 250.9473646231054
18727425.0648923 258.86518884992984
18800948.823240966 245.60323333673296
18870634.845121134 252.80780792531004
18947042.263708327 251.1477388171552
19019101.361558463 250.77558486452472
19088805.41960147 244.2210607209854
19159280.623554856 257.21140091750567
19239063.22620239 255.4933753924488
19314464.271859363 234.8604941427111
19385019.29117825 286.6000979661403
19469126.51846527 279.08418656134745
19550234.149577893 258.7385653718811
19625420.912669893 266.26912903622724
19699231.84432967 229.46191821690445
19763366.215509955 248.30892557296465
19835900.278347574 253.70604608664144
19908410.475962676 256.29982128277334
19982293.031752456 245.60919705380365
20052193.05742482 258.67054648449266
20128012.37571662 234.8855597336369
20191685.292926714 235.33642816935026
20260428.775743145 248.38191371795983
20330347.52053005 253.94303644174215
20401819.79789072 255.43993477510958
20477362.175941985 239.28338044859993
20548736.36018975 233.69090683928516
20617059.875634536 231.211297095826
20685769.83270965 253.64630207623122
20758760.03441371 239.22642629210168
20827466.64669158 228.90525712115777
20895572.504273776 279.45013471092534
20970232.429744583 268.7906224446706
21049599.420822266 230.84245101532724
21119529.237420622 290.5871829426469
21199222.115692936 255.37940181230806
21270803.146347668 255.6618506396917
21342044.22909472 242.60557916091057
21412360.571474176 242.97662544230843
21484919.49397899 239.7171886520955
21553988.204449113 242.96986601876415
21625207.382952303 247.77659286375274
21696602.46224216 255.9339985810584
21767242.51853136 281.97379990907575
21848947.473717213 258.91904910803714
21921876.44689651 230.98425957331347
21987946.592721786 274.0894416063893
22067105.984091055 256.31377629849885
22141270.223819796 245.80234491328156
22211603.73009627 219.84017512422724
22274077.407946218 252.56814947795647
22345158.259884637 260.455738094337
22416730.50208719 244.228659626242
22488045.57330936 226.1651153715502
22555695.34163562 256.99910141072905
22627141.73241631 250.33194070202444
22701053.308311794 245.74256252675696
22774553.975206304 238.89941657565942
22846640.92454533 257.70815072734695
22920451.611480646 241.9653592947143
22991466.342142686 240.63059841933864
23061291.75833006 233.0193710971289
23129492.85719122 272.05405411210813
23206321.85718213 252.57185767384362
23280475.15261207 257.2537527493914
23354770.3566416 244.74096424771415
23422720.606149506 259.688653381294
23496218.130145535 255.9392163063676
23569967.71887542 250.16315059341287
23640846.549942426 255.8692329049154
23716720.191523615 254.13435750781355
23790983.60334672 240.1201480775344
23858195.229975354 266.84274611270666
23935017.713416506 259.81668722387985
24007633.560892027 246.32261266521527
24075772.870544307 249.22758081240318
24151770.457367104 254.88695413967798
24223842.812651727 281.3878078061389
24304182.44503653 254.28289953702915
24379540.92196604 241.16543478584208
24448513.286716368 258.8289153309597
24525207.939337373 231.33222294697043
24590194.99721285 228.90580228088947
24653429.756268892 266.65263635959127
24736078.25123426 242.3393668052231
24800886.889049917 242.71438856754685
24874401.488226295 264.5794683449494
24946989.991401725 255.55660610892664
25018468.75844684 251.10334412256634
25088847.36016544 242.88365828468523
25156047.513577744 262.6869063171325
25232769.628588982 248.80148545350676
25302220.343344405 244.4591786837118
25374369.75646832 251.77379629459756
25447324.34820071 283.40846716416127
25529310.96119918 233.4195323208769
25597966.532036245 259.2313828442784
25672108.134433165 279.09612592820486
25752392.757361885 243.0215580951335
25821549.7971961 274.63779981252446
25899894.514041986 262.8019396473537
25981035.46893616 261.3988663844211
26052231.257872958 242.66055588654854
26122913.07951611 243.44133047369542
26192880.149718836 247.77879638162995
26268544.14035041 249.1220865705036
26338413.12985733 240.20369616671087
26409475.689933233 263.38358365625754
26483657.169862337 266.35323045378755
26559193.682341956 258.6397942289623
26634892.630604275 255.70680594715668
26709685.76119038 256.2920528955656
26784937.16034564 252.13943333405768
26855315.177847188 269.443988055973
26931629.925512005 244.0148561917522
27005254.248813976 224.57670760546898
27071012.978309195 244.22779681509564
27141184.991118923 242.4460374097107
27207228.977170598 242.74800745150424
27281928.073667288 225.27595838781417
27348370.424322493 232.7518132319601
27417449.266302366 237.67332485839142
27487585.19740251 252.7269868752919
27559923.2249342 253.07326797499263
27635265.37910957 253.35137129756185
27704690.989173733 211.59893459271552
27767051.932544395 255.34872786931373
27841721.442474652 240.93229419605632
27911106.790803485 261.57971738457854
27983859.488474395 258.2755084273085
28057243.24135031 279.95133305316995
28136260.134127848 249.62693591632706
28208032.33942337 234.74984606933867
28279453.978238974 230.65340501342143
28342526.39822943 259.6497165041437
28414971.944868658 259.2657841032269
28490210.938933816 228.02210406781523
28555992.413336404 238.30004118644865
28621150.842607006 274.58880823689105
28701975.39490266 219.9386402719465
28767363.601876915 255.71217711974896
28836436.40201118 249.1030619129524
28905531.640910786 256.41524402015784
28978908.857714176 264.94222252869076
29058082.459354643 250.85594202292123
29134357.937044412 245.05521149417473
29208049.567923073 276.6696253886039
29287820.2865578 249.3933365268822
29359171.9258481 240.3276716669643
29427487.1594585 258.405867926529
29499852.1843766 271.4617214160535
29580247.729802202 251.76973879117577
29655397.35818512 257.4220780875912
29728643.744141806 256.58942111583747
29801669.321168814 260.55329561643885
29876961.221763726 238.9260904585244
29945206.52252985 221.00971272277093
30010997.026835117 233.9252466612743
30075026.250616997 264.82254975274554
30152952.57758852 249.34938058047555
30226659.57456451 233.90582976893347
30292681.854809776 229.51988978340523
30359520.65449824 253.43557667859568
30431993.959025145 234.10373781606904
30500436.456931368 268.2706394295674
30576105.977739107 250.6995763795494
30650017.07703634 220.01137311972707
30718060.38177245 241.44841612240998
30784968.02148411 248.35334199249337
30857775.116109848 281.16294909926364
30941175.682308413 262.75814172076207
31015086.137494028 261.78946131677367
31088198.551483687 262.59476351735066
31165860.01582784 241.06855704973714
31235949.198045775 247.84883375188656
31310023.6723532 275.74181821133243
31389913.275802944 270.5560310809378
31466341.217620246 245.76265587664966
31536367.09534429 294.0277818496834
31619025.576471195 236.16742663942568
31689717.42131686 250.05268638316193
31765133.83173707 268.082150749462
31840948.716925185 260.791419056477
31916757.320859283 232.9753653706648
31988883.227291893 244.00859316112474
32058849.691441447 257.17496995108377
32135920.68793335 231.21851600873197
32206546.09511086 242.55735382907005
32274522.573267706 254.74912166815193
32349525.19792845 224.08465427612828
32414162.74185253 222.2145082335337
32479944.91476454 247.30069056650973
32555475.200503346 257.73811228309205
32631090.954397313 221.53739522368414
32695146.556447737 276.96645657051704
32773989.200301826 257.78816487808945
32848130.249952257 250.77912032318272
32917553.285088684 274.9107726375223
32998133.470628917 228.74157569298404
33067978.82410573 257.46958160446957
33142566.912237417 264.2052588068909
33217506.67975 284.97456037210213
33301305.673424836 247.2850916744137
33369107.094112076 256.08315240282536
33446803.79401059 237.70433264203893
33515222.716841195 253.39334157410485
33589160.1067472 255.52883707606088
33665020.20522615 226.79949092115567
33730280.92428304 250.3725459019115
33801889.23075783 255.34023399603757
33875022.36233555 255.9544706567831
33950451.903977074 265.4861125865791
34026147.68474759 257.8792504088706
34100695.522718504 235.76584189508867
34169249.027059376 272.20163667749875
34249735.282055296 242.51484085722768
34318054.69354886 219.31708176917164
34379768.213523775 242.24314733625215
34448417.76597189 252.11558751061966
34520583.75614618 282.8355027927755
34604858.750041135 220.52212329125177
34663247.87367293 234.65966481583746
34731937.81544335 276.3410141039785
34809908.72689872 231.53767174585664
34875503.967904866 531.5198406167328
34946603.85061523 272.384256573765
35026570.265189596 223.67768478236394
35085237.13028497 266.8888367511463
35162632.73595547 223.84294638327265
35228373.070080414 251.8201499019342
35300853.62138345 266.54697106390086
35376208.73081413 244.16827730221848
35447055.09671644 263.1364984482061
35517413.38624971 268.4021656848781
35593530.614406385 246.5852605865366
35662900.39349897 244.70408086198586
35735867.388392426 266.9516918667359
35811689.08947357 272.06102850311436
35887247.85849599 251.05786801653448
35960287.63771095 263.0678679245102
36032238.957781844 237.8673702668093
36099454.72613045 226.29429343376978
36165276.5335122 243.9616867017321
36234427.092854716 197.90218887594528
36299312.93144724 273.48808689070574
36379350.31263789 262.24214147255407
36459039.61838272 224.5297679080395
36521630.38331025 278.5346944572884
36603276.61429242 277.2680140476368
36682908.77267427 227.97040607543022
36746861.53897152 269.25575071014464
36826206.83300543 253.4777154599724
36894459.53986967 258.4803939965932
36965159.80384867 223.21842516062316
37027450.81411554 238.09569985936105
37100410.68037202 262.6636794993101
37173239.45260454 246.89149369546794
37248236.67389551 246.77700888953405
37318020.149868235 275.5924889766902
37394070.76210904 223.54346580573474
37461574.50345175 265.3650354438578
37534745.95323604 246.1311663367378
37608084.12340058 255.90411364247848
37681734.85843512 272.60758438940684
37759253.69001618 255.9271826079057
37834535.435070395 248.52673269965453
37904891.98315477 237.56034599032137
37973564.77494005 237.4620005939214
38047183.74586365 218.88126620721596
38110960.845038734 241.68258706733468
38178870.76034603 253.71119698372786
38256393.393613964 260.75520620989846
38331430.093622014 236.93827083375072
38403779.49219478 244.38117097759095
38472714.43786656 264.7536638888414
38552952.51892691 272.1597153653129
38629275.37664519 244.66622336555156
38700934.172954485 240.8682047855691
38770643.26703478 228.07432719849749
38837269.01349621 241.34523109118163
38909308.40333322 262.95288697203796
38981018.61131712 254.78504713725124
39054252.169505805 284.195186364479
39137389.37476078 240.9380971812643
39206042.404026106 265.3707047262578
39280408.607339285 259.23928210117447
39355698.79771668 236.8130599616561
39421719.21908272 231.87223205712507
39490131.056464516 237.49253816395503
39560269.223576814 250.23534024928813
39632141.66745255 259.2498963561957
39707047.97806509 262.10179025816615
39783512.7722014 253.30086122812645
39856489.52039538 247.64537545869825
39926917.623129606 286.8046458996396
40009672.8921145 231.87768725663773
40074334.25405103 247.98543457077176
40147191.00524543 249.832356378829
40221420.10955822 240.02981446505873
40291616.76738673 242.29935504590685
40360442.390380785 270.71191601923783
40435779.4031954 236.48869411443593
40506030.61060726 235.03572780874674
40571554.87798208 256.6526319316181
40645456.775732554 233.29283500480233
40714511.66473707 275.85427956101194
40791206.33186623 272.87651775924314
40871835.87825442 222.15840308915358
40934759.22229874 241.3473509436153
41003530.779596984 275.460053535091
41082955.055179365 234.74112754878297
41149196.44041244 282.562608960754
41230052.13788314 273.15136851322313
41308409.8175922 243.26033186382847
41380535.02068952 251.68135813546542
41452115.138636194 256.6843358274491
41528284.12921933 230.45070317975478
41597963.490132585 242.10967642406467
41666525.84741888 250.04404595812957
41738621.33911788 277.96094530209666
41819700.862106845 256.7442450969975
41894124.43355289 220.7518599491159
41957075.35551791 272.5334924763156
42033004.207856655 253.13158637896413
42102982.388750374 272.02627876585757
42182537.84340192 223.69860050269926
42247675.74045944 240.733773234002
42316955.46072919 219.6826213614695
42379752.444471374 242.56624031974934
42448874.043626525 239.1337289709627
42520595.18201452 236.438333885686
42587322.46412692 248.54517566140566
42661271.746368796 232.09798354664235
42726502.43019743 238.71994965457998
42798347.77017744 234.8173964190355
42865695.7702802 226.91224337580206
42933105.556020096 240.06409236826585
43004224.54385026 262.12338606468984
43082265.92057531 214.05371887027286
43140314.636849776 256.08604122450924
43212752.74534086 231.27310279356607
43279642.31938605 279.5570211958693
43361046.25790667 271.48828940151725
43438314.1263342 234.7831369471969
43501013.93557379 259.79742719620117
43579166.206336625 257.91917235923756
43651263.62887251 245.92116131568037
43720035.54375926 239.47415793490654
43791396.0181333 254.44459163269494
43868010.30309259 245.20890947480802
43941603.0291482 257.7771246216289
44019112.34231519 254.66740184798255
44091497.41772154 266.4472186756175
44170938.82578459 250.17109067036654
44241277.45170983 234.59203846170567
44310559.767048985 245.77311863166688
44383271.28098667 289.7532957315998
44462078.074089244 253.42578498259536
44538262.956645265 239.79741853114683
44607478.38443581 242.23624373684288
44678318.30425126 260.1508011128608
44754453.47683149 235.92054983164417
44825495.7386426 243.46133282381925
44891579.702487834 282.30640594798024
44976696.85138349 250.45052446944464
45045222.28892169 285.49303908368165
45129238.89935654 286.91673849802464
45208947.13092539 249.09418721101247
45277118.30350089 236.94754962685693
45347084.60485242 270.4249779834063
45422372.89941892 253.87146219871647
45494933.78435432 227.9027604724979
45566328.230924025 251.03595451940782
45635989.66977618 231.40554749606235
45701552.82137985 256.73087120630953
45775975.12491997 269.6910586916929
45853242.84941635 229.63752869077143
45921363.90904522 248.71396993711824
45992988.671862274 217.04256549401907
46053253.17588322 276.83084557908296
46134851.776703164 228.26582229950873
46201874.91862009 265.01581405648903
46281088.98939035 226.10205440646678
46346749.68047354 257.3480030891369
46422908.287656344 257.3306592806475
46494695.02695674 284.21673486173677
46572319.220320515 255.22232374823943
46647502.40008162 249.41726368707896
46720937.83982727 272.5177999668522
46796223.2266491 270.88357879803516
46874535.089726016 229.46536566449504
46941914.42376333 259.52729423689016
47016687.054131955 246.61174024925276
47090530.60145018 235.33529348488082
47155769.765317336 288.6941265236528
47239260.920319386 223.56583524119924
47300598.87749368 263.1324778508133
47377319.68101549 225.40153126568475
47444556.9873952 241.5161369669513
47512848.00066752 237.8910621376126
47585392.30605752 267.8049169991864
47660274.46088178 225.98635868687415
47724900.47194085 243.03050011322193
47797275.51210409 251.77610064802866
47871512.20246713 215.1712043955922
47934912.40539992 277.2795016183518
48015748.4421274 274.3496965265658
48095790.54909141 254.6351300337119
48168975.74110582 252.8234326793172
48239831.89631113 258.3995908022189
48317158.910403565 236.7608162626566
48384357.11356788 246.5761964394187
48453156.78315471 254.036878460116
48526223.5623675 245.26924349322508
48598572.60229367 246.3569627073157
48672533.2760096 200.68671252345666
48746233.88589422 264.5727630699257
48820981.590212375 236.12754154425056
48885970.75975015 268.4173475757416
48962976.78549389 250.2276359367097
49036578.94534996 217.03466835740255
49098800.51788118 254.68122454138938
49177597.832092136 240.27577978333284
49244845.104584575 276.1108492088679
49320401.17615056 273.3738340400014
49401700.438463 271.39534388959873
49479301.793316826 241.6621210059384
49545674.64805537 249.7887895538588
49621705.837944746 241.36514396108396
49689694.81308595 261.2389278104529
49760817.07916946 229.98802821012214
49827917.00274559 247.3312567371322
49900319.524207525 217.97470623612753
49964452.09496147 251.5427649270714
50035877.99776902 250.94126441780827
50109979.303741634 244.42897990297934
50180099.96485776 233.24665217867005
50248952.68037748 251.12367232852557
50322797.01312179 237.25199112581322
50389705.69831088 245.54149176373903
50458085.66295714 251.97941951562825
50533266.37942112 235.07310489546217
50603238.17150779 233.60148823450436
50671443.2514492 245.03299490286736
50743448.34861591 220.54283122200286
50811483.66477111 244.28281011739455
50881054.014694914 284.1729481284856
50961957.994042456 244.16244662555982
51033111.87891627 233.40653732355713
51099111.94473158 257.86543619827717
51170263.94611491 242.95756667292153
51241247.978922136 248.32050464765052
51314215.47306367 242.74557116990036
51384825.84933689 243.68380206663278
51456473.79448722 263.744563850385
51531027.29865484 231.94336899530026
51601485.73200165 226.91398745602055
51668643.38415877 259.94357624903205
51742818.550063014 235.69267541488807
51812388.628571756 230.63809528115962
51878733.842465065 227.97386143750919
51948932.66082609 252.280695513502
52018481.57600175 237.6734450215008
52087354.587072745 259.7671586346405
52163522.11959672 242.75743770507688
52233163.59548258 201.49812731612474
52303927.18997681 251.6399847392604
52377831.45948155 244.89631832792656
52447424.04816899 223.72838190903713
52516029.7434539 266.81273020144727
52590072.04957555 258.7998341760249
52666299.74452854 252.15165517825517
52741865.02275554 246.69921872259874
52809712.595795706 276.3477629902627
52890777.137556314 259.8331952190347
52970686.92428852 249.76435766329814
53041219.135790996 231.8239628138981
53108687.03967927 254.97216590182506
53183693.07115342 215.42256210756022
53247392.36089343 258.66496889307746
53319034.93273525 255.6681479186518
53396513.51109531 266.34421218447096
53471583.98968755 248.17562393218395
53539958.06378892 264.32944234077877
53620459.08091031 244.74304529023357
53690489.19907519 270.81134286534507
53765035.345047995 254.03739922046952
53839692.54881378 241.4203123592306
53913095.19661608 256.7758227684244
53984008.756687336 235.57886762522685
54052826.7271064 253.6738967214187
54123707.88970393 264.98176342873194
54197721.50832132 260.0187075377762
54276394.893318355 257.20365255358047
54351787.66347466 255.53695375702227
54427977.0042407 238.04447409334534
54497126.8254106 255.71963291567226
54567642.12625075 238.69036246623727
54633345.91411652 258.68247527493804
54707776.947834626 251.05252524737443
54783113.43567653 215.61751843936509
54844823.54414977 243.0916629506246
54914979.15351017 238.89362005637668
54983611.966713 255.13934526582307
55058043.55696018 275.7343826996221
55141690.6905537 246.80225269665243
55211947.64826942 227.77237923764915
55279540.97536467 247.25468225123768
55350285.32687172 233.9592514148535
55418117.3667668 266.75105535912735
55490599.90257959 273.0820698342286
55574149.445777655 248.17720880859997
55646399.71540013 226.69744187592005
55707356.5125225 203.68812156794593
55783500.65095704 276.37092105955526
55863621.678849645 222.11490755291015
55926135.176189736 261.40659840765875
55999453.50392429 255.58310200138658
56073585.229252346 243.19914637393958
56145901.6121761 229.74016388171003
56213552.520388626 244.6454380134819
56285336.41597154 251.52564637496835
56355055.44073042 274.182380458602
56433388.91887921 -184.5962584988447
56506124.90411448 273.56155646650586
56584257.80659097 -590.8004333551507
56656518.84180796 253.2778461836424
56730557.57332787 249.21803726031794
56806404.92471626 239.54255124733027
56874712.8288748 271.72189977540984
56951012.31201131 252.70196900512383
57019233.93449727 256.54382053783047
57096615.91979691 257.2058858923847
57170376.085522905 253.7477609537309
57240040.30864621 239.26821573764028
57311168.12998365 347.11807061347645
57386195.82747943 253.48648440091347
57456911.87935396 280.153045343337
57539271.73790348 256.3185770626733
57613083.14601337 240.29507108294638
57682319.954536945 264.2985944307002
57760313.00256043 228.69252643069194
57828547.71075962 253.15481565742812
57897344.120153844 250.47764704638394
57971840.96664394 279.07810401386814
58050866.676594354 261.2975870020455
58122228.44014376 264.78176489355974
58202283.66307784 245.2226918268716
58268680.656669535 253.68658265582053
58341278.825745516 249.92619335529162
58415738.823767915 262.19365490274504
58490089.29935749 255.1377815837768
58561541.47459699 248.95230865082704
58631229.51259045 270.32117932291294
58707636.42646139 241.50352879147977
58782142.39844946 256.2710852243472
58855419.73385516 249.53992916436982
58925272.32102291 223.74616324331146
58992817.09542815 237.21240379518713
59061847.07741025 241.61112345877336
59134873.46721333 261.2398991462542
59207895.34077894 238.58595215549576
59274160.32146801 229.51672151783714
59342630.782320224 275.8681389233243
59419694.63251035 249.46587666263804
59492282.492704205 229.46451535033702
59558406.41414337 232.70756989844085
59623419.25790623 236.37968569133955
59691397.20106847 239.21452084819612
59764120.416452706 309.9485980824102
59837009.861365244 268.90380141718197
59914676.04036105 257.3417323279573
59992178.65157472 238.9908491831011
60062040.40411215 261.20128089227364
60135227.17383408 252.89035851988592
60207906.82018335 226.7356782705756
60273810.56141952 231.52118258475093
60339422.20026841 271.4164841651218
60416250.47133861 274.31564259658626
60494035.30834271 274.3546809346444
60573207.03912171 275.15824083963525
60652938.95849854 236.64559767703759
60723605.496569045 252.92745857560658
60796937.809687085 265.47356082705664
60873577.56895893 249.37566577081452
60944017.55692177 257.2912523918785
61018667.77632238 254.2449260371941
61091290.75406321 273.13281420231215
61170529.68502635 250.51626814318297
61244099.322368495 216.47327229825896
61307313.9201888 256.34979449305683
61382521.61523643 252.04453766370716
61454448.951626964 278.27218442921003
61532704.56747841 278.4059069274954
61610227.802001126 253.2116431754257
61684912.68408121 251.9046194779512
61755491.54412953 267.55159832173376
61832997.61898826 237.92584540107055
61903968.48963222 261.2446068673162
61978925.91939089 260.8030044134066
62052644.74298747 268.86853649502154
62129892.89919304 270.45488221723645
62203792.730865 279.1557378004363
62281858.05334074 229.2060991183971
62350166.01501868 248.35548378477688
62424952.91679764 222.7270591345732
62487877.50656319 248.42457833551452
62557101.59477588 257.3411483488162
62629655.55493993 252.63793629550491
62701100.57442109 273.3442571811611
62775949.81981061 275.331756757907
62858940.751972534 235.36249604911427
62927115.36849594 276.1574795318593
63004233.74093264 249.05691857390048
63073950.5302853 249.65458265930647
63146512.10800655 262.16870062721136
63222318.44514834 232.13261776580475
63289351.484771006 237.29049472608312
63361113.57293103 267.78987913549645
63437188.63306262 261.2862895880098
63512986.352445945 262.94156137519167
63587866.933089145 238.8933611495886
63656817.22352569 240.6878787970636
63725896.055607274 281.20281055933447
63807867.74979241 224.8464240340545
63870262.442773454 237.0105662492424
63938657.99609198 238.28227262591827
64008236.730181426 256.72123401674617
64080922.26867526 251.0600575584249
64153565.8137194 245.782026149187
64226005.9695981 232.31118020508438
64289853.2411629 248.56222349777818
64366420.57922436 266.7466936925048
64440567.515557475 234.97721741435817
64506850.559999205 240.22916456435632
64575937.27605068 245.8163824975636
64648843.24401941 239.169188597647
64718113.25920714 257.0394679380697
64791391.77207923 242.7653213955782
64861888.4632105 236.5969469040574
64929520.23837954 257.7061901971756
65007485.60447953 225.5898523014912
65074425.70127406 245.41726874980668
65147769.499145634 241.59181300485216
65214971.892044626 253.78421641989553
65286111.2983617 231.9242174973624
65356938.89644956 233.86542194342474
65420218.733183034 254.92790042994602
65495563.12969053 235.9660672750615
65562002.26812997 262.0519424099766
65638378.12495691 279.17555429915956
65714327.43189828 295.61543997959234
65789632.72599727 230.5239118890895
65856326.63800036 255.088305515892
65928654.19268166 220.8508671974996
65992685.67120958 274.49744470466976
66072058.75446237 238.3180583128269
66142826.37019606 224.4280443983589
66208328.37834077 201.15705492639972
66268094.433781646 242.46749639022164
66335400.944437556 253.20526580425212
66410792.62193112 237.33762198749173
66482468.21492738 260.7361869233282
66554237.677519485 241.7615539770195
66622157.48361486 241.48542567317782
66689778.27770928 261.07324118235556
66763143.49752476 270.7959904508607
66840719.441334836 230.63068738953734
66908581.28183987 228.26215376022446
66974657.55892286 247.62458010164846
67046451.771659255 213.34417967367335
67109976.79369509 222.6071194230608
67178301.1270897 689.4342426215298
67245050.74011864 253.14828735803894
67316462.16545795 266.47706000132894
67392309.38510504 242.86567927019496
67458672.07931235 239.33637220345554
67532695.29873039 238.90855501854094
67600713.45549831 231.36854902043706
67669409.52472006 245.36579896209878
67740025.68282422 249.05001583718695
67813041.02184777 245.39299509194097
67882244.05122074 265.6803678518627
67959664.7725966 219.2465719065949
68022443.8872957 225.30587668118824
68084248.43861328 252.3761267214286
68158559.17146763 233.91125429920794
68225039.95621668 250.2170172945771
68298691.95086487 239.89014780009165
68364305.6276518 265.7081608866429
68442442.15124877 270.6301395788614
68523000.89430577 228.94804269431916
68586770.188888 246.1857257547963
68659865.90772058 243.7704053544585
68726956.4976772 140.6979778301902
68799563.6301684 241.8788309963711
68872507.83322674 243.6167775369977
68939086.92695229 239.6882696495304
69009377.6239815 256.3039191495045
69083473.48976623 233.27933392151317
69148036.32805198 249.5662193884491
69218690.07194453 249.97723293700255
69288111.73725252 257.07669827510836
69360084.59964417 259.67980622190225
69437885.48695862 263.3947538147622
69510427.73181745 251.47461515401665
69582039.32015091 258.1368261442549
69657991.16372214 258.1018565859995
69730003.70342235 242.71250295743084
69800447.7292384 224.693777844921
69863903.7364226 266.0025771087094
69937184.98529801 252.29493682528846
70012951.11382847 220.87296144591528
70074255.0262229 281.9798301971314
70155525.7768339 250.91670003758918
70230298.52295014 249.8016897986672
70302938.11267212 209.15606933110394
70370186.97177504 278.48904880949704
70451208.47791074 238.47145760885905
70514425.9793995 280.9252428191103
70593791.37771602 317.45810681115836
70664138.5049372 250.09419067304407
70734441.55543306 267.88899552660587
70814553.5823543 252.43172861990752
70888239.2036652 257.23850874583877
70963446.85440424 260.53906478272984
71038121.68287429 230.0710331620503
71107650.59605977 243.91213317141228
71177548.45117201 250.06059212727996
71249943.10654092 226.00417456442665
71315803.16079193 255.74314202538517
71388125.47849348 238.1327230175957
71455325.99849635 255.30982225389744
71532846.72834973 271.63891376243555
71608574.44839117 235.41619272183743
71676762.0029852 277.60343092169205
71756496.08789922 260.44732343641226
71831890.39237289 241.57482318941038
71900838.20217653 275.37134362733923
71966072.29492792 222.43395396202686
72032458.29125443 245.29254414472962
72101913.01163468 271.1320506111515
72180160.14479195 222.08788418758195
********************
0.3860787197231834
