-3234.711520499909 95.5769228430081
9648.876405344121 5.617977515518959
10093.702895881634 36.231883851247176
14306.686844922762 10.978017894677862
14344.93363479167 29.09183648251974
17815.859375499764 2.343749997746926
18233.58208318363 14.925372119690337
19895.65381896028 1.5384614508551238
19161.616082703775 20.20201926624759
21746.874898438902 31.249999461737502
24899.99999993055 -1.248423586730496e-10
24850.520833342867 1.04166666226061
24999.999999950145 4.8203219193965197e-11
24752.577552415827 5.15463667169638
25696.71051397233 19.736842114364435
27429.57746419932 7.042253518507607
28045.4545452479 12.987012989892605
28651.408366263277 12.676055062560692
29859.175258600415 1.0206185320611496
29999.999999775242 -6.481334935415362e-08
29136.363575309544 21.590908115042794
31455.999965913743 38.66666349326624
34871.304347781894 1.4347826142970916
34999.999999137326 -3.146725759961555e-07
34999.999999137326 -3.146725759961555e-07
34556.338052960906 12.676055983825904
35570.000051069466 19.999998768796786
37303.57142842721 8.9285712876042
38098.837136786926 11.627907073568394
39120.68965501733 10.34482758102655
39899.999998393396 -5.378077219120314e-07
39899.999998393396 -5.378077219120314e-07
39944.49494806325 1.0101009523896494
39999.999998385014 -5.418720547822886e-07
39999.999998385014 -5.418720547822886e-07
39597.01479229891 29.850746294511964
41639.78494600486 10.752688173865067
43040.789472845085 13.15789475517056
43786.44064178348 15.254237122882273
44938.15927051284 1.098900988720004
44999.9999976523 -7.33544283093579e-07
44999.9999976523 -7.33544283093579e-07
44752.55103483424 5.102040100418606
45933.333310510505 16.666666432170928
47255.26315778055 10.526315792773175
48235.95505509965 11.235955069935017
48999.99999708729 -8.695151052506844e-07
48999.99999708729 -8.695151052506844e-07
49250.5154628849 9.278350502727562
49899.99999695456 -8.985115584891901e-07
49899.99999695456 -8.985115584891901e-07
49899.99999695456 -8.985115584891901e-07
49899.99999695456 -8.985115584891901e-07
49851.0051034896 1.0102040024065673
49999.381889373304 0.011238203573356031
49999.9999969354 -9.017336708438961e-07
49999.9999969354 -9.017336708438961e-07
49999.9999969354 -9.017336708438961e-07
49999.9999969354 -9.017336708438961e-07
49999.9999969354 -9.017336708438961e-07
49999.9999969354 -9.017336708438961e-07
49656.56564551891 10.101010103154067
51168.6746994832 12.048192746819268
52228.65852956045 18.292682890807782
53874.5901556632 14.754098125611563
54850.7352957598 1.4705881339857
54999.999996252984 -1.055471557265264e-06
54999.999996252984 -1.055471557265264e-06
54999.999996252984 -1.055471557265264e-06
54999.999996252984 -1.055471557265264e-06
54999.999996252984 -1.055471557265264e-06
54883.92857403576 17.85714272742831
56555.88235264246 5.88235291607117
56709.49364058324 11.392405127821803
57494.09608706095 12.807691379698554
58999.35659965649 0.011494171892934446
58999.99999573319 -1.1711519505297474e-06
58922.61904673139 2.3809523859588353
59199.99999768859 8.108108114098854
59899.99999559065 -1.1959058952015766e-06
59899.99999559065 -1.1959058952015766e-06
59896.15382471089 1.538461980691011
59999.99999562573 -1.1988624919467838e-06
59999.99999562573 -1.1988624919467838e-06
59999.99999562573 -1.1988624919467838e-06
60109.999998435625 20.000000006579967
61999.999995375234 -1.2543644629658957e-06
61755.376344600285 10.75268811380215
62652.17391273893 11.594202891444752
63570.394762789285 10.52631406961757
64899.99999499265 -1.3321604797056352e-06
64850.92585511447 1.8518515503701565
64999.999995041595 -1.334881631009921e-06
64999.999995041595 -1.334881631009921e-06
64999.999995041595 -1.334881631009921e-06
64999.999995041595 -1.334881631009921e-06
64626.506024007125 12.048192768461718
66231.95876251213 10.309278357397716
66755.20833374065 10.416666668907624
67914.4927521855 1.4492753630744915
68295.65216233119 9.782608656225989
68999.99999457652 -1.4396304095498635e-06
68999.99999457652 -1.4396304095498635e-06
68777.7777775358 11.1111110948749
69899.99999448471 -1.4628769804403419e-06
69899.99999448471 -1.4628769804403419e-06
69899.99999448471 -1.4628769804403419e-06
69996.24985353286 0.059528616792135836
69999.99999448037 -1.4653420521426597e-06
69999.99999448037 -1.4653420521426597e-06
69999.99999448037 -1.4653420521426597e-06
69706.12244885854 9.183673475724959
71066.88310330304 12.987012990461835
71966.66666380163 13.33333332016025
72839.99999757468 4.705882361960789
73570.37036994379 7.407407413340593
74452.38095111336 6.349206361249458
74899.99999385864 -1.5891568523329624e-06
74899.99999385864 -1.5891568523329624e-06
74869.09089006863 1.8181818554203346
74999.9999939515 -1.5917181599434116e-06
74999.9999939515 -1.5917181599434116e-06
74999.9999939515 -1.5917181599434116e-06
74999.9999939515 -1.5917181599434116e-06
74999.9999939515 -1.5917181599434116e-06
74999.9999939515 -1.5917181599434116e-06
74852.77777718997 5.555555637703151
75563.55932047628 16.949152545919105
76752.7174149237 5.434782253644698
77382.35294333966 9.803921514141734
78709.23912016273 5.4347822363931755
78999.99999350072 -1.6902642983041005e-06
78752.97619832895 5.9523808499981214
79474.9998870264 6.2499996072654085
79899.99999340545 -1.711978597995767e-06
79899.99999340545 -1.711978597995767e-06
79875.25773480655 0.5154639303192425
79956.84928295594 0.6849316637906782
79999.99999336929 -1.7142907040579303e-06
79999.99999336929 -1.7142907040579303e-06
79999.99999336929 -1.7142907040579303e-06
79999.99999336929 -1.7142907040579303e-06
79999.99999336929 -1.7142907040579303e-06
79999.99999336929 -1.7142907040579303e-06
79999.99999336929 -1.7142907040579303e-06
79999.99999336929 -1.7142907040579303e-06
79507.3529561575 14.705881400832482
80879.41176470497 14.705882363556725
81740.44943531745 7.86516853113767
82696.29629199975 7.4074073530616715
83400.00000009565 20.00000000063187
84899.99999286156 -1.8310783502784034e-06
84936.43182408538 1.1363635795152618
84999.99999286186 -1.8332789295527618e-06
84999.99999286186 -1.8332789295527618e-06
84999.99999286186 -1.8332789295527618e-06
84999.99999286186 -1.8332789295527618e-06
84653.73134483524 11.940298516705298
85941.84782024297 1.0869561643474412
86104.6509751503 11.62790703927351
87126.7605633937 7.042253493365479
87505.43479107814 10.869565086841476
88999.99999250786 -1.9269691051704285e-06
88999.99999250786 -1.9269691051704285e-06
88999.99999250786 -1.9269691051704285e-06
88999.99999250786 -1.9269691051704285e-06
88755.5553545891 11.111111166975775
89899.9999924339 -1.947900159393612e-06
89880.85593086798 1.694915257482819
89999.99999239056 -1.9499861991789658e-06
89999.99999239056 -1.9499861991789658e-06
89999.99999239056 -1.9499861991789658e-06
89999.99999239056 -1.9499861991789658e-06
89605.47945272391 10.958904122821082
90624.99997564786 11.904761874961991
91753.42465664016 6.849315021154894
92742.42424152399 15.151515155782704
93774.99993865406 14.516128829119452
94943.01066873655 1.0752686219988163
94999.99999191175 -2.0641708715629647e-06
94999.99999191175 -2.0641708715629647e-06
94999.99999191175 -2.0641708715629647e-06
94999.99999191175 -2.0641708715629647e-06
94763.33334155174 13.333333031023358
95681.81815286963 18.181816948646087
96772.15185760983 11.39240514138055
97802.98508034798 5.97014913208659
98430.32779464009 8.196720902236166
98999.99999155775 -2.1542210220104607e-06
98999.99999155775 -2.1542210220104607e-06
98999.99999155775 -2.1542210220104607e-06
98833.08812702142 13.23529118008014
99899.99999147544 -2.173862355903111e-06
99899.99999147544 -2.173862355903111e-06
99923.8761400565 1.2500712967362233
99999.99999144526 -2.1758347088507435e-06
99999.99999144526 -2.1758347088507435e-06
99999.99999144526 -2.1758347088507435e-06
99999.99999144526 -2.1758347088507435e-06
99999.99999144526 -2.1758347088507435e-06
99510.10108701845 10.101009217759156
100915.3846162371 15.384615347323802
101557.89473637783 15.789473674080227
102515.87287899877 15.873014928712564
104181.81805054005 12.121211731663834
104999.9999910183 -2.2862785726829316e-06
104999.9999910183 -2.2862785726829316e-06
104999.9999910183 -2.2862785726829316e-06
104555.74713991921 11.494252520043801
105999.9999908916 -2.3081046265360783e-06
105521.73908989689 21.73912981481203
107508.3333508023 16.666665810556765
108802.63139881215 5.263157506794073
109576.31578702322 5.2631579542777445
109899.99999062078 -2.3925014147607726e-06
109927.64705642247 1.1764706515484704
109999.99999064957 -2.394597004240495e-06
109999.99999064957 -2.394597004240495e-06
109999.99999064957 -2.394597004240495e-06
109999.99999064957 -2.394597004240495e-06
109999.99999064957 -2.394597004240495e-06
109952.45901894428 14.754098268280131
111024.99999399608 16.666666711175594
112615.85365279799 12.195121976043197
113743.96551736686 15.517241348021003
114851.43403055651 1.8679230528618973
114999.99999022637 -2.5012329842866166e-06
114999.99999022637 -2.5012329842866166e-06
114999.99999022637 -2.5012329842866166e-06
114999.99999022637 -2.5012329842866166e-06
114583.58207693609 13.432835430404452
115574.99999585077 12.499999992173002
116898.55072054904 14.492753608883277
118082.9266493835 12.195121526163348
118999.9999898851 -2.5852929184111417e-06
118659.0909088343 13.636363660842676
119899.99998980598 -2.6042341687571025e-06
119899.99998980598 -2.6042341687571025e-06
119899.99998980598 -2.6042341687571025e-06
119925.12489695809 1.250000531164119
119999.99998976044 -2.606152065709466e-06
119999.99998976044 -2.606152065709466e-06
119999.99998976044 -2.606152065709466e-06
119999.99998976044 -2.606152065709466e-06
119703.70372339594 7.407407130096885
121006.18556757619 19.5876288565064
122840.90908472022 18.181818192086894
124865.74076756512 1.8518514641111778
124999.99998939957 -2.709573550419009e-06
124999.99998939957 -2.709573550419009e-06
124999.99998939957 -2.709573550419009e-06
124999.99998939957 -2.709573550419009e-06
124999.99998939957 -2.709573550419009e-06
124999.99998939957 -2.709573550419009e-06
124999.99998939957 -2.709573550419009e-06
124808.51063852257 4.255319166002778
125484.88371767646 11.627906971331868
126698.79518029769 12.04819282753067
127942.85714126205 14.285714263568366
128999.99999999933 -1.4222223398974165e-10
128999.99999999933 -1.4222223398974165e-10
129284.9999855588 9.999999753390739
129899.9999999959 -1.3710632629226893e-10
129899.9999999959 -1.3710632629226893e-10
129946.92259418804 1.0309277077031993
129999.99999999945 -1.4097167877480388e-10
129999.99999999945 -1.4097167877480388e-10
129555.6961998003 11.392405049136187
130063.82985498545 31.914892353228197
133596.02271126138 10.22727222674348
134851.36986364 1.3698627526200653
134999.999999999 -1.9883827917510644e-10
134999.999999999 -1.9883827917510644e-10
134999.999999999 -1.9883827917510644e-10
134999.999999999 -1.9883827917510644e-10
134999.999999999 -1.9883827917510644e-10
134250.0000008613 35.714285730931806
137895.16129202585 16.129032198276036
138752.63158809402 5.263157814709075
139544.4444373862 5.555555698529361
139899.99999999953 -9.470113582210615e-11
139851.26152698952 1.5230766630824064
140000.00000000256 -1.0334133548894897e-10
140000.00000000256 -1.0334133548894897e-10
140000.00000000256 -1.0334133548894897e-10
139380.95237416428 31.746031789531116
142314.7540977372 31.147540995112195
144850.53194978568 1.0638294916988116
145000.00000000157 -2.0622792362701148e-10
145000.00000000157 -2.0622792362701148e-10
145000.00000000157 -2.0622792362701148e-10
145000.00000000157 -2.0622792362701148e-10
145287.82258309884 32.258064505043194
147557.7586282128 15.51724124298812
149000.00000000562 -1.8985701899509877e-10
148569.56476133235 9.782607731925054
149899.99999999764 -1.892885848064907e-10
149899.99999999764 -1.892885848064907e-10
149899.99999999764 -1.892885848064907e-10
149899.99999999764 -1.892885848064907e-10
149853.45003942927 1.8999993984837147
149999.9999999982 -2.3430857254425064e-10
149999.9999999982 -2.3430857254425064e-10
149999.9999999982 -2.3430857254425064e-10
149999.9999999982 -2.3430857254425064e-10
149999.9999999982 -2.3430857254425064e-10
149999.9999999982 -2.3430857254425064e-10
149999.9999999982 -2.3430857254425064e-10
149017.1583330668 33.316666678277215
152952.9999993993 22.000000045743263
154851.00000155214 1.9999997162229874
154999.9999999918 -2.2680524125462398e-10
154999.9999999918 -2.2680524125462398e-10
155194.76726142046 29.06976662779357
158613.6363568193 7.575757414158943
158857.4999946742 14.99999945821196
159899.99999999834 -2.9456259653670713e-10
159899.99999999834 -2.9456259653670713e-10
159865.24074975087 1.8518514856040156
159999.99999999886 -1.3710632629226893e-10
159999.99999999886 -1.3710632629226893e-10
159999.99999999886 -1.3710632629226893e-10
159513.69840603194 13.698629055625588
160242.857024148 28.571428063810117
163936.20689165016 14.94252884468574
164946.92261222596 1.0309285068351528
164999.99999999607 -1.5995738067431375e-10
164999.99999999607 -1.5995738067431375e-10
164999.99999999607 -1.5995738067431375e-10
164223.52941161502 23.529411771674404
166560.52631587387 21.052631578798582
169000.0000000015 -8.026290743146092e-11
168752.9759151178 5.9523796266787485
169626.19047192862 4.761904531236951
169900.00000000233 -2.354454409214668e-10
169900.00000000233 -2.354454409214668e-10
169923.5506356643 1.265822763569986
169999.99999999907 -2.01339389604982e-10
169726.1193026318 29.850745846862765
172943.33333028038 26.666666685981
174899.99999999948 -1.042508301907219e-10
174915.5405402575 1.3513513460768536
175000.00000000888 -2.808064891723916e-10
175000.00000000888 -2.808064891723916e-10
175000.00000000888 -2.808064891723916e-10
175000.00000000888 -2.808064891723916e-10
175000.00000000888 -2.808064891723916e-10
174893.17391297617 2.347825955767121
175447.99999676744 35.69230768362854
178675.2873414674 5.747126065545444
178688.06812339704 10.22727274695444
179899.99999999916 -1.0936673788819462e-10
179899.99999999916 -1.0936673788819462e-10
179899.99999999916 -1.0936673788819462e-10
179858.73743169993 0.9595949071194809
179999.24339796818 0.012685377894172234
179999.9999999952 -4.0245140553452075e-11
179999.9999999952 -4.0245140553452075e-11
179901.0101249301 2.0202017177826974
181006.60375794873 18.86792450176881
183515.42553232133 20.21276599014027
184900.0000000064 -3.029754225281067e-10
184932.94122269034 1.176471046172196
184999.99999999878 -3.121840563835576e-10
184999.99999999878 -3.121840563835576e-10
184999.99999999878 -3.121840563835576e-10
184404.51883772953 34.50943393941566
188029.41149367302 14.705881295989684
189000.0000000005 -7.639755494892597e-11
188693.7496279928 12.49999920817504
189899.99999999805 -1.3039880286669359e-10
189899.99999999805 -1.3039880286669359e-10
189853.02785737594 1.0555562913738186
189999.27605692227 0.012210470174977672
189999.99999999112 -1.397211235598661e-10
189439.02438894636 24.39024389568931
192007.69230724944 38.461538473778546
194999.99999999985 -2.0600054995156825e-10
194999.99999999985 -2.0600054995156825e-10
194999.99999999985 -2.0600054995156825e-10
194706.5230450097 17.39128932998301
196880.68174222045 11.36363672408902
197942.0289950942 14.492753321913142
199000.0000000042 -1.716671249596402e-10
199000.0000000042 -1.716671249596402e-10
198673.91303923764 13.043478478522275
199899.9999999958 -2.098659024341032e-10
199899.9999999958 -2.098659024341032e-10
199899.9999999958 -2.098659024341032e-10
199899.9999999958 -2.098659024341032e-10
199899.9999999958 -2.098659024341032e-10
199899.9999999958 -2.098659024341032e-10
199899.9999999958 -2.098659024341032e-10
199875.52038539934 1.6530606983865255
200000.00000001278 -1.63140612130519e-10
200000.00000001278 -1.63140612130519e-10
200000.00000001278 -1.63140612130519e-10
200000.00000001278 -1.63140612130519e-10
199442.52941444574 72.0588234969232
203943.75002488605 21.874999431292736
207778.94712575464 21.052628852032058
209479.38144317732 8.24742235018266
209900.0000000058 -2.269189280923456e-10
209916.83332216952 1.3333329180725286
210000.00000000198 -3.5061020753346384e-10
210000.00000000198 -3.5061020753346384e-10
208711.11109026647 40.27777770497096
214141.57303336906 11.235955104406912
214854.40203195 1.9607835573037846
215000.00000000824 -4.049525159643963e-10
215000.00000000824 -4.049525159643963e-10
214555.11362804958 10.22727266294396
215634.61538468438 38.46153846872426
218851.5022385156 3.0303615798202372
219565.26314671352 6.315789458754352
219900.0000000036 -3.283275873400271e-10
219900.0000000036 -3.283275873400271e-10
219853.05154737932 1.0206183078244067
219999.36387548535 0.0117599867746776
220000.00000000006 -2.262368070660159e-10
218723.404253663 31.914893543193102
222949.99999863858 21.428571444384488
224900.0000000057 -2.3146640160121024e-10
224900.0000000057 -2.3146640160121024e-10
224853.46952399568 1.9387734694751089
225000.00000000157 -3.497007128316909e-10
225000.00000000157 -3.497007128316909e-10
225000.00000000157 -3.497007128316909e-10
225000.00000000157 -3.497007128316909e-10
225000.00000000157 -3.497007128316909e-10
225000.00000000157 -3.497007128316909e-10
225000.00000000157 -3.497007128316909e-10
225000.00000000157 -3.497007128316909e-10
225000.00000000157 -3.497007128316909e-10
224178.57130147773 35.71428495632972
228424.73090639224 10.752687114401397
228999.99999998894 -8.913048077374697e-11
228628.94726116885 15.789473705124692
229900.0000000001 -2.4215296434704214e-10
229900.0000000001 -2.4215296434704214e-10
229900.0000000001 -2.4215296434704214e-10
229850.99820472734 1.0104854291566312
229999.99999999473 -2.8398972062859684e-10
229999.99999999473 -2.8398972062859684e-10
229280.38888799047 27.777777769442537
231373.86363192837 32.95454547360123
234900.0000000096 -1.6984813555609435e-10
234889.01616498383 1.6129036611823722
234999.99999998967 -1.9986146071460098e-10
234304.68722200624 15.624998310007413
236678.2608699794 21.73913039465492
238999.99999999258 -6.068603397579864e-10
238554.63919556013 9.278350212568967
239899.99999998644 -2.510205376893282e-10
239899.99999998644 -2.510205376893282e-10
239899.99999998644 -2.510205376893282e-10
239899.99999998644 -2.510205376893282e-10
239851.2388026127 1.4776118560787381
239998.58863546385 0.011613313046382245
239999.99999999243 -1.0095391189679503e-10
239999.99999999243 -1.0095391189679503e-10
238607.14273476205 55.71428587295577
244429.59180785142 10.204081183722565
245000.00000000634 -2.326032699784264e-10
244901.08680783812 2.1739133022190344
244673.2558252777 48.83720901582319
248922.43593080822 1.282049935694431
249000.00000000148 -5.322817742126063e-10
248802.1505801026 4.30107376471733
249293.61703756527 7.978723208755582
249900.00000000087 -4.870344127994031e-10
249900.00000000087 -4.870344127994031e-10
249900.00000000087 -4.870344127994031e-10
249900.00000000087 -4.870344127994031e-10
249900.00000000087 -4.870344127994031e-10
249900.00000000087 -4.870344127994031e-10
249900.00000000087 -4.870344127994031e-10
249900.00000000087 -4.870344127994031e-10
249890.68305799275 1.408450359189601
249999.99999999523 1.6302692529279739e-10
249999.99999999523 1.6302692529279739e-10
249999.99999999523 1.6302692529279739e-10
249999.99999999523 1.6302692529279739e-10
249999.99999999523 1.6302692529279739e-10
249999.99999999523 1.6302692529279739e-10
249999.99999999523 1.6302692529279739e-10
248783.33333102454 33.33333331288077
253792.10526192767 21.052631674027907
253567.53246695976 51.94805193849879
259000.00000000309 -3.192326403222978e-10
259217.4775282755 10.112359257300795
259900.00000000757 -2.3737811716273427e-10
259900.00000000757 -2.3737811716273427e-10
259900.00000000757 -2.3737811716273427e-10
259900.00000000757 -2.3737811716273427e-10
259889.0161459768 1.6129032968890442
259999.99999999418 -1.2755663192365319e-10
258080.0000003449 63.99999996768929
264916.8333569925 1.3333340912347467
264999.9999999912 -3.667537384899333e-10
264999.9999999912 -3.667537384899333e-10
264999.9999999912 -3.667537384899333e-10
264032.6087326933 32.608695132065805
268329.4117827315 11.764705824899465
269000.0000000075 -1.9485923985484987e-10
269000.0000000075 -1.9485923985484987e-10
269162.6504279088 10.843373021011303
269900.0000000053 -9.458744898438454e-11
269900.0000000053 -9.458744898438454e-11
269900.0000000053 -9.458744898438454e-11
269900.0000000053 -9.458744898438454e-11
269878.66669830354 1.6666657919658974
270000.00000000664 -4.906723916064948e-10
268768.42105309915 41.052631579024364
274001.25000018073 12.500000084419753
274900.0000000168 -3.951754479203373e-10
274914.3647801336 1.3513528976316138
274999.99999999313 -4.160938260611147e-11
274999.99999999313 -4.160938260611147e-11
274999.99999999313 -4.160938260611147e-11
274999.99999999313 -4.160938260611147e-11
274999.99999999313 -4.160938260611147e-11
273593.74969629647 62.49999875900676
278999.99999999657 -2.5693225325085223e-10
278999.99999999657 -2.5693225325085223e-10
279167.5722944886 10.843373275373324
279899.9999999923 -2.589786163298413e-10
279899.9999999923 -2.589786163298413e-10
279899.9999999923 -2.589786163298413e-10
279934.5577151055 1.1494241425036762
280000.00000000856 -3.469722287263721e-10
281635.55455705564 56.16853620386746
284999.3150114997 0.011878188869104633
284999.99999998923 -3.3924152376130223e-10
284999.99999998923 -3.3924152376130223e-10
283742.18750016805 36.45833332217944
288742.346914292 5.102040611028542
289000.00000000524 -2.034994395216927e-10
288904.54549510806 13.636362927695245
289900.00000000297 -4.001776687800884e-10
289900.00000000297 -4.001776687800884e-10
289900.00000000297 -4.001776687800884e-10
289852.17810960556 1.6779630473067755
289999.9999999908 -4.0540726331528276e-10
288467.97681440006 55.056176412872446
294853.1783788793 1.357143597081631
294999.5730366932 0.010489440125184046
294999.9999999717 -5.238689482212067e-10
294999.9999999717 -5.238689482212067e-10
294999.9999999717 -5.238689482212067e-10
295662.79069703445 46.511627898389634
298999.9999999914 -4.113189788768068e-10
298999.9999999914 -4.113189788768068e-10
298999.9999999914 -4.113189788768068e-10
298999.9999999914 -4.113189788768068e-10
298795.7692308082 4.538461511509695
299389.2857400706 7.1428570030268475
299900.000000005 -2.6125235308427364e-10
299900.000000005 -2.6125235308427364e-10
299900.000000005 -2.6125235308427364e-10
299900.000000005 -2.6125235308427364e-10
299900.000000005 -2.6125235308427364e-10
299900.000000005 -2.6125235308427364e-10
299900.000000005 -2.6125235308427364e-10
299900.000000005 -2.6125235308427364e-10
299900.000000005 -2.6125235308427364e-10
299860.9130371478 1.2608696102336125
299993.28636564116 0.10112378193980476
299998.54762054706 0.01875059621966102
300000.0000000031 -5.206857167650014e-10
300000.0000000031 -5.206857167650014e-10
300000.0000000031 -5.206857167650014e-10
300000.0000000031 -5.206857167650014e-10
298905.494486099 26.373626290086122
303045.26581856475 31.645569619886373
304250.7462682997 59.70149254683065
309343.82023234264 10.11235910778646
309851.02660461573 1.0531913009378968
309999.3003935492 0.012047323201159088
308719.99998936115 53.33333325465446
314315.5914345329 10.752687825436169
315000.00000001554 -4.495177563512698e-10
314046.51163022825 46.51162790704211
318999.99999999814 -2.4647306418046355e-10
319187.9745067415 11.39240454087394
319900.0000000041 -2.7284841053187847e-10
319900.0000000041 -2.7284841053187847e-10
319889.01627497753 1.612901040596853
318081.6325029905 40.816323447622835
324341.2087446236 9.890109698377728
324899.99999999977 -3.014974936377257e-10
324851.00002952974 0.9999992832333646
324999.3704566263 0.01449868181043712
325000.0000000098 -2.2919266484677792e-10
325000.0000000098 -2.2919266484677792e-10
325000.0000000098 -2.2919266484677792e-10
325000.0000000098 -2.2919266484677792e-10
324196.9072160129 19.58762852604059
327916.6666663872 20.833333358320942
328559.09094315907 9.090908853987003
329899.9999999914 -2.3101165425032377e-10
329899.9999999914 -2.3101165425032377e-10
329899.9999999914 -2.3101165425032377e-10
329851.3114458928 1.6229530033774608
329999.9999999809 -3.540208126651123e-10
328233.7209317078 56.97674422734008
334851.3839385066 1.7678567240895973
334999.999999992 -1.0459189070388675e-11
334999.999999992 -1.0459189070388675e-11
336714.285698246 40.816326467121144
338858.59363317624 14.06249974297134
339900.00000001135 -1.7075763025786728e-10
339900.00000001135 -1.7075763025786728e-10
339851.26153714635 1.5230769691452224
339999.9999999877 -1.2892087397631258e-10
338546.6101664337 83.05084748889703
344931.5476285895 1.1904763410814212
344342.168673754 31.325301117505205
348179.7979810238 14.14141416075654
349000.000000012 -3.128661774098873e-10
349049.9999948474 12.500000146543698
349900.0000000028 -3.453806129982695e-10
349900.0000000028 -3.453806129982695e-10
349900.0000000028 -3.453806129982695e-10
349900.0000000028 -3.453806129982695e-10
349900.0000000028 -3.453806129982695e-10
349900.0000000028 -3.453806129982695e-10
349857.0454870773 1.363634862494564
349993.91206316766 0.10868589119581884
349999.99999999907 -2.7762325771618634e-10
349999.99999999907 -2.7762325771618634e-10
349999.99999999907 -2.7762325771618634e-10
349999.99999999907 -2.7762325771618634e-10
349999.99999999907 -2.7762325771618634e-10
349999.99999999907 -2.7762325771618634e-10
350942.3076926847 62.82051280238102
354999.4949043517 0.010153751473580996
354923.64864400495 41.89189180603398
358752.631317672 5.263157092918618
359612.6436451075 4.597701370751338
359899.99999998044 -1.0686562745831907e-10
359941.348175769 1.0869561281972437
361657.5258779334 52.68816925607052
364999.31244396983 0.011926179886359023
364999.9999999937 -2.760316419880837e-10
364999.9999999937 -2.760316419880837e-10
363774.5098021443 49.01960775271709
368999.99999999657 -2.4942892196122557e-10
368806.0344965286 15.51724147296045
369899.999999996 -2.887645678129047e-10
369899.999999996 -2.887645678129047e-10
367588.8888907642 55.555555520057624
374900.0000000128 -3.1241143005900085e-10
374909.77393627167 1.3698647858293498
374999.99999997846 -2.1327650756575167e-10
374999.99999997846 -2.1327650756575167e-10
374999.99999997846 -2.1327650756575167e-10
374999.99999997846 -2.1327650756575167e-10
374999.99999997846 -2.1327650756575167e-10
374015.62403843255 31.249998260244865
378322.0338759096 16.949152681372652
379900.0000000084 -2.3010215954855084e-10
379900.0000000084 -2.3010215954855084e-10
379855.5921138675 1.1842045607747878
379998.95140501665 0.014008202226023059
378206.060602922 48.48484846303381
384849.3975799181 1.204822437363191
385000.0000000097 -1.4179022400639951e-09
385000.0000000097 -1.4179022400639951e-09
385000.0000000097 -1.4179022400639951e-09
385000.0000000097 -1.4179022400639951e-09
384374.99931798276 32.608695570787404
388249.99998960004 12.499999811730504
389064.28578189656 12.857139685769198
389899.99999999156 -3.3878677641041577e-10
389899.99999999156 -3.3878677641041577e-10
389942.5105892797 1.0752700588009247
389999.9999999947 -3.246896085329354e-10
391079.3064410983 53.75268820596466
394999.01520588476 0.011221897911582346
395000.0000000112 -9.163159120362252e-11
395000.0000000112 -9.163159120362252e-11
395000.0000000112 -9.163159120362252e-11
394535.9507096792 13.450703987159159
396022.2891537581 36.14457815947435
398999.9999999784 -4.690718924393877e-10
398999.9999999784 -4.690718924393877e-10
398999.9999999784 -4.690718924393877e-10
398999.9999999784 -4.690718924393877e-10
398999.9999999784 -4.690718924393877e-10
398999.9999999784 -4.690718924393877e-10
399140.9638544962 10.843374066193519
399900.0000000201 -3.624336386565119e-10
399900.0000000201 -3.624336386565119e-10
399900.0000000201 -3.624336386565119e-10
399900.0000000201 -3.624336386565119e-10
399900.0000000201 -3.624336386565119e-10
399900.0000000201 -3.624336386565119e-10
399889.23921188904 1.4347828666577698
399999.48974618415 0.01051918344569458
399999.9999999854 -5.020410753786564e-10
400911.53845419496 64.1025642284767
406631.8157888026 52.52631578550154
407566.3983150335 52.79569349491612
414923.5503430708 1.2658227966057893
413373.3332890572 53.333334980069594
418554.5916480652 9.183674371844972
419899.9999999836 -1.7826096154749393e-10
419851.02104946447 1.0421059219979725
419999.9999999849 -4.702087608166039e-10
418925.97701116314 45.97701151588353
424417.1874079775 9.375000271797035
424988.3838744344 0.2323167697950339
425000.0000000044 -7.512426236644387e-10
425000.0000000044 -7.512426236644387e-10
425000.0000000044 -7.512426236644387e-10
425000.0000000044 -7.512426236644387e-10
424965.7534037685 54.79452071944661
429250.56816195464 10.227272976066615
429900.0000000019 -4.092726157978177e-10
427508.13957310433 58.139532123167555
434944.14875017223 1.063827359439074
433922.6594575245 42.55319090497096
438753.37819923856 6.756757189695236
439662.6373575153 4.395604378338703
439899.9999999976 -3.665263648144901e-10
439850.70411755604 1.40844839541478
438680.1587141193 79.36507946370511
444588.97052848217 10.588235391754097
447305.6850549154 31.958761093640987
448999.99999998714 -9.822542779147625e-11
449280.318181987 9.090909716896022
449899.9999999903 -3.5424818634055555e-10
449899.9999999903 -3.5424818634055555e-10
449851.35325049673 1.7068934375197387
449999.9999999919 -3.80168785341084e-10
449999.9999999919 -3.80168785341084e-10
449999.9999999919 -3.80168785341084e-10
449999.9999999919 -3.80168785341084e-10
446718.749675049 93.74999783275325
459013.43239552167 13.432834900175749
459899.9999999894 -5.943547876086086e-10
459851.1976077859 1.3943797338997683
460470.83332621335 69.44444403798389
464999.99999998056 -4.5929482439532876e-10
463227.8479336715 50.63291094172155
468744.89273649635 16.071430539315315
469899.9999999953 -4.743014869745821e-10
467987.85628361074 58.57142527113592
474576.3152643383 5.263161452991881
474851.273412649 1.5468764886009012
475000.000000012 -2.2873791749589145e-10
475000.000000012 -2.2873791749589145e-10
475000.000000012 -2.2873791749589145e-10
474901.09880878817 2.197801640687885
474816.6662010465 51.666667222370506
478561.39230760885 11.392405584866992
479899.99999999016 -6.562004273291677e-10
477778.9473848036 65.78947345442884
483099.9994985961 49.99999503078561
489436.22447767336 9.183673004846696
489900.00000000006 -4.824869392905384e-10
489900.00000000006 -4.824869392905384e-10
489850.847457235 1.6949144724617327
489816.6666344383 66.66666660037981
495000.00000001094 -2.269189280923456e-10
495000.00000001094 -2.269189280923456e-10
495000.00000001094 -2.269189280923456e-10
494380.43478035263 56.52173899707077
498948.46962622216 1.0204102447810328
499000.0000000008 -2.269189280923456e-10
499000.0000000008 -2.269189280923456e-10
498752.63156220026 5.263157324831809
499671.42832991836 4.081637214665079
499899.99999998 -9.272298484575003e-10
499899.99999998 -9.272298484575003e-10
499899.99999998 -9.272298484575003e-10
499899.99999998 -9.272298484575003e-10
499857.92534805834 1.6500018978604203
499999.99999999604 -2.773958840407431e-10
499999.99999999604 -2.773958840407431e-10
499999.99999999604 -2.773958840407431e-10
499782.08954756014 162.68656721066418
513009.3327193795 54.6666646822996
519899.9999999823 -6.302798283286393e-10
517724.9992899908 49.999995007815414
524697.9799319346 4.040410041008727
524851.2070240789 1.4142817606712015
524999.7586324173 0.009818283143431472
525000.0000000047 -5.143192538525909e-10
525000.0000000047 -5.143192538525909e-10
525000.0000000047 -5.143192538525909e-10
525000.0000000047 -5.143192538525909e-10
523994.1176475769 47.05882367310505
528590.425528073 9.308506925922757
529850.561737383 1.1235937935198308
531891.4890860567 53.19148823283831
538557.1428726079 14.285713270117867
539851.5156176866 1.5151558583120277
539999.9999999668 -6.45741238258779e-10
541804.8376068473 53.76342735196795
543784.2466918841 34.246572778069094
549000.0000000222 -2.0827428670600057e-10
548613.4610459016 11.53846300377927
549899.9999999577 -4.4656189857050776e-10
549899.9999999577 -4.4656189857050776e-10
549899.9999999577 -4.4656189857050776e-10
549874.9394390893 1.7543854995933543
550000.0000000044 -7.453309081029147e-10
550000.0000000044 -7.453309081029147e-10
550000.0000000044 -7.453309081029147e-10
547493.9759038228 96.38554224210839
558556.081056383 12.16216118610555
559850.861994558 1.7241398691749055
560501.9480548613 64.9350647862966
563098.7654295951 49.38271270369387
568555.4216948452 10.843372769784764
568252.7775100939 72.22222291844082
574886.8849581432 1.6393631736482348
574999.9999999758 -6.552909326273948e-10
574999.9999999758 -6.552909326273948e-10
573068.1818209653 45.45454550272825
579412.5000098492 9.374998533269718
577834.6153810008 76.92307693104067
585000.0000000183 -5.707079253625125e-10
586394.084995173 52.68816178785073
587790.3061146351 52.04081655401569
595000.0000000099 -1.1968950275331736e-09
593568.1818175918 34.0909091241665
598202.5314581346 12.658227574368993
599000.0000000211 1.2460077414289117e-10
599000.0000000211 1.2460077414289117e-10
598592.8571286484 14.285713793111427
599899.9999999842 -4.206412995699793e-10
599899.9999999842 -4.206412995699793e-10
599899.9999999842 -4.206412995699793e-10
599853.3632956172 1.7272802297702583
600000.000000022 7.321432349272072e-11
595867.3442120765 91.83672605615902
607836.904763498 59.523809589458324
614634.7858058144 7.607761070056313
617492.8251744835 43.489780784831964
617674.5758158168 83.05084395525773
624931.5474908494 1.1904780086611026
624999.999999983 9.686118573881686e-11
623063.4911415463 63.49205897453976
629201.9227624143 11.538458660138076
628525.757572991 30.30303069583806
633432.5856443028 44.94380268359873
638557.8946957521 15.789473472631016
637857.1428498706 79.36507947259179
646012.3454826209 49.382710791614045
649000.0000000112 -7.630660547874868e-10
649260.7954793922 10.227272199806066
649900.0000000129 -6.980371836107224e-10
649926.6608470712 1.2345685875197887
649999.9999999868 -1.5506884665228426e-10
649999.9999999868 -1.5506884665228426e-10
649999.9999999868 -1.5506884665228426e-10
652947.736828282 103.21052586883525
657658.333315594 52.08333334191502
663323.5294106608 98.03921570894727
674569.401033276 6.619069009827399
675000.0000000065 -1.6279955161735415e-10
672863.371329203 56.976743325288226
678014.6906781634 56.0958878628835
683373.0769134981 52.564102489273864
689026.4708969659 13.235293635199469
687482.2582271018 54.83870778900928
695000.0000000047 -2.496562956366688e-10
695000.0000000047 -2.496562956366688e-10
694973.3259941834 53.33401658854109
699000.0000000481 -1.367880031466484e-09
699000.0000000481 -1.367880031466484e-09
698582.7255749358 16.363708681479693
699899.9999999895 -2.255546860396862e-10
699899.9999999895 -2.255546860396862e-10
699851.2506913086 1.499999553982434
699999.4705181968 0.012300929846787767
699696.3235066691 145.58823461203883
712817.0727465946 97.56097369937743
717822.2222028308 90.74074073318207
724999.9999999686 -4.920366336591542e-10
723054.7938911342 54.794515528376905
729543.476815647 130.4347800091764
736806.817776846 68.18181804446976
743531.2499900758 62.5000000665932
748559.6771612882 9.677418816822865
749899.9999999976 -8.567440090700984e-10
749880.0074003105 1.6949223075553164
749999.9999999785 2.1191226551309228e-10
749999.9999999785 2.1191226551309228e-10
751367.7831298709 120.46987968803205
756069.485902933 126.77464777492423
766719.1120111588 89.53731209639227
777204.3966018369 34.48275794847177
778283.3333008628 66.66666692579747
783345.65213492 44.565217494954595
786887.0967734676 96.77419340961296
796505.6178443527 44.94381847665318
798999.9999999268 6.821210263296962e-12
798563.6361382464 13.636362379096681
799899.9999999459 -3.36058292305097e-10
799899.9999999459 -3.36058292305097e-10
799918.2796116131 1.2987211663762537
799236.9366166858 211.2676055851225
816249.750003167 84.35714285333233
824944.1490892248 1.0638321886035556
824715.3082009176 67.12328743383205
827949.2303399724 78.46154727337307
836744.8979454064 102.04081605051215
846097.559753596 48.78048498499902
849676.5951141311 4.2553178937578195
849936.9442152468 1.1111182816348446
850000.0000000326 -2.53749021794647e-10
849773.384617471 183.42307690179132
863863.3332469912 74.16666660373176
871910.112387749 56.17977420384614
873557.3611114714 44.388888400773794
878551.3732981903 12.746476400090614
877924.7553501917 44.51086344136638
883061.3103339218 119.6551725521158
894078.877481672 15.612243954305086
893078.4314257813 78.43137228101568
899080.1369674578 12.328766371618258
899853.2544501384 1.507928840545901
897319.8823350057 70.52941186737462
911131.607134816 193.92857148038456
921755.3159259118 106.38301171054354
937586.2068831801 160.91954016403906
948557.6274143696 15.254233090349771
950000.0000000313 -8.185452315956354e-11
945284.9871740583 192.4494390931468
969940.545441995 79.51515151751119
973079.7297238526 66.2162153982681
977555.6334747786 140.84506977883757
990833.3333137055 66.66666613825419
993074.9999898805 49.99999992219273
999397.3684330037 10.526317434033444
997177.4193479392 403.2258063592053
1038794.1176457698 305.8823529729907
1082312.4999883603 260.4166666263827
1100000.0000000058 -7.075868779793382e-10
1112305.1923580999 389.61035959883156
1149999.99999998 -7.748894859105349e-10
1142796.6101863007 423.7288133768416
1182158.149605833 270.65216363481886
1200000.0000000019 -6.557456799782813e-10
1200000.0000000019 -6.557456799782813e-10
1199398.6364449738 12.272723907752152
1211655.6314838098 467.28906498748984
1249221.6048336502 12.345675435878547
1250000.0000000144 -1.5525074559263885e-09
1239552.459019519 572.1311475777602
1291715.1163011391 58.139526565979395
1294766.6666992512 66.6666666722449
1299904.8617091677 1.4084416932246313
1306181.318508501 549.450548374738
1338571.4285521067 380.95238091935244
1384845.3608314411 82.47422684831872
1390289.8548245227 72.46377540156573
1395150.6847750815 68.49315358514468
1404615.384064137 641.025634308633
1438818.1817088511 681.8181805332242
1493098.0263117435 64.47368498393917
1499999.9999999688 -2.2646418074145913e-10
1499999.9999999688 -2.2646418074145913e-10
1481565.216294545 695.6521668399837
1546993.244335112 608.1080537972703
1596410.1123120717 56.17977498496839
1611609.1954114086 977.0114935179954
1688469.387753441 153.06122470217997
1704507.9512247012 609.7560973542604
1763110.2150480484 536.5591398761098
1797924.516131772 44.03225912736889
1810547.651848237 738.5384525854497
1870339.5061732256 679.0123463493328
1949191.5202541333 675.6081084549696
1956122.4489624493 1020.408161248648
2072687.4999378803 1187.500000875145
2177495.3608311643 714.4329902560567
2234660.4938245937 1543.2098768207143
2428055.555546884 1111.1111107006
2452380.95366536 1190.4761664570105
2614843.7500110343 781.2499993172823
2714335.164726226 1648.3516479574391
2834722.222736416 925.9259199022927
2958550.5435022376 542.3913061855237
2917617.1875035875 2084.3749999744323
3175724.6354502514 724.6376447183793
3204241.071424452 3482.1428572297154
3416874.997943306 2968.7499674057763
3742857.142824097 2040.8163268561402
3812499.9998497 5000.0000026073685
4346515.151516278 6212.121211807287
4778535.406329275 3535.352968797786
5200053.191432723 21170.21276213962
7362698.406896876 31746.03172570496
10096130.136516446 47876.71233438875
5652.418154358864 160.0245173573494
