0.9999999999995468 2.400857290751901e-15
1.5026455057568227 0.005291005291158779
2.503704506377986 0.007407401431560934
3.7386363869261694 0.007575757333398547
5.3289473752867 0.005263157890598058
6.5024038510672355 0.004807692238966932
8.000000000000346 9.558326352632207e-15
8.408450714009543 0.004694835157167732
8.503426196367299 0.006849304447214988
9.999999999999766 -4.073130721593543e-15
9.999999999999766 -4.073130721593543e-15
9.999999999999766 -4.073130721593543e-15
9.999999999999766 -4.073130721593543e-15
9.999999999999766 -4.073130721593543e-15
9.504000324787896 0.007999997368232092
10.999999999999917 -9.922618282587337e-16
10.999999999999917 -9.922618282587337e-16
10.999999999999917 -9.922618282587337e-16
10.999999999999917 -9.922618282587337e-16
10.874125881094882 0.006993006910008481
12.000000000000062 -1.3322676295501878e-15
12.000000000000062 -1.3322676295501878e-15
12.000000000000062 -1.3322676295501878e-15
11.502976258974154 0.005952380520569678
13.00000000045008 -2.8275617958151145e-11
13.00000000045008 -2.8275617958151145e-11
13.00000000045008 -2.8275617958151145e-11
12.669291295129034 0.007874015818170266
14.000000000437199 -2.9114988198131186e-11
14.000000000437199 -2.9114988198131186e-11
14.000000000437199 -2.9114988198131186e-11
14.408450743169611 0.004694833649928287
15.000000000403771 -2.997103260016232e-11
15.000000000403771 -2.997103260016232e-11
14.874125910464354 0.006993006452980177
16.000000000387576 -3.033866907697913e-11
16.000000000387576 -3.033866907697913e-11
15.65477719803964 0.007936363695654536
17.000000000359538 -3.111902402430644e-11
17.000000000359538 -3.111902402430644e-11
16.73863642040636 0.00757575674033617
18.00000000046897 -4.5176438978611344e-11
18.00000000046897 -4.5176438978611344e-11
17.751879751076988 0.0075187961591463015
19.00000000044797 -4.575486517444105e-11
19.00000000044797 -4.575486517444105e-11
19.269841335111458 0.005291003751342949
20.000000000275154 -3.333659043258663e-11
20.000000000275154 -3.333659043258663e-11
20.301546393845232 0.005154639098609026
21.000000000312117 -3.338087445348137e-11
20.502324845504887 0.004608199110526567
22.000000000243507 -3.3732003301700786e-11
22.000000000243507 -3.3732003301700786e-11
21.50233655188523 0.0046728967147083855
23.000000000242082 -3.378035351442321e-11
23.000000000242082 -3.378035351442321e-11
23.000000000242082 -3.378035351442321e-11
23.387559811279978 0.004784688894267419
24.00000000024572 -3.511926166543944e-11
24.00000000024572 -3.511926166543944e-11
23.980392157372883 0.006535947697329347
25.000000000188656 -3.502569068114525e-11
25.000000000188656 -3.502569068114525e-11
24.502439704088324 0.004878045514367213
26.000000000176968 -3.501414436168915e-11
26.000000000176968 -3.501414436168915e-11
26.000000000176968 -3.501414436168915e-11
26.000000001337877 0.006451612868673684
27.000000000207113 -3.908186968493155e-11
27.000000000207113 -3.908186968493155e-11
27.000000000207113 -3.908186968493155e-11
27.493506493487843 0.004329004031221051
28.00000000018342 -3.81108894442761e-11
28.00000000018342 -3.81108894442761e-11
27.503012054154855 0.006024096341497587
29.00000000020459 -4.408738651928701e-11
29.00000000020459 -4.408738651928701e-11
29.00000000020459 -4.408738651928701e-11
28.502857560960564 0.005714283326620606
30.000000000281684 -6.619148285036403e-11
30.000000000281684 -6.619148285036403e-11
30.000000000281684 -6.619148285036403e-11
29.502718285870273 0.005434777716855521
31.000000000318042 -7.604279705919481e-11
31.000000000318042 -7.604279705919481e-11
31.000000000318042 -7.604279705919481e-11
30.502732196768154 0.005464479511719245
32.0000000000903 -4.144948273498983e-11
32.0000000000903 -4.144948273498983e-11
32.0000000000903 -4.144948273498983e-11
32.0000000000903 -4.144948273498983e-11
32.09939759389932 0.006024096310416338
33.00000000016332 -4.380970586304045e-11
33.00000000016332 -4.380970586304045e-11
33.00000000016332 -4.380970586304045e-11
32.50373141789677 0.007462685991014961
34.000000000193154 -7.242161037535055e-11
34.000000000193154 -7.242161037535055e-11
34.000000000193154 -7.242161037535055e-11
34.000000000193154 -7.242161037535055e-11
34.47577091583072 0.004405284831592193
35.00000000008266 -3.717122443180898e-11
35.00000000008266 -3.717122443180898e-11
35.00000000008266 -3.717122443180898e-11
35.00961561419592 0.006410253411826328
36.00000000006582 -3.8159919668601106e-11
36.00000000006582 -3.8159919668601106e-11
36.00000000006582 -3.8159919668601106e-11
35.50251258007016 0.005025125528716035
37.00000000013426 -6.384376360912825e-11
37.00000000013426 -6.384376360912825e-11
37.00000000013426 -6.384376360912825e-11
37.00000000013426 -6.384376360912825e-11
37.156069364393936 0.0057803468360185795
38.00000000006607 -3.741956744462982e-11
38.00000000006607 -3.741956744462982e-11
38.00000000006607 -3.741956744462982e-11
37.50230415828869 0.004608294849811068
39.00000000004724 -4.729690250560026e-11
39.00000000004724 -4.729690250560026e-11
39.00000000004724 -4.729690250560026e-11
39.00000000004724 -4.729690250560026e-11
38.503311679711736 0.006622513733992252
40.000000000111534 -8.565763376378044e-11
40.000000000111534 -8.565763376378044e-11
40.000000000111534 -8.565763376378044e-11
40.000000000111534 -8.565763376378044e-11
40.000000000111534 -8.565763376378044e-11
40.31979700872653 0.005076140580020705
41.00000000006079 -5.456678164872386e-11
41.00000000006079 -5.456678164872386e-11
41.00000000006079 -5.456678164872386e-11
40.50253855741476 0.005076139635718846
42.00000000004531 -3.7138292441341036e-11
42.00000000004531 -3.7138292441341036e-11
42.00000000004531 -3.7138292441341036e-11
42.00000000004531 -3.7138292441341036e-11
41.502252327206136 0.0045045041458819934
43.0000000000639 -7.865434692444495e-11
43.0000000000639 -7.865434692444495e-11
43.0000000000639 -7.865434692444495e-11
43.0000000000639 -7.865434692444495e-11
43.02848155010988 0.006329106597552703
44.00000000003182 -4.100779438243052e-11
44.00000000003182 -4.100779438243052e-11
44.00000000003182 -4.100779438243052e-11
43.50233645206998 0.004672897191035363
45.000000000045475 -3.662649350477665e-11
45.000000000045475 -3.662649350477665e-11
45.000000000045475 -3.662649350477665e-11
45.000000000045475 -3.662649350477665e-11
45.35468456255003 0.0049259423281092785
45.99999999995074 -4.1738557055026604e-11
45.99999999995074 -4.1738557055026604e-11
45.50221266307583 0.004424777511738864
47.00000000001769 -3.643640944517301e-11
47.00000000001769 -3.643640944517301e-11
47.00000000001769 -3.643640944517301e-11
46.503070101529666 0.006134953094652951
48.00000000001811 -3.915166801871095e-11
48.00000000001811 -3.915166801871095e-11
48.00000000001811 -3.915166801871095e-11
47.50322729082651 0.0064516032097221565
48.99999999994473 -8.617925817411276e-11
48.99999999994473 -8.617925817411276e-11
48.99999999994473 -8.617925817411276e-11
48.82733822418435 0.007194243575727288
49.99999999993467 -3.835494422066432e-11
49.99999999993467 -3.835494422066432e-11
49.99999999993467 -3.835494422066432e-11
50.37135922647647 0.004854368821580746
50.9999999999634 -7.085564079911677e-11
50.9999999999634 -7.085564079911677e-11
50.85106391672162 0.007092197600244932
52.000000000002885 -3.590547303922165e-11
52.000000000002885 -3.590547303922165e-11
51.50307107583366 0.006134947049769246
52.99999999997286 -3.512538870875659e-11
52.99999999997286 -3.512538870875659e-11
52.50364979076226 0.007299268939212955
53.99999999996189 -3.517502955574514e-11
53.99999999996189 -3.517502955574514e-11
53.503759611266865 0.0075187953575540645
54.9999999999038 -4.083702820345536e-11
54.9999999999038 -4.083702820345536e-11
54.504098573890396 0.0081967192596899
55.99999999997365 -3.5060385150664786e-11
55.99999999997365 -3.5060385150664786e-11
55.75187985470125 0.007518795377049359
56.99999999990616 -3.444430851651248e-11
56.50226254493296 0.004524886355202984
57.99999999995006 -3.4120234415624395e-11
57.99999999995006 -3.4120234415624395e-11
57.50307248175469 0.006134938280022206
58.999999999947136 -3.447758745167562e-11
58.999999999947136 -3.447758745167562e-11
59.250001316147596 0.0053763151230125095
59.99999999993801 -3.640615586775198e-11
59.502202921877725 0.004405285011096827
60.9999999998549 -4.002770337407924e-11
60.9999999998549 -4.002770337407924e-11
60.95000065836085 0.006666658539843384
61.99999999981967 -7.656753009399608e-11
61.99999999981967 -7.656753009399608e-11
62.438356166866214 0.00456620979094069
62.99999999991166 -3.211872434683016e-11
63.06481692496101 0.006172808851862888
63.99999999988985 -3.295450023976798e-11
63.50357161999427 0.007142855733058728
64.99999999989224 -3.216668598149397e-11
64.50260417309595 0.005208333135588217
65.99999999987926 -3.819417004891079e-11
65.50246306296185 0.004926108301524623
66.99999999987976 -5.19832510370577e-11
66.99999999987976 -5.19832510370577e-11
67.45270334280545 0.004504434298804316
67.99999999995153 -3.060876552218872e-11
68.20833460570238 0.00555553076771953
68.9999999998113 -3.605213350077463e-11
69.38756147029298 0.004784614679617105
69.50216485581926 0.0043290027975585454
70.99999999983987 -2.8551327968528994e-11
70.50226244161901 0.0045248868761267325
71.99999999992191 -2.933989162734463e-11
71.5022893723435 0.004566181096269939
72.99999999981995 -2.729871884099566e-11
72.50247525512408 0.004950495037739366
73.99999999983064 -3.40278916155512e-11
73.50321183773221 0.00641021269377029
74.99999999992686 -2.890199191085685e-11
74.50384642973783 0.00769230553183331
75.9999999997565 -3.7803565833272046e-11
75.9290550663416 0.00675674444764951
76.50219370013883 0.004385961679028272
77.99999999988336 -2.6104979289343078e-11
77.5036497681259 0.0072992690701321195
78.99999999965176 -6.254782802805892e-11
79.35467980627928 0.004926108218047731
79.50306177296669 0.006097480509415165
80.99999999967886 -5.535510938514676e-11
81.32576048990587 0.005050416965628246
81.50287819870158 0.005747099485529872
82.99999999986908 -2.349304084603432e-11
83.39285714653798 0.004761904551894625
83.50410166545277 0.008196693820729406
84.50261789653959 0.005235601602983531
85.99999999970434 -4.25948998294956e-11
86.42857158959124 0.004608282922661133
86.83928596262759 0.00714285294953354
87.50257734930531 0.005154639045395593
88.99999999987142 -2.0713070147948542e-11
89.35467980692825 0.00492610817441308
89.50427975820979 0.00854695436288111
90.50267383024311 0.005347593183581578
91.99999999986935 -2.2572915758800605e-11
92.31979986651453 0.005076056491471581
92.69767442030718 0.007751937954947885
93.50284639128631 0.005681786616352991
94.9999999996962 -4.02613498096116e-11
95.38221154011055 0.004807692220020865
95.50421893643629 0.008403213976054591
96.99999999984729 -1.7415652253660596e-11
97.263297882593 0.005319148692112363
97.99999999976802 -2.5871499387264407e-11
97.80291958138594 0.007299268676632331
98.99999999965833 -2.9489133357429864e-11
98.99999999965833 -2.9489133357429864e-11
98.86267583768681 0.007042252431650131
99.99999999969604 -2.5513369195095947e-11
99.99999999969604 -2.5513369195095947e-11
99.99999999969604 -2.5513369195095947e-11
99.50271932451713 0.005434771935696969
100.99999999957467 -3.8310660199769586e-11
100.99999999957467 -3.8310660199769586e-11
100.99999999957467 -3.8310660199769586e-11
100.99999999957467 -3.8310660199769586e-11
101.28906252254549 0.005208332690313622
101.9999999998405 -1.3302053902819466e-11
101.9999999998405 -1.3302053902819466e-11
101.9999999998405 -1.3302053902819466e-11
101.50429048817489 0.00854686102922031
102.99999999965989 -2.8635205318039425e-11
102.99999999965989 -2.8635205318039425e-11
102.99999999965989 -2.8635205318039425e-11
102.50324702200932 0.006493504096166447
103.99999999970753 -2.150313260784742e-11
103.99999999970753 -2.150313260784742e-11
103.99999999970753 -2.150313260784742e-11
103.99999999970753 -2.150313260784742e-11
104.447964689144 0.00452479733674771
104.99999999984591 -1.22745702491045e-11
104.99999999984591 -1.22745702491045e-11
104.99999999984591 -1.22745702491045e-11
105.32575768591067 0.005050501983577815
105.99999999977184 -1.7926049533656396e-11
105.99999999977184 -1.7926049533656396e-11
105.99999999977184 -1.7926049533656396e-11
105.97039625249117 0.006578927383616429
106.99999999955554 -3.448005769790541e-11
106.99999999955554 -3.448005769790541e-11
106.99999999955554 -3.448005769790541e-11
106.98039470232473 0.006535914295258682
107.99999999961177 -2.65497068774323e-11
107.99999999961177 -2.65497068774323e-11
107.99999999961177 -2.65497068774323e-11
108.0377381071644 0.0062892754124070915
108.99999999987618 -1.2094214518754143e-11
108.99999999987618 -1.2094214518754143e-11
108.99999999987618 -1.2094214518754143e-11
109.33165829279112 0.005025125520000562
109.99999999985225 -1.1524198262335972e-11
109.99999999985225 -1.1524198262335972e-11
109.50218343722658 0.004366812092070682
110.99999999977437 -1.4180795426810278e-11
110.99999999977437 -1.4180795426810278e-11
110.99999999977437 -1.4180795426810278e-11
110.99999999977437 -1.4180795426810278e-11
111.48471615701962 0.00436681213475465
111.99999999968644 -1.6580931072596172e-11
111.99999999968644 -1.6580931072596172e-11
111.50287412285061 0.005747122298708218
112.99999999964001 -2.174352364825438e-11
112.99999999964001 -2.174352364825438e-11
112.99999999964001 -2.174352364825438e-11
113.01910818560457 0.006369427313937748
113.99999999958118 -2.3932661408210265e-11
113.99999999958118 -2.3932661408210265e-11
113.50250002437915 0.0049999998954370906
114.99999999976316 -1.320735187881894e-11
114.99999999976316 -1.320735187881894e-11
114.99999999976316 -1.320735187881894e-11
114.5042373634288 0.00847457558871545
115.99999999984023 -7.727762874054633e-12
115.99999999984023 -7.727762874054633e-12
115.50258394008402 0.005154604670019602
116.99999999953079 -2.478489635748815e-11
116.99999999953079 -2.478489635748815e-11
116.99999999953079 -2.478489635748815e-11
117.16379320441848 0.005747121771953245
117.99999999978475 -9.355738406213732e-12
117.99999999978475 -9.355738406213732e-12
117.50328948383975 0.006578947359435983
118.99999999982967 -8.599287948385381e-12
118.99999999982967 -8.599287948385381e-12
118.99999999982967 -8.599287948385381e-12
119.99999999983376 -7.520262190752192e-12
119.99999999983376 -7.520262190752192e-12
119.99999999983376 -7.520262190752192e-12
119.50420192252683 0.008403359200562455
120.99999999978903 -9.555523039495029e-12
120.99999999978903 -9.555523039495029e-12
120.50264551337786 0.005291005157198492
121.99999999984917 -6.332268043252043e-12
121.99999999984917 -6.332268043252043e-12
121.50241546663622 0.004830917825568104
122.99999999976912 -1.0541789663420786e-11
122.99999999976912 -1.0541789663420786e-11
122.99999999976912 -1.0541789663420786e-11
123.40845089627696 0.004694824282295285
123.9999999996898 -1.2008394278950618e-11
123.9999999996898 -1.2008394278950618e-11
124.11607867552635 0.0059522632144378695
124.99999999960869 -1.5597412250656362e-11
124.99999999960869 -1.5597412250656362e-11
125.19382022587355 0.005617977494612236
125.99999999987378 -4.732825242825811e-12
125.99999999987378 -4.732825242825811e-12
125.99025975343189 0.006493506382885705
126.99999999989116 -3.276934279483612e-12
126.99999999989116 -3.276934279483612e-12
126.8741258788997 0.006993006916542699
127.9999999998466 -1.021538409418099e-11
127.9999999998466 -1.021538409418099e-11
127.76494435748828 0.007462492419712308
128.99999999960224 -7.002343149764556e-12
128.99999999960224 -7.002343149764556e-12
128.68359374828034 0.00781249998409006
129.9999999997674 -4.965416966484781e-12
129.9999999997674 -4.965416966484781e-12
129.6692913364739 0.007874015768499332
131.0000000000097 1.6092682741941644e-12
131.0000000000097 1.6092682741941644e-12
130.71153763873173 0.007692306007181959
131.9999999998397 -4.617028981357407e-12
131.9999999998397 -4.617028981357407e-12
132.18645362930747 0.005649471572005016
132.99999999976743 -5.265066160831111e-12
132.99999999976743 -5.265066160831111e-12
133.40845070626855 0.004694835545830278
133.99999999983217 -1.2896350654045818e-12
133.50241546912258 0.004830917865884632
134.99999999921218 -1.7696566434466376e-11
134.99999999921218 -1.7696566434466376e-11
134.50393700750095 0.007874015741603069
135.99999999061214 -3.0018015850785673e-10
135.99999999061214 -3.0018015850785673e-10
136.2698412718868 0.005291005252012093
136.99999999936423 -8.330558465274862e-13
136.5025000445616 0.004999999761374885
137.99999999900243 -1.2262968418497167e-12
137.99999999900243 -1.2262968418497167e-12
138.0000000062525 0.0064516127739142615
138.9999999986178 -4.516387264175137e-13
138.50221494067242 0.004424765510344542
139.99999999869786 -1.0249578963339445e-12
139.99999999869786 -1.0249578963339445e-12
139.50378814856973 0.007575755115023508
140.99999999822765 3.7969627442180354e-14
140.99999999822765 3.7969627442180354e-14
141.9999999985299 -8.356093594841241e-13
141.9999999985299 -8.356093594841241e-13
141.5038264668867 0.007633511558401751
142.99999999888584 -1.4949153026577733e-13
142.50227274738862 0.004545454400925131
143.99999999481653 -1.228517287898967e-12
143.99999999481653 -1.228517287898967e-12
143.65476190343676 0.007936508009209198
144.99999998080713 2.722086445139382e-10
144.5027322988353 0.0054644805623913495
145.99999999631518 -5.316358464568793e-12
145.99999999631518 -5.316358464568793e-12
146.243243446804 0.005405400290576234
146.99999999999898 2.4480417692984702e-14
146.50310572162454 0.006211179178321924
147.99999999824487 1.4699352846037073e-13
147.99999999824487 1.4699352846037073e-13
148.30769988900488 0.005127989512740627
148.99999999818334 -3.3661962106634746e-13
148.57851240977882 0.008264462728928001
149.99999999165132 -2.411626454090765e-12
149.50278175146167 0.005524750626822228
150.9999999983884 -1.6026069360464135e-13
150.50223255215724 0.004464283464822527
151.99999999994577 -4.1611158962950867e-13
151.99999999994577 -4.1611158962950867e-13
152.07361964405715 0.006134969214639074
152.9999999905374 -3.004818616147986e-13
152.50373134372066 0.00746268657626159
154.00000000001518 -8.22675261247241e-14
153.50240774123228 0.0046945486193259445
155.00000000006855 -1.3533618670180658e-13
155.00000000006855 -1.3533618670180658e-13
155.25668449143026 0.005347593586714883
155.99999999994745 2.7150504067208203e-13
155.5128206044314 0.008547007379712479
156.99999999989083 1.5515366769136563e-13
156.50331127832905 0.006622516368133602
157.9999999999739 -1.287303597052869e-13
157.5027553828767 0.005494457862728397
158.99999999984678 -3.33288951992472e-13
158.50261799315177 0.0052356011696754745
160.0000000000594 -1.5049073098793997e-13
159.50232572796872 0.004651161421176386
161.0000000000528 -1.9029222642075183e-13
160.5022935859286 0.00458715599309345
162.00000000018395 -1.2118084313783584e-13
162.00000000018395 -1.2118084313783584e-13
162.3603024802007 0.004901642009249474
162.99999999995933 3.5083047578154947e-14
163.45739921068554 0.004484289740319336
163.50215519413425 0.004310344621521578
164.9999999999383 2.2093438190040615e-13
164.5024161040833 0.004830914608506265
165.9999999999168 1.021405182655144e-14
165.5026179276836 0.005235601374356302
167.0000000000903 2.142730437526552e-14
166.50265975396712 0.005319147395936086
167.99999999993815 3.3861802251067274e-14
167.50301207758886 0.006024096141464486
169.00000000004167 9.753309271332e-14
168.5462185205862 0.008403361121160025
169.9999999999844 3.1780134079895106e-13
169.60975609593058 0.00813008126222936
170.99999999984433 1.1785017406396037e-13
171.1714456377271 0.0057139772209360284
172.00000000000085 1.4988010832439613e-14
172.39285764771202 0.004761879815960657
172.5024156232185 0.00483091708622585
174.00000000006605 -2.4685808952540356e-13
173.50324678817955 0.006493506175656916
174.99999999985104 -7.166489623955385e-14
174.5036764787396 0.007352941180772676
176.00000000010547 3.0742075551870585e-13
176.22950944860278 0.005464453138912639
176.50235822078218 0.0046294259833497
178.00000000006918 -2.731148640577885e-13
177.50239312644018 0.004784685020934987
179.00000000005946 -1.4249712521063884e-13
178.50310557212558 0.006211179926526755
179.99999999984996 1.499356194756274e-13
179.99025977042163 0.006493506084228495
181.0000000000642 7.116529587847253e-14
181.49350641001718 0.004328931231286859
181.50335573082575 0.006711409217585729
182.9999999998699 1.0758061108617767e-13
183.10778444131256 0.005988023832707912
183.50292398036171 0.005847953207217538
184.99999999975057 8.554268404736831e-14
184.50385075065466 0.007692270443168114
185.99999999960164 -5.058731211704526e-13
186.14035086074972 0.005847953354017332
186.50308647098578 0.006172839130665908
187.99999999997863 1.184607967275042e-13
188.20833715987584 0.005555474886304701
188.50278987231584 0.005524704329104013
189.99999999997266 -5.734301922188934e-14
189.9902597673589 0.006493506195935472
190.50241549684904 0.004830917649096378
191.9999999996902 -3.1963320878958257e-13
191.81521737994416 0.007246376791643638
192.50247604597564 0.004950491226896725
193.99999999971647 -2.3420154704467677e-13
194.0096153211232 0.006410257407933773
194.5027963038191 0.005586574462782323
196.0000000000686 1.7180701306074297e-13
196.34900992196398 0.004950494958757101
196.50378813912585 0.007575753849760836
197.9999999999265 -8.931744233109384e-14
198.46205341773347 0.004464286006609641
198.62499893360743 0.00806451401521624
199.50224409571274 0.004484293891877211
200.9999999999846 9.603429163007604e-14
200.81521747521984 0.007246375586057674
201.50230416102937 0.004608295524879735
202.99999999994577 1.5959455978986625e-13
202.8152173519119 0.007246376972657509
203.50268817714687 0.0053763442652253746
204.99999999994552 4.96269692007445e-14
205.37681238581462 0.004830883690365884
205.50416678360466 0.008333332161407303
206.50242424442177 0.0046506967195429905
207.99999999989197 -1.5332179970073412e-13
208.25000002242024 0.0053763442891940905
208.80291995432745 0.0072992672048696194
209.50263200120995 0.005263155600648939
210.99999999996794 -1.68365321684405e-13
211.26329787061042 0.005319149081931207
211.50408936110725 0.008129869601109063
212.5026394883162 0.00510157887233742
213.9999999998809 -3.5021985311800563e-13
214.2827229798176 0.005235589242073568
214.69767452037584 0.00775193686237341
215.50287353270286 0.00574712641631292
216.5021742469229 0.004347824666946942
217.9999999999356 3.2085445411667024e-13
218.26984129058363 0.005291004356544393
218.50421712877298 0.008403226767990102
219.50277800013868 0.005555553588205475
220.5025144614793 0.005025115556908655
221.99999999994952 9.470202400052585e-14
222.4978446998865 0.004310290434875297
223.43348612058577 0.0045871527098958476
224.20833332618358 0.0055555554215904746
224.50393708520633 0.007874015040198024
225.5032467803683 0.0064935062563800106
226.50242946805656 0.004830848350478312
227.9999999999303 1.0152989560197057e-13
228.47123894040172 0.004424777312767136
229.26329828406344 0.005319137528951301
230.17897888322162 0.00568178854903334
231.05590132744982 0.006211167462949918
231.91836734399897 0.00680272104293056
232.73863632495875 0.007575757113371218
233.50390662203733 0.007812496437873628
234.50378788414488 0.007575756857215676
235.5031646235171 0.0063291135287097955
236.50252058348008 0.004999894626527723
237.50234747892503 0.004694835394115637
238.50232591938192 0.004651162837921108
239.9999999999703 3.9745984281580604e-14
240.40845067991708 0.004694835027040822
241.3375057333716 0.004999797928036065
242.3432915975103 0.00497483888642547
243.99999999973875 -2.7355895326763857e-13
244.37135923876747 0.004854369052012419
245.28906264337272 0.0052083267340061745
246.30769321037025 0.005128174619798864
247.2763158537238 0.0052631568386036776
248.2364130484371 0.005434782209817746
249.1789772546625 0.005681818163497665
250.08231707530868 0.006097560830621074
251.01910813415358 0.006369430929681341
251.93959730324588 0.006711409463446838
253.09090906447346 0.00606060595867608
254.3308072147689 0.005050504351045149
255.50232565740868 0.004651163164023364
256.50261777728633 0.005235601817565216
257.5029940346513 0.005988023719575741
258.50326795655656 0.006535947659651153
259.50342468588684 0.00684931473766337
260.5039681941576 0.007936503694376373
261.6835937723359 0.007812499971169062
263.00961541803395 0.006410256015501048
264.34900998176187 0.004950494488499713
265.45270293999926 0.0045044458196721315
266.4285714995069 0.0046082899007091616
267.4831730610315 0.004807692298632427
268.5025252444677 0.0050505042240747144
269.50308648507144 0.006172839149002796
270.5040644479771 0.008130085596208314
271.9500000471386 0.006666665784041292
273.1323529292351 0.005882352591853213
274.3976191038793 0.00476190403649257
275.5026750828053 0.005347586007626859
276.5031251025619 0.0062499991560636126
277.5128205198835 0.008547008359836461
279.0648148403324 0.006172839029052746
280.33507855543786 0.005235602068972778
281.5024875847384 0.004975124915248541
282.5037044377055 0.007407401852339568
283.89655101302526 0.006896556198583648
285.1938200455415 0.005617977282022846
286.4595236906661 0.004761904999919908
287.50318460046554 0.006369426614456053
288.73863716008987 0.007575748229742052
290.1864405522787 0.005649717159957657
291.33742264699185 0.006134970483187008
292.503760192017 0.007518789868597997
293.9290538431945 0.00675675605637216
295.2412790150919 0.005813953448273734
296.50344810431244 0.006896551083886093
298.0191085768777 0.006369417875216055
299.3490101362531 0.0049505009616988005
300.5034013857102 0.00680272085774658
301.9075342539645 0.0068493145232018104
303.1801241358052 0.00621118018545852
304.50333339349567 0.006666666060295201
305.95000002005 0.006666666163731572
307.3386076172345 0.006329113971422773
308.50359710205765 0.007194244046429876
310.12426027857344 0.005917159308369113
311.465624924081 0.006250000432302505
312.8965517581312 0.006896551548176699
314.46012270919795 0.006134969530187551
315.81521734322547 0.007246376334838711
317.37187497396354 0.00625000015867383
318.9395973426475 0.006711408576534961
320.41605850279234 0.007299269887516058
322.0377358891125 0.006289306736980915
323.36890245790374 0.006097560829511295
324.79044116933983 0.007352940695287913
326.4100714827117 0.007194247330911008
328.13666668144094 0.006666666574412838
329.60975566618805 0.008130079629700804
331.1613924234006 0.006329113730012548
332.5038459067747 0.007692307444205904
334.1856059880043 0.007575758170599967
335.9075342368356 0.006849313581746452
337.48427667464733 0.006289308090686951
338.813953530906 0.007751938301453709
340.50406434148306 0.008130079875704022
342.35869549918976 0.007246376785938313
344.04651159423975 0.0077519384024995475
345.7782259153874 0.00806451627669591
347.50409742544264 0.00819672058750931
349.2015504726397 0.0077519375550896275
351.01811582339724 0.007246377657961212
352.57851243509117 0.008264462386357474
354.22758585894604 0.006896552409140888
355.95000005423555 0.006666665792415927
357.4798382874166 0.00806451579187284
359.3833333069294 0.006666665906452707
361.06201437605023 0.007751934496555535
363.12949594387396 0.007194241886138819
364.88767823602956 0.0072463853272164425
366.6190476585511 0.009523810019758772
368.8883930588076 0.008928569678672504
370.9075628546455 0.008403361577562052
372.9607142674485 0.007142857242937506
374.50378781744774 0.007575757040179765
376.1338581786726 0.007874015713763338
377.8374999575152 0.008333334495288724
379.88541616614646 0.006944446409666183
381.48015859292866 0.007936508527193631
383.48898715170907 0.008810572747030898
385.5482455754099 0.008771930250570437
387.4913080062348 0.00869564869002093
389.5042734342579 0.008547008328696037
391.4789914927437 0.008403360509498192
393.4252336313255 0.009345794536897767
395.5047190258298 0.009433981339483699
397.62499958900815 0.010000001263194225
399.6874999255582 0.011363636603669347
402.2083334743452 0.007575756926244681
404.1100918428739 0.00917431180813133
406.2766992319588 0.009708737370969
408.4926108987715 0.009852216955899218
410.7619047892181 0.009523809717149723
412.9009901057749 0.00990098993342392
415.15841587861115 0.009900990384976271
417.37438368355146 0.009852215213564719
419.62886619917015 0.010309277482892565
421.9405939648829 0.009900989643520486
423.9942196568307 0.011560693242077758
426.7715516418635 0.008620689660788328
428.874999825284 0.010000000741736903
431.12000001644225 0.01142857156548227
433.80882319329294 0.009803925566355787
436.1621627491316 0.009009020524640254
438.44791676999193 0.010416666837228084
440.8066039582814 0.0094339607572973
443.2435245946384 0.010362697877180027
445.62208867162326 0.011627954364693105
448.13068189091024 0.011363636362691443
450.9010415571711 0.010416667142747471
453.3267324659712 0.009900989842318797
455.47650988564266 0.013422820261908663
458.54320989577025 0.012345678770533608
461.3803680241605 0.012269938617837761
464.31521737071364 0.010869565893621314
466.8650306599002 0.012269938963826554
469.64596175601673 0.012422360929513543
472.45946122790275 0.013513510692555686
475.6111111996192 0.013888888520621201
478.6100631277439 0.012578615640498336
481.62025313837836 0.012658228938566163
484.480663134696 0.011049728683860005
487.19496857665075 0.012578616343261517
490.2707316347646 0.014634146013885685
493.54676261755066 0.014388493474902342
496.86713278231554 0.013986014287634685
500.0000001398454 0.012578615503392454
502.8214286371647 0.01428571435027104
506.19875776186507 0.012422360672712296
509.2702722086508 0.01351347641548628
512.2605632968806 0.014084506331109026
515.562500153505 0.013888889201455257
518.5203251952055 0.016260162782485432
522.2839805517331 0.01456310722302101
525.8161763781849 0.014705882608371024
529.2830186949193 0.014150939772253457
532.2845528497638 0.01626016163025512
536.064748209464 0.014388489913742308
539.5119617226195 0.014354066148083211
542.7982456314433 0.017543859040224374
546.7272727859613 0.015151517528322334
550.2285640728498 0.014285733360050346
553.4696143789649 0.01657458350899499
557.4573642106643 0.015503877273809197
561.1514287600644 0.01714285688001027
565.172131069863 0.016393444102126065
568.7528091042312 0.016853932859949294
572.5948275946135 0.01724137948228277
576.3897058617586 0.014705881899683915
580.0079365232315 0.01587301562666621
583.6636366379176 0.01818181714534406
587.7545449625661 0.018181823284056264
592.2941175071534 0.01680672354272028
596.2222222796273 0.01587301609618086
599.7008546061337 0.017094016141959933
603.6878603784578 0.017341040041416678
607.9363635968781 0.01818181797704832
612.1304350647429 0.01739130593313032
616.0000003422102 0.022222222702229733
621.017699141179 0.01769911384396483
624.8163266832731 0.02040816506016374
629.6461040177091 0.01948051982439014
634.0212764358155 0.021276596139801374
639.0642201802312 0.018348622857122132
643.326086704514 0.021739131752202434
648.2341465733152 0.019512193199159977
652.6422017247461 0.018348626967250814
657.1900000173284 0.01999999978167688
662.1562503932385 0.020833332838195773
666.65116273579 0.023255814010852305
671.6242030580562 0.019108282518015995
676.356435611821 0.019801979355860144
681.1249994359839 0.020833341522523252
686.1978023893535 0.021978021778200407
691.4401410756986 0.02112676042893158
696.5145608496186 0.019417478742759453
700.9444441937584 0.021164021953193224
705.898601064329 0.020979023224780846
710.3557243794817 0.024875621308952045
716.1288352838216 0.02453987423601811
721.8104838841011 0.024193547644580704
727.0897424275155 0.025641026683551615
732.6496826517217 0.02547770098435853
738.7005647749413 0.02259887048503728
743.9461536140057 0.023076925199967402
749.3762616615275 0.025252525746472188
754.8472216418475 0.027777778898387062
761.5909092956296 0.025974027291042034
767.4449760960374 0.023923444833478857
773.2596154682691 0.028846153209900915
779.7569057487711 0.02762430955093098
786.3333358377473 0.030303019818688437
793.1734694443649 0.02721088446370601
799.3087559749048 0.027649769238783595
805.7083335421173 0.027777778360345895
811.4793816217867 0.030927833342369926
819.1867813435407 0.028735631622871516
826.1392043990518 0.028409091147690635
833.1800002319118 0.026666666154254948
839.2857142863008 0.034013605587950746
846.9869110906435 0.031413612829886084
854.2452227667662 0.03184713406508344
861.4285714922062 0.03361344448131387
869.4031413446359 0.03141361301952683
877.0076928058579 0.03076923205381288
884.2553189938225 0.031914894157580864
891.6638655388641 0.03361344408165712
899.378787355057 0.03535353622715176
907.7559051012796 0.031496063904867366
914.9716983514735 0.037735848248005244
923.5490208762711 0.03431372591737292
931.7745102629544 0.03921568470379455
940.7894741611191 0.03759398788798274
949.3354428483794 0.037974684799783276
958.2857143525472 0.03571428569114099
966.2499998436779 0.033980582340554566
974.5576924298392 0.0384615396412058
983.8764041472589 0.03370786791557201
991.3638393019886 0.04017857021626714
1000.7474214297584 0.036082479453634075
1009.0664746783682 0.040462430387254056
1018.5315534454189 0.043689320413335064
1028.8351962387064 0.04469273569978238
1038.364532125431 0.04926108349639602
1050.2930233461275 0.04186046557038203
1059.4020621875206 0.041237111923325465
1069.6612902824857 0.04301075229458817
1079.7449015243 0.04081630245522838
1089.5217383360714 0.04347825304189401
1099.2060608116037 0.04242424253667121
1108.8868612521878 0.0510948922477672
1120.3756904154698 0.05524861894659683
1132.8333333510473 0.05333333349777014
1145.6153846077896 0.05494505465782806
1158.181818314034 0.045454543580547124
1169.3203125325822 0.04687499911399673
1179.7663042175564 0.054347826109081954
1192.4307231935416 0.05421687349021509
1205.774999782931 0.04999999891163087
1217.0292549535034 0.05851063879958973
1230.7857148823157 0.05714285610589798
1244.2485378539716 0.0584795329992871
1257.7377051027597 0.057377047828846006
1271.7883211538015 0.058394160754121405
1286.1373632042908 0.06593406081923536
1301.4929576296356 0.05633803018927441
1314.7473958431444 0.05729166684296372
1328.310344772609 0.06896551728777656
1344.5780347604734 0.06358381550189085
1359.4610766966696 0.05988024413957138
1373.812499976404 0.062499999891034275
1389.243840434158 0.07881774214257398
1406.4368926326558 0.07281553530169393
1423.0689658274719 0.06896551593199174
1439.3333332539364 0.07555555673985737
1456.773936149303 0.07978723403999677
1474.510695196095 0.0855614959346287
1494.5193637428574 0.07767010009684538
1512.954545354369 0.09090909074605324
1533.82257768011 0.08064515759502999
1551.6764704889597 0.08021390982364895
1569.3959539051548 0.08670519966291756
1590.1037732809255 0.07547169657778863
1607.7984305837017 0.08376954642613033
1627.4749967351552 0.0875000156216501
1647.679487352242 0.08974358901267898
1668.6499997766068 0.10000000046832458
1692.0064112554273 0.08974359168230173
1713.0329338980232 0.0898203605864909
1733.7359547479127 0.08426966616435294
1754.1728395382286 0.08641975591641415
1773.7339393682198 0.11009178954950283
1799.995339925114 0.11162790561168823
1825.4774767510642 0.09909920393531557
1847.7992733364779 0.10218977966536702
1871.2222214463097 0.11111111147170227
1896.7037036324093 0.11728395032002226
1922.216980978792 0.11320754722223736
1948.0053469636462 0.14438502766947092
1981.0309670227375 0.103092931828634
2006.0806449479876 0.12903225725316947
2034.152866143144 0.13375796111114457
2064.9856111510085 0.11510791493703643
2092.6808511234435 0.13475177289341467
2123.866666866229 0.13333333345582687
2153.9792746055004 0.1243523338335848
2181.668283725004 0.14423078437116388
2217.8470890054846 0.14077671835116146
2249.706896455499 0.13793103444279708
2282.4807695476297 0.14102564025337028
2317.199999743321 0.1391304331411698
2347.88646288688 0.1615720533346039
2385.9380534875427 0.15929203598269837
2425.5662646953915 0.1445783136628327
2459.7500001594585 0.16666666567807464
2496.878981985288 0.18471337076805572
2539.362963182652 0.19259259027750186
2584.724832490497 0.18120805237863635
2628.637305729562 0.17616580040231433
2669.1443295616878 0.1855670080124483
2710.735294145439 0.21568627374837046
2762.2760410871515 0.19270833458884784
2809.3802837959656 0.19248817588340916
2853.4882368659905 0.22352941122679315
2903.5643561935494 0.22277227735233573
2958.023196937376 0.2113402038787182
3007.3110593540896 0.23502303628834476
3058.9535694310066 0.23571428606735356
3114.804191167649 0.22377623271386504
3167.333333345488 0.23809523914311548
3221.685180614726 0.26851868366687803
3286.9119501814484 0.2893081771118542
3354.5206215981025 0.26288659446906415
3415.480769369817 0.2692307646586407
3480.0199983597445 0.271999997469317
3546.2444453705175 0.284444443378959
3613.934210423527 0.302631578007027
3678.757008786554 0.3691588783851998
3765.461538784502 0.3461538456060218
3845.918161048718 0.3363637332567606
3923.2919230574716 0.3602484544114404
4009.134327719318 0.3731343262248874
4100.275000286144 0.3649999926930434
4184.119717840059 0.38028169532653777
4270.658653466915 0.41826923148094863
4372.12149493644 0.42056074153633105
4469.65517324691 0.37931034531144725
4562.13483219874 0.4606741543151536
4664.358207667163 0.517412919692557
4780.113972572567 0.5367647050582072
4898.696629078925 0.550561798532673
5033.244444611576 0.5777777729800118
5159.785365499166 0.6048780489448191
5296.608695157973 0.5391304359372526
5419.619046269875 0.5887445905788908
5561.39215016838 0.6143790196690198
5694.43922769172 0.5966850827412209
5824.730769246726 0.5972850671214154
5966.711744533035 0.7529410625214474
6142.807229469479 0.7108433769330951
6306.8343951656625 0.6560509541180544
6459.658620164654 0.7103448287585827
6618.7209942114805 0.7348066298881477
6797.460732192442 0.8272251295292108
6995.429877752084 0.762195117200438
7181.4313747656 0.784313732922076
7363.2177417899065 1.0725806590018934
7608.101276928089 1.0379727725551753
7842.008242289934 1.016483512090467
8078.079732458459 1.0387931318595136
8328.030302538042 1.0606060764071294
8591.281221867832 1.1041668001541503
8847.876253578313 1.1089108221926374
9114.968323944231 1.2895927638882725
9415.827685171356 1.3163841418504347
9717.041485516396 1.5065502161082378
10080.61516651898 1.511235966908643
10452.106964938495 1.5771144312884786
10803.2423306383 1.6871165693467276
11180.721311352723 1.721311479245351
11567.500002067578 1.749999991824616
11979.173653643182 1.988024000552599
12406.115853861023 2.079268289935989
12890.495258070543 2.0900472240757395
13380.616669344885 2.176190485386556
13915.108808579662 2.435233156654782
14488.958563693697 2.65193370275162
15111.08771795915 2.7543859826963484
15712.531249855156 2.8352272787269754
16353.803276546872 2.907103832882541
16999.357724580288 2.9094827657746976
17694.93548417626 3.225806453935121
18443.144531328082 3.2109375021488447
19217.166666380097 3.333333338280859
19952.566982879525 3.4497607514362016
20709.77059077374 4.188235278592188
21659.73943583024 4.429577454948003
22707.277777673244 4.777777783516768
23773.561671951662 4.431718065456195
24861.645833437473 5.27083332999112
26098.362068940547 6.02758620813718
27516.519261764162 6.618357435081606
28963.50001106334 6.402778511676544
30541.975960640902 7.716346177645249
32302.296510692344 8.529069782814034
34234.972968092094 8.927927931068325
36263.50300767082 11.415662644628384
38963.099863368014 12.199999996176302
41859.25580707698 13.238372094288849
44980.38855415663 13.933734933442736
48133.049934142895 18.57999985197182
52463.28514877843 20.556097391824437
57123.644117424534 23.86470588615532
62397.49342230397 27.732456135763698
69168.84358749469 30.03589744194028
75747.38716824965 37.89823007999513
84204.49523902411 48.83809517041925
95159.62008239604 66.70305679953753
111145.24999863627 82.49999999420504
130074.63634757801 111.78181824245735
156188.93175436603 174.6704546112369
195181.6543710863 251.31336405431102
248473.57327127142 635.9094829364913
-2522430.872700181 30781.010456604883
