0 0 78 445.00000000005684 -2.0650148258027912e-13
1 78 99 7899.99999999998 -1.2022383089060895e-11
2 99 111 9499.999999999996 -1.1937117960769683e-12
3 111 126 9900.000000000035 1.9326762412674725e-12
4 126 221 9999.99999998392 -7.062084250719636e-11
5 221 230 10499.999999988326 -3.4725644582067616e-10
6 230 261 11998.70588669397 0.058823363234097314
7 261 290 12500.000000001684 5.400124791776761e-13
8 290 309 14000.00000000005 5.4569682106375694e-12
9 309 357 14800.000000001646 -4.368416739453096e-11
10 357 390 14900.00000000392 4.087041816092096e-11
11 390 405 14998.999999999785 2.3305801732931286e-12
12 405 446 15000.0000000041 -2.6972202249453403e-11
13 446 457 15899.999999994257 -9.254108590539545e-11
14 457 459 15999.999999997402 -4.670710040954873e-09
15 459 473 16499.999999989417 -1.3631051842821762e-10
16 473 486 16699.99999999371 -6.45741238258779e-11
17 486 498 16899.999999996846 -3.83124643121846e-11
18 498 536 17850.000000000255 8.86757334228605e-12
19 536 556 17900.000000000135 -1.1937117960769683e-12
20 556 582 17994.999999999243 -1.887201506178826e-11
21 582 615 18000.00000000072 2.7853275241795927e-12
22 615 652 18900.00000000101 1.0800249583553523e-12
23 652 676 18949.999999994892 -6.036771083017811e-11
24 676 682 18999.999999995223 -4.9210484576178715e-09
25 682 685 19499.999999997865 -6.341451808111742e-09
26 685 735 19900.000000001484 1.3358203432289883e-12
27 735 736 19994.999999999585 0.0
28 736 769 19998.999999998232 3.069544618483633e-12
29 769 884 20000.000000027037 1.006981165119214e-10
30 884 899 20999.999999997075 -1.323769538430497e-09
31 899 914 21999.99999998986 -2.2008634914527647e-09
32 914 942 22500.00000003749 -6.714913070027251e-10
33 942 950 22899.9999999845 -6.5622316469671205e-09
34 950 952 22999.99999999754 -7.316884875763208e-10
35 952 964 23899.999999998257 -1.0956000551232137e-09
36 964 990 23999.99999999999 -1.950297701114323e-10
37 990 993 24499.99999999979 -2.2737367544323206e-11
38 993 1196 24900.00000003754 -3.043965079996269e-11
39 1196 1397 25000.000000013333 -3.417710559006082e-12
40 1397 1418 25499.999999994616 -9.987388693843968e-10
41 1418 1434 25899.999999998032 -1.7197407942148857e-09
42 1434 1482 26900.00000000973 -2.859223968698643e-11
43 1482 1494 26999.999999982527 -3.4158347261836752e-09
44 1494 1529 27500.000000688822 4.56850557384314e-10
45 1529 1555 27700.000000001764 -3.546460902725812e-10
46 1555 1563 27899.99999999696 -5.544507075683214e-09
47 1563 1623 27999.999999980686 -2.2927792997506913e-10
48 1623 1648 28499.999999994554 -1.7928414308698848e-10
49 1648 1756 28999.999999854786 -3.237209966755472e-08
50 1756 1771 29499.99999991842 -9.878249329631217e-10
51 1771 1881 29899.999999761985 -6.887503900543379e-08
52 1881 1897 29973.999999997755 -6.006075636832975e-10
53 1897 1898 29998.99999999956 0.0
54 1898 2081 29999.999999712276 -6.087238091367908e-08
55 2081 2082 30999.99999999947 0.0
56 2082 2088 31178.999999996704 -6.69797373120673e-09
57 2088 2098 31899.999999999192 -1.4890702004777268e-09
58 2098 2124 31999.999999958683 -2.6101361072505824e-09
59 2124 2128 32633.333332935148 133.33333327442324
60 2128 2155 32999.99999992294 -1.2006012184428982e-08
61 2155 2159 33399.999999872714 200.0000000032369
62 2159 2175 33999.99999997677 -9.380300980410539e-10
63 2175 2241 34899.99999917396 -3.7031855981695116e-07
64 2241 2269 34949.99999980282 -6.665970886388095e-08
65 2269 2283 34998.999999979955 -7.246399036375806e-10
66 2283 2571 34999.99999972948 -3.9395096962380194e-08
67 2571 2595 35899.99999981611 -6.031211796653224e-08
68 2595 2647 35999.999999112515 -4.3689715312211774e-07
69 2647 2697 36999.99999892045 -5.468218091664312e-07
70 2697 2701 37358.999999995394 -4.7025423555169255e-09
71 2701 2744 37499.99999898797 -5.370937969928491e-07
72 2744 2748 37778.99999999557 -4.172761691734195e-09
73 2748 2757 37899.99999999045 -3.9267433749046177e-10
74 2757 2814 37999.99999856424 -7.082104502842412e-07
75 2814 2818 38278.99999999546 -3.4779077395796776e-09
76 2818 2847 38499.99999934555 -3.454268835412222e-07
77 2847 2850 38599.99999999416 -5.757101462222636e-09
78 2850 2856 38899.99999999348 2.28283170145005e-10
79 2856 2913 38999.99999830058 -8.383782414966845e-07
80 2913 2951 39499.99999867744 -7.439348905791121e-07
81 2951 2952 39599.9999999977 0.0
82 2952 3201 39899.99999950303 -9.678866774720518e-08
83 3201 3219 39989.99999972536 -1.1446422831795644e-07
84 3219 3533 39999.99999965475 -4.3853987108377623e-08
85 3533 3552 40949.9999995907 -1.9997435174445854e-07
86 3552 3562 40999.999999979584 120.0000000020475
87 3562 3668 41999.99999824155 -5.582236610734981e-07
88 3668 3687 42499.99999942066 -3.1637182473787107e-07
89 3687 3693 42899.99999999063 1.1641532182693481e-10
90 3693 3724 42999.999998139036 -1.1379756870155688e-06
91 3724 3743 43699.9999992578 -4.3145905692654196e-07
92 3743 3766 43899.999998760315 -7.694752639508806e-07
93 3766 3841 43999.99999700544 -1.1307112686154142e-06
94 3841 3847 44719.999999982974 -1.1241354513913393e-09
95 3847 3909 44899.999996427905 -1.5267756339198968e-06
96 3909 3915 44993.50000009939 0.999999960396508
97 3915 4298 44999.99999973963 -2.6900075056346395e-08
98 4298 4310 45499.99999974102 -1.0751932677521836e-07
99 4310 4323 46499.99999959854 -2.0312313608883414e-07
100 4323 4332 46899.99999987231 -3.383183866390027e-08
101 4332 4405 46999.99999609549 -1.419121758772235e-06
102 4405 4433 47499.999996944585 -1.985761173273204e-06
103 4433 4462 47899.999996630824 -2.1741084310633596e-06
104 4462 4511 47999.999995099155 -2.3754543008180917e-06
105 4511 4537 48499.99999689501 -2.0595900878106477e-06
106 4537 4803 48999.99999955645 -7.558138293006778e-08
107 4803 4805 49099.999999984655 -5.248693923931569e-09
108 4805 4824 49300.00000000014 -6.821210263296962e-11
109 4824 4841 49499.99999999991 -6.684786058031023e-11
110 4841 5398 49899.99999937196 -4.056348501535467e-08
111 5398 5411 49999.00000000022 -1.8417267710901797e-11
112 5411 6169 49999.99999883991 -3.890847466436753e-08
113 6169 6178 50194.999999785774 -8.125834938255139e-08
114 6178 6185 50299.99999990675 -2.01439434022177e-08
115 6185 6199 50500.00000000014 -3.54702933691442e-11
116 6199 6217 50999.99999999979 -9.140421752817929e-11
117 6217 6235 51449.99999999941 -8.253664418589324e-11
118 6235 6239 51699.99999998308 1.433363649994135e-09
119 6239 6303 51999.99999389842 -2.2385445390682435e-06
120 6303 6328 52499.999995428494 -3.1174394052868593e-06
121 6328 6332 52766.666666505305 33.33333333414157
122 6332 6355 52999.999995758124 -2.953775265268632e-06
123 6355 6385 53499.999993767815 -3.9565744600622565e-06
124 6385 6407 53899.99999999982 -1.4097167877480388e-10
125 6407 6439 53999.99999311517 -4.2057667997141834e-06
126 6439 6440 54499.999999993095 0.0
127 6440 6568 54899.99999777621 -5.861432441633951e-07
128 6568 7121 54999.99999965716 -2.4487270877671108e-08
129 7121 7149 55499.9999930939 -4.508840561356919e-06
130 7149 7151 55899.999999980166 -2.954038791358471e-09
131 7151 7173 56000.000000000175 -1.7462298274040222e-10
132 7173 7185 56242.77777351184 22.88888790793908
133 7185 7215 56499.99999201047 -4.996995244255231e-06
134 7215 7235 56699.999999999854 -1.7462298274040222e-10
135 7235 7254 56899.99999999929 -1.6893864085432142e-10
136 7254 7352 56999.999995829654 -1.1663569807751628e-06
137 7352 7379 57499.999992178426 -5.160015803085116e-06
138 7379 7403 57899.99999999992 -2.460183168295771e-10
139 7403 7477 57999.99999295238 -2.1761797484032286e-06
140 7477 7481 58499.99999996813 -1.3460521586239338e-09
141 7481 7513 58998.99998991388 -5.915973588344059e-06
142 7513 7766 58999.99999941948 -1.1185444748207374e-07
143 7766 7784 59100.000000000146 -1.5643308870494366e-10
144 7784 7819 59199.99998922112 -5.857678729626059e-06
145 7819 7856 59499.99998875391 -5.800833264402172e-06
146 7856 7864 59699.99999999994 -2.4101609596982598e-11
147 7864 7883 59849.999999999345 -2.0872903405688703e-10
148 7883 8135 59899.99999943885 -1.0574288467068982e-07
149 8135 8136 59994.99999999101 0.0
150 8136 8500 59999.99999912581 -9.726129235332337e-08
151 8500 8520 60055.374999977605 14.749999997487294
152 8520 8541 60659.99999999935 -2.7489477361086756e-10
153 8541 8557 60999.99999999962 -1.766693458193913e-10
154 8557 8583 61499.99999999942 -3.3242031349800527e-10
155 8583 8600 61899.99999999947 -2.0168045011814684e-10
156 8600 8741 61999.999997841594 -5.324755534275027e-07
157 8741 8752 62099.9999999997 -6.275513442233205e-11
158 8752 8793 62499.99998623142 -6.1718463939541834e-06
159 8793 8861 62999.999990255135 -2.962046721677325e-06
160 8861 8869 63499.99999999975 -4.1382008930668235e-11
161 8869 8889 63799.9999999996 -3.2309799280483276e-10
162 8889 8913 63899.999999998996 -3.70391717297025e-10
163 8913 8963 63999.999999999265 -2.760316419880837e-10
164 8963 8985 64125.00000000046 -3.483364707790315e-10
165 8985 8994 64500.00000000004 -5.32054400537163e-11
166 8994 8995 64794.99999998893 0.0
167 8995 9154 64899.99999827216 -4.066860981311038e-07
168 9154 9663 64999.999998705185 -8.560839859228508e-08
169 9663 9679 65500.000000000444 -2.6557245291769505e-10
170 9679 9683 65899.99999993129 -1.5910700312815607e-08
171 9683 9703 66000.0 -3.5083758120890707e-10
172 9703 9750 66499.99999999945 -2.767137630144134e-10
173 9750 9848 66999.99999456531 -1.4570372854905145e-06
174 9848 9880 67499.9999999994 -4.412186171975918e-10
175 9880 9893 67599.99999999988 -1.7053025658242404e-10
176 9893 9925 67899.99999999948 -4.906723916064948e-10
177 9925 9994 67999.99998877513 -3.256999320910836e-06
178 9994 10008 68099.99999999955 -2.3010215954855084e-10
179 10008 10045 68499.99999229536 -3.08691824102425e-07
180 10045 10341 68999.99999947526 -7.592586825921899e-08
181 10341 10345 69299.9999999101 -2.5012923288159072e-08
182 10345 10385 69500.0000000432 -2.1465211830218323e-09
183 10385 10389 69799.9999999067 -2.651813701959327e-08
184 10389 10700 69899.99999961712 -6.725771584115137e-08
185 10700 10716 69994.9999999986 -3.48791218129918e-10
186 10716 10727 69998.99999999974 -1.3733369996771216e-10
187 10727 11165 69999.99999968815 -2.742528693033819e-08
188 11165 11198 70500.00000028813 1.0647681847331114e-08
189 11198 11200 70899.99999999996 -4.984030965715647e-10
190 11200 11223 70999.99999999751 -5.243236955720931e-10
191 11223 11237 71599.99999999894 -3.183231456205249e-10
192 11237 11252 71900.00000000015 -3.469722287263721e-10
193 11252 11325 71999.9999886245 -3.1485731142311124e-06
194 11325 11326 72499.99999998535 0.0
195 11326 11339 72599.99999999978 -2.7694113668985665e-10
196 11339 11351 72699.99999999972 -2.2964741219766438e-10
197 11351 11371 72899.99999999967 -5.384208634495735e-10
198 11371 11469 72999.99999379672 -1.6203078985199681e-06
199 11469 11485 73299.99999999949 -4.511093720793724e-10
200 11485 11506 73399.999999999 -6.089067028369755e-10
201 11506 11510 73499.9999998797 -3.89072738471441e-08
202 11510 11530 73699.99999999873 -5.429683369584382e-10
203 11530 11587 74000.00000000114 -2.31239027925767e-10
204 11587 11596 74299.9999999999 -8.412825991399586e-11
205 11596 11615 74399.99999999967 -5.529727786779404e-10
206 11615 11637 74499.99999999971 -6.480149750132114e-10
207 11637 11642 74799.99999999996 1.8189894035458565e-12
208 11642 11945 74899.99999941631 -7.597705575790314e-08
209 11945 12647 74999.99999958232 -1.1951300393775455e-08
210 12647 12672 75099.99999999952 -6.425580068025738e-10
211 12672 12690 75199.99999999939 -5.375113687478006e-10
212 12690 12707 75499.99999999854 -5.311449058353901e-10
213 12707 12718 75900.00000000026 -2.2600943339057267e-10
214 12718 12741 75999.99999999836 -6.71207089908421e-10
215 12741 12749 76499.99999999978 -9.094947017729282e-11
216 12749 12769 76599.99999999834 -6.834852683823556e-10
217 12769 12782 76899.99999999923 -3.433342499192804e-10
218 12782 12892 76999.99999497867 -1.2897070291728596e-06
219 12892 12938 77500.00000000992 -7.664766599191353e-10
220 12938 12989 77999.99999999779 -3.498143996694125e-10
221 12989 12998 78099.99999999991 -1.3596945791505277e-10
222 12998 13008 78499.99999999974 -2.3146640160121024e-10
223 13008 13284 78999.99999948291 -1.0522978755034273e-07
224 13284 13336 79499.99999999932 -3.439026841078885e-10
225 13336 13337 79608.99999998159 0.0
226 13337 13697 79899.99999943869 -6.802413565765164e-08
227 13697 13727 79950.0000001458 1.0353232937632129e-08
228 13727 14668 79999.9999994041 -1.0142244377675524e-08
229 14668 14732 80999.99999999977 -2.8819613362429664e-10
230 14732 14733 81499.99999998057 0.0
231 14733 14748 81699.9999999993 -5.843503458891064e-10
232 14748 14775 81900.00000001093 -1.765556589816697e-09
233 14775 14778 81949.999999933 -4.300090949982405e-09
234 14778 14867 81999.99999093286 -2.353576860514295e-06
235 14867 14889 82499.99999999932 -8.390088623855263e-10
236 14889 14901 82699.99999999991 -4.0245140553452075e-10
237 14901 14935 82899.99999990506 4.4569560486706905e-08
238 14935 14936 82998.99999997969 0.0
239 14936 14968 83000.00000011799 -2.882643457269296e-09
240 14968 14982 83099.99999999911 -5.652509571518749e-10
241 14982 15012 83499.99999999869 -9.099494491238147e-10
242 15012 15015 83544.9999999263 -8.381903171539307e-09
243 15015 15035 83599.99999999929 -8.797087502898648e-10
244 15035 15051 83999.99999999936 -7.09405867382884e-10
245 15051 15212 84899.99999786087 -5.124093718222866e-07
246 15212 15227 84998.99999999975 -7.23048287909478e-10
247 15227 15759 84999.99999915142 -4.7048203555277723e-08
248 15759 15767 85459.99999756628 19.999999701728484
249 15767 15789 85799.99999999782 -9.56333678914234e-10
250 15789 15808 85899.9999999986 -8.826646080706269e-10
251 15808 15914 85999.99999379096 -1.5989164126040123e-06
252 15914 15933 86449.99999999898 -9.231371222995222e-10
253 15933 15955 86599.99999983898 -1.905846147565171e-09
254 15955 16018 87000.00000000051 -1.7121237760875374e-10
255 16018 16089 87499.99999986912 5.760512067354284e-10
256 16089 16091 87899.99999996672 5.880792741663754e-09
257 16091 16192 87999.99999279743 -1.8557800558482995e-06
258 16192 16645 88999.99999860441 -1.1001381494679663e-07
259 16645 16684 89500.00000002248 -1.0186340659856796e-09
260 16684 16841 89899.99999759955 -5.808880132462946e-07
261 16841 16844 89998.99999989616 -2.6733687263913453e-08
262 16844 17373 89999.99999884248 -6.247219630495238e-08
263 17373 17391 90799.9999999984 -1.0682015272323042e-09
264 17391 17394 90899.99999989152 -2.949127519968897e-08
265 17394 17464 90999.9999999797 -9.838458936428651e-10
266 17464 17484 91499.99999999818 -1.1073097994085401e-09
267 17484 17573 91999.99998952686 -2.6819157028512564e-06
268 17573 17601 92499.99999938015 -4.234425432514399e-08
269 17601 17631 92999.99999998613 -1.1971224012086168e-09
270 17631 17652 93299.99999999786 -1.230546331498772e-09
271 17652 17662 93499.9999999996 -4.511093720793724e-10
272 17662 17668 93599.99999999994 -8.36735125631094e-11
273 17668 17738 94000.00000000017 -1.1880274541908875e-10
274 17738 17742 94499.99999999994 -5.4569682106375694e-12
275 17742 17750 94600.00000000001 -2.41016095969826e-10
276 17750 17756 94770.00000000006 -7.366907084360719e-11
277 17756 17807 94899.99999999354 -4.150706445216201e-10
278 17807 18337 94999.99999958267 -2.3179040908871684e-08
279 18337 18364 95499.99999999606 -1.3692442735191435e-09
280 18364 18382 95599.99999999866 -1.2487362255342305e-09
281 18382 18400 95899.99999999795 -1.2664713722188026e-09
282 18400 18445 96000.00000018463 -1.595458343217615e-08
283 18445 18446 96499.99999997103 0.0
284 18446 18541 96999.99999061164 -2.4072880364656157e-06
285 18541 18554 97299.9999999994 -9.076757123693824e-10
286 18554 18579 97499.9999999301 -4.992216418031603e-09
287 18579 18592 97899.99999999875 -9.63154889177531e-10
288 18592 18667 97999.99999999967 -2.4363089323742315e-10
289 18667 18697 98399.99999999603 -1.4242687029764056e-09
290 18697 18739 98499.99999999054 -1.8378614186076447e-09
291 18739 18740 98899.99999996931 0.0
292 18740 19132 98999.99999887201 -1.4043332896562788e-07
293 19132 19155 99499.9999999936 -1.4561010175384581e-09
294 19155 19163 99699.99999999967 -2.9194779926910996e-10
295 19163 19420 99899.9999988908 -1.879722049125121e-07
296 19420 19439 99996.6470610146 0.23529508405090382
297 19439 20098 99999.99999953217 -1.1978912084487092e-08
298 20098 20099 100099.9999999685 0.0
299 20099 20135 100999.99999999983 -1.3130829756846651e-09
300 20135 20142 101799.99999999933 -1.7007550923153758e-10
301 20142 20257 101999.9999940222 -1.5326062339227065e-06
302 20257 20273 102899.99999999767 -1.4169927453622222e-09
303 20273 20362 103000.00000006493 -6.791651685489342e-10
304 20362 20363 103499.9999999659 0.0
305 20363 20407 104000.00000000883 -7.062226359266788e-10
306 20407 20434 104199.99999999853 -1.4679244486615062e-09
307 20434 20436 104899.99999991647 2.2786480258218944e-08
308 20436 20866 104999.99999906028 -7.499482990169781e-08
309 20866 20887 105099.99999999758 -1.5934347175061703e-09
310 20887 21022 105999.99999595941 -1.0256538303110574e-06
311 21022 21042 106099.99999999735 -1.6625563148409128e-09
312 21042 21043 106499.99999996363 0.0
313 21043 21059 106699.999999997 -1.5734258340671659e-09
314 21059 21091 106999.99999999176 -2.142996891052462e-09
315 21091 21092 107899.99999996256 0.0
316 21092 21160 108000.00000000386 -2.205524651799351e-10
317 21160 21276 108999.9999937185 -1.595799346887361e-06
318 21276 21299 109399.99999999895 -1.7271304386667907e-09
319 21299 21324 109499.99999224169 -2.821930138452444e-07
320 21324 21515 109899.99999795335 -4.381313374324236e-07
321 21515 21524 109954.9999999988 -6.411937647499144e-10
322 21524 22105 109999.99999865041 -6.171795519094303e-08
323 22105 22139 110099.99999999911 -1.1661995813483372e-09
324 22139 22143 110599.99999999993 -1.4551915228366852e-11
325 22143 22220 110999.99999999306 -2.5363533495692536e-10
326 22220 22262 111699.99999996732 -2.5195276975864545e-09
327 22262 22280 111999.99999985551 -1.5123987395782024e-08
328 22280 22310 112499.99999984163 -2.1777850633952767e-09
329 22310 22312 112699.99999989172 200.00000002609522
330 22312 22352 112999.99999999253 -9.029008651850745e-10
331 22352 22362 113249.99999999882 -9.567884262651205e-10
332 22362 22371 113499.99999999831 -7.039488991722465e-10
333 22371 22384 113599.99999999796 -1.5297700883820653e-09
334 22384 22394 113749.99999999884 -9.667928679846227e-10
335 22394 22442 113999.99999999769 -6.605205271625891e-10
336 22442 22450 114399.9999999993 -5.420588422566652e-10
337 22450 22553 114899.9999909369 -2.31056401389651e-06
338 22553 22559 114998.99999999988 -1.6279955161735415e-10
339 22559 23063 114999.99999942869 -3.6001964076604054e-08
340 23063 23067 115500.00000000009 -3.456079866737127e-11
341 23067 23103 115900.00000000616 -1.5309069567592815e-09
342 23103 23166 115999.99999990418 6.043899247742957e-08
343 23166 23181 116199.9999999975 -1.934040483320132e-09
344 23181 23183 116599.99999987916 300.0000000272448
345 23183 23231 117000.00000002993 -3.2439402275485918e-09
346 23231 23252 117499.99999989233 -3.957211447414011e-09
347 23252 23253 117899.99999995445 0.0
348 23253 23318 117999.99999995249 -1.5879777492955327e-09
349 23318 23335 118499.99999853346 -1.3875160220777616e-07
350 23335 23356 118799.99999965829 -3.2600837585050613e-09
351 23356 23551 118999.99999820378 -3.989533183812455e-07
352 23551 23566 119499.99999999814 -2.071374183287844e-09
353 23566 23920 119899.9999994192 -6.695537990708544e-08
354 23920 23923 119999.00000000006 -9.094947017729282e-12
355 23923 24481 119999.99999911564 -4.2586847825987206e-08
356 24481 24503 120600.00012070283 -1.311214555244078e-05
357 24503 24514 120999.99999999852 -1.4733814168721437e-09
358 24514 24527 121499.99999999827 -1.913576852530241e-09
359 24527 24528 121899.99999995113 0.0
360 24528 24571 121999.99999996215 -1.2212240108055994e-09
361 24571 24606 122499.99999999761 -2.5088411348406225e-09
362 24606 24607 122749.99999995047 0.0
363 24607 24628 122900.00000152923 -1.458793121855706e-07
364 24628 24634 122999.99999999953 -2.2373569663614035e-10
365 24634 24652 123899.99999968488 2.2782842279411852e-10
366 24652 24689 123999.99999998916 -2.156639311579056e-09
367 24689 24691 124799.99999985308 2.0976585801690817e-08
368 24691 24746 124900.00000004644 -4.8203219193965197e-11
369 24746 25591 124999.99999951711 -1.1302546454317053e-08
370 25591 25594 125099.99999999993 5.4569682106375694e-12
371 25594 25606 125399.99999999825 -1.8690116121433675e-09
372 25606 25628 125900.00000034408 -3.244167601224035e-09
373 25628 25675 125999.9999999958 -7.046310201985762e-10
374 25675 25679 126366.66666624736 66.66666665697994
375 25679 25692 126599.9999999974 -2.1400410332717e-09
376 25692 25703 126899.99999999774 -1.697117113508284e-09
377 25703 25748 126999.99999999547 -2.051820047199726e-09
378 25748 25752 127199.99999999983 -6.548361852765083e-11
379 25752 25761 127499.99999999895 -1.1195879778824747e-09
380 25761 25783 127599.99999949141 -5.092260835226625e-09
381 25783 25786 127900.0 -1.0913936421275139e-11
382 25786 25830 127999.99999999157 -1.1771135177696124e-09
383 25830 25849 128299.99999999338 -2.7175701688975096e-09
384 25849 26105 128999.99999835239 -2.782861656669411e-07
385 26105 26120 129099.99999999725 2.841898094629869e-08
386 26120 26124 129500.00000000006 -3.637978807091713e-11
387 26124 26403 129899.99999912964 -1.8219472508462786e-07
388 26403 26410 129998.99999999977 -5.57520252186805e-10
389 26410 26779 129999.9999993384 -6.743587732671585e-08
390 26779 26794 130899.99999999715 -2.5811459636315703e-09
391 26794 26835 131000.00000009143 5.25369614479132e-09
392 26835 26891 131999.99999998757 -7.487415132345632e-10
393 26891 26894 132874.99999999147 50.00000000755426
394 26894 26980 133999.99999999945 -1.354010237264447e-10
395 26980 26987 134499.99999999904 -5.838955985382199e-10
396 26987 26988 134799.99999993978 0.0
397 26988 27072 134899.9999999969 -2.6716406864579767e-10
398 27072 27073 134949.99999993964 0.0
399 27073 27616 134999.99999904478 -3.975947038270533e-08
400 27616 27635 135299.9999999941 -2.9203874873928726e-09
401 27635 27641 135449.99999999988 -3.67435859516263e-10
402 27641 27671 135999.99999979042 -3.489003574941307e-08
403 27671 27684 136663.6363636074 72.72727269796815
404 27684 27738 138000.00000001694 -1.0263647709507495e-09
405 27738 27895 138999.99999654785 -8.422364885518618e-07
406 27895 27928 139499.99999999814 -1.9995241018477827e-09
407 27928 27929 139699.99999993513 0.0
408 27929 28165 139899.99999876434 -2.562750864854024e-07
409 28165 28169 139998.99999999985 -5.4569682106375694e-11
410 28169 28540 139999.99999774087 -2.4965427769529924e-07
411 28540 28563 140999.99999999884 -3.1445779313798994e-09
412 28563 28587 141999.99999999494 -2.9053808248136193e-09
413 28587 28618 142499.99999996714 -2.3469510779250413e-09
414 28618 28620 142899.9999998 -5.129550117999315e-10
415 28620 28639 142999.99999997532 -3.4947333915624768e-09
416 28639 28641 143899.99999979718 1.407897798344493e-09
417 28641 28667 143999.999999981 -2.3646862246096134e-09
418 28667 28794 144899.99999377647 -1.601174062670907e-06
419 28794 29215 144999.99999931466 -4.2252850107615814e-08
420 29215 29230 146000.00000004866 4.827597877010703e-09
421 29230 29251 146994.99999993728 -4.044977686135098e-09
422 29251 29277 146999.99999998655 -2.533852239139378e-09
423 29277 29278 147499.99999992747 0.0
424 29278 29286 147599.99999999904 -1.3988028513267636e-09
425 29286 29294 147699.99999999916 -1.381522451993078e-09
426 29294 29358 148000.000000032 8.442384569207206e-10
427 29358 29377 148900.00000014776 -7.343260222114623e-09
428 29377 29589 148999.99999804556 -3.6377531387188355e-07
429 29589 29592 149424.9999989908 150.00000008753705
430 29592 30050 149899.9999984159 -1.0673360861801484e-07
431 30050 30067 149993.13329998986 0.26666843105249427
432 30067 30860 149999.99999999258 1.5278089904313674e-10
433 30860 30879 151999.26675251138 0.06672783248586711
434 30879 30908 152499.99999999415 -3.8012331060599536e-09
435 30908 30919 152999.99999999694 -2.8448994271457195e-09
436 30919 30920 153099.99999992174 0.0
437 30920 30963 154000.0000000216 -2.51498022407759e-09
438 30963 30983 154149.99999999354 -3.802597348112613e-09
439 30983 30986 154499.99999999977 -1.4551915228366852e-11
440 30986 31050 154900.000000001 -5.056790541857481e-10
441 31050 31311 154999.9999986119 -2.004592829507601e-07
442 31311 31340 155999.99999998766 -3.3614924177527428e-09
443 31340 31362 156750.0000000087 -3.788045432884246e-09
444 31362 31371 156999.99999999793 -2.2100721253082156e-09
445 31371 31397 157500.00000000035 -4.570210876408964e-09
446 31397 31403 157937.50000004238 124.99999999299325
447 31403 31540 158999.999994668 -1.3935107290308224e-06
448 31540 31846 159899.99999875945 -1.3592131153927767e-07
449 31846 31847 159998.99999991432 0.0
450 31847 32272 159999.99999944962 -4.340753889664484e-08
451 32272 32273 160199.99999991423 0.0
452 32273 32351 161000.00000000396 -3.2957814255496487e-10
453 32351 32352 161499.99999999997 0.0
454 32352 32389 161999.9999999926 -1.3496901374310255e-09
455 32389 32391 162217.0000000012 782.9999999976571
456 32391 32413 163599.99999998987 -4.089542926521972e-09
457 32413 32429 163999.999999996 -5.28325472259894e-09
458 32429 32430 164432.0 0.0
459 32430 32503 164900.0000003586 -1.0686562745831907e-10
460 32503 32507 164998.99999999988 -1.2732925824820995e-10
461 32507 32967 164999.99999875014 -9.449215099266439e-08
462 32967 32971 165324.99999981732 250.00000001796434
463 32971 32985 166259.00000000405 -6.972186383791268e-09
464 32985 33035 167000.0000000297 3.176410245941952e-10
465 33035 33053 167499.99999997247 -6.536538421642035e-09
466 33053 33068 167699.9999999904 -4.727553459815681e-09
467 33068 33079 167999.99999999747 -3.7098288885317743e-09
468 33079 33095 168099.99999999505 -4.65570337837562e-09
469 33095 33284 168999.99999737812 -5.635625370814523e-07
470 33284 33316 169499.99999999095 -3.1523086363449693e-09
471 33316 33621 169899.99999857933 -1.9160358988301596e-07
472 33621 33651 169998.99999998818 -3.658442437881604e-09
473 33651 33833 169999.99999743834 -6.375072416631156e-07
474 33833 33850 170999.9999999608 -4.642970452550799e-09
475 33850 33877 171899.99999993396 2.0913830667268485e-08
476 33877 33900 171999.9999999886 -4.147295840084553e-09
477 33900 33914 172295.45454538643 45.45454545323628
478 33914 33933 173999.99999998813 -5.263245839159936e-09
479 33933 33949 174499.99999999194 -5.818947101943195e-09
480 33949 34126 174899.99999698752 -7.041531944196322e-07
481 34126 34792 174999.99999947628 -1.4666881043012836e-08
482 34792 34818 175216.00000029345 -5.427864380180836e-08
483 34818 34824 175799.99999999919 -9.349605534225702e-10
484 34824 34827 176499.99999999985 -3.637978807091713e-12
485 34827 34845 176999.9999999997 -5.5706550483591855e-09
486 34845 34848 177499.99999999983 -1.0913936421275139e-11
487 34848 34896 178000.0000024146 -1.6592719020991353e-06
488 34896 34900 178199.9999999997 -1.9281287677586079e-10
489 34900 34913 178499.99999999398 -4.957655619364232e-09
490 34913 34914 178899.99999999994 0.0
491 34914 35062 178999.99999526225 -1.2211578450660454e-06
492 35062 35088 179499.99999998638 -3.964942152379081e-09
493 35088 35487 179899.9999988385 -9.687283863968332e-08
494 35487 35499 179949.99999999203 -4.687535692937672e-09
495 35499 35500 179995.0 0.0
496 35500 35521 179998.9999999727 -5.887613951927051e-09
497 35521 35899 179999.99999893055 -6.782789796488942e-08
498 35899 35900 180199.99999999997 0.0
499 35900 35924 181000.00000006304 3.86080500902608e-09
500 35924 35928 181899.9999999998 -1.2732925824820995e-10
501 35928 35937 181934.9999999968 -3.3051037462428212e-09
502 35937 35949 181998.99999999307 -4.883986548520625e-09
503 35949 35977 181999.99999998594 -3.1427589419763535e-09
504 35977 35984 182899.99999999872 -1.7807906260713935e-09
505 35984 36005 182994.9999999866 -4.953108145855367e-09
506 36005 36013 183246.42857145137 107.14285712873425
507 36013 36035 183999.99999998664 -4.779394657816738e-09
508 36035 36038 184500.0000000002 2.9103830456733704e-11
509 36038 36215 184899.9999969342 -7.342200660787057e-07
510 36215 36626 184999.9999993681 -5.501772193383658e-08
511 36626 36650 185499.99999997803 -8.062215783866122e-09
512 36650 36668 186239.4999648198 62.499998777379915
513 36668 36685 186999.99999992125 -1.9218532543163747e-08
514 36685 36689 187399.99999974086 200.0000000191867
515 36689 36732 188000.00000623456 -1.4199622455635108e-07
516 36732 36733 188500.0 0.0
517 36733 36950 188999.99999776878 -3.961420134146465e-07
518 36950 36972 189499.9999999765 -2.836713974829763e-09
519 36972 37290 189899.99999900622 -1.4338019127535517e-07
520 37290 37295 189994.99999999924 -5.475158104673028e-10
521 37295 37318 189999.00000000568 -1.1196334526175633e-08
522 37318 37547 189999.99999819975 -3.3708579394442495e-07
523 37547 37582 191000.00001447878 -1.0425674190628342e-06
524 37582 37622 191999.99999999008 -2.0886545826215297e-09
525 37622 37638 192055.55552277187 111.11110096607445
526 37638 37650 193999.99999999226 -5.647962098009884e-09
527 37650 37654 194500.00000000012 -2.1100277081131935e-10
528 37654 37683 194900.0000000004 -5.923538992647082e-09
529 37683 37691 194998.99999999822 -3.103195922449231e-09
530 37691 38026 194999.99999901507 -1.0315517329217982e-07
531 38026 38056 195499.99999997896 -3.603872755775228e-09
532 38056 38057 195899.99999999997 0.0
533 38057 38095 195999.99999961763 9.026280167745426e-09
534 38095 38100 196699.99999999945 -6.311893230304122e-10
535 38100 38132 196999.99999998562 -3.637978807091713e-09
536 38132 38133 197125.00000000006 0.0
537 38133 38177 197500.0000000118 -1.931311999214813e-09
538 38177 38231 197999.99999999313 -1.915395841933787e-09
539 38231 38247 198499.9999999917 -7.518792699556798e-09
540 38247 38551 198999.99999921638 -1.4145354043648695e-07
541 38551 38569 199499.99999999272 -5.9253579820506275e-09
542 38569 39329 199900.00000004016 -6.59667875879677e-11
543 39329 39351 199918.99999999302 -5.4433257901109755e-09
544 39351 39397 199999.0000000003 -1.3733369996771216e-09
545 39397 39832 199999.99999878608 -7.387401979030983e-08
546 39832 39836 200999.9999999994 -2.6557245291769505e-10
547 39836 39851 203712.99999999223 -6.823029252700508e-09
548 39851 39867 203999.9999999564 -4.451976565178484e-09
549 39867 39929 204899.99999999642 4.1723069443833083e-10
550 39929 39993 205000.00000003568 6.482423486886546e-10
551 39993 39996 205574.99999970626 250.0000000348955
552 39996 40005 206999.49024334844 -0.002817225489707198
553 40005 40006 207500.0 0.0
554 40006 40011 207999.9999999993 -7.821654435247183e-10
555 40011 40017 208798.9999999985 -1.6752892406657338e-09
556 40017 40100 208999.99999999284 -3.9335645851679146e-10
557 40100 40103 209100.00000000003 -5.4569682106375694e-11
558 40103 40325 209899.999996736 -6.836115176156454e-07
559 40325 40328 209998.99999999962 -3.637978807091713e-11
560 40328 40665 209999.99999837743 -1.5884785398156964e-07
561 40665 40672 211305.1666666526 166.66666666405945
562 40672 40694 212900.00000000844 -6.119989848230034e-09
563 40694 40698 212999.99999999983 -2.6557245291769505e-10
564 40698 40711 213899.9999999914 -7.225935405585915e-09
565 40711 40736 214200.00001190664 -9.093373591895215e-07
566 40736 40849 214899.99999999866 -1.240323399542831e-10
567 40849 40852 214998.9999999998 -1.4551915228366852e-11
568 40852 41188 214999.99999916946 -1.0627735491652857e-07
569 41188 41198 215899.9999999935 -5.946276360191405e-09
570 41198 41200 215997.00000000006 -2.546585164964199e-11
571 41200 41223 215999.99999994723 -7.77708919486031e-09
572 41223 41247 216999.99999990914 -1.3213411875767633e-07
573 41247 41259 217899.9999999914 -7.2686816565692425e-09
574 41259 41272 217999.99999999016 -7.942617230582982e-09
575 41272 41288 218500.00000007323 -4.713183443527669e-08
576 41288 41295 218887.99999999756 -3.0850060284137726e-09
577 41295 41399 219000.00000000116 -1.6757439880166203e-10
578 41399 41407 219159.16666730648 56.33333334244162
579 41407 41793 219899.9999991765 -7.139868785088765e-08
580 41793 41797 219948.99999902735 22.999999763640517
581 41797 41814 219998.99999998018 -8.096321835182607e-09
582 41814 42081 219999.99999778968 -3.560660388757242e-07
583 42081 42093 220999.9999999918 -7.426933734677732e-09
584 42093 42094 222000.0 0.0
585 42094 42115 222999.99999998027 -7.472408469766378e-09
586 42115 42136 223499.9999999932 -6.245500117074698e-09
587 42136 42163 223999.99999998338 -4.979028744855896e-09
588 42163 42175 224499.99999999104 -7.623384590260684e-09
589 42175 42178 224549.9999999997 -8.36735125631094e-11
590 42178 42449 224899.99999839618 -2.7645728550851345e-07
591 42449 42470 224995.0000000478 2.8810063668061048e-08
592 42470 42473 224998.99999999985 -6.184563972055912e-11
593 42473 43447 224999.9999999998 8.316192179336213e-11
594 43447 43450 225699.99999999977 -1.0913936421275139e-10
595 43450 43456 225899.99999999793 -2.0318111637607217e-09
596 43456 43481 227000.00000786054 -1.5832893041078933e-06
597 43481 43486 227499.99999999985 -1.0586518328636885e-09
598 43486 43507 227999.99999995754 -9.800714906305075e-09
599 43507 43508 228500.00000000006 0.0
600 43508 43748 228999.9999977102 -3.9452680766771664e-07
601 43748 43757 229499.99999999252 -6.03176886215806e-09
602 43757 44198 229899.9999985605 -8.38604705677426e-08
603 44198 44199 229999.0 0.0
604 44199 44445 229999.99999839472 -3.0590177857448e-07
605 44445 44454 230032.99999999313 -5.90443960390985e-09
606 44454 44466 231500.00000003856 -4.3111867853440344e-08
607 44466 44496 231665.9999999957 -5.280071491142735e-09
608 44496 44539 231999.99999999104 -1.907665136968717e-09
609 44539 44565 232900.00000003853 -9.16525095817633e-08
610 44565 44568 232999.99999999968 -8.003553375601768e-11
611 44568 44578 234000.02422142157 0.0001560544696985744
612 44578 44587 234499.99999999412 -6.146365194581449e-09
613 44587 44588 234800.00000000003 0.0
614 44588 44738 234899.9999999967 -1.7189449863508344e-10
615 44738 44742 234998.9999999995 -3.8562575355172157e-10
616 44742 44990 234999.9999983743 -3.090837594754703e-07
617 44990 44996 235649.99999989505 100.00000000180262
618 44996 45011 236499.99999998737 -9.027644409798086e-09
619 45011 45014 236999.9999999999 -9.822542779147625e-11
620 45014 45054 237500.0000000305 -8.900769898900762e-09
621 45054 45081 237900.00000007456 -1.4788383850827813e-09
622 45081 45083 237999.99999999997 -1.2369127944111824e-10
623 45083 45297 238999.9999976752 -4.816151886188891e-07
624 45297 45767 239899.9999989945 -5.368215738599247e-08
625 45767 45826 239998.9999999838 -3.6484379961621016e-09
626 45826 46151 239999.99999852458 -1.702420036053809e-07
627 46151 46152 240999.99999999994 0.0
628 46152 46165 241999.99999996478 -1.0350049706175923e-08
629 46165 46170 242212.49995955048 325.0000024654328
630 46170 46188 243899.99999998015 -9.312316251453012e-09
631 46188 46202 243999.99999998877 -1.0444637155160308e-08
632 46202 46203 244125.0 0.0
633 46203 46250 244899.99999984066 -2.2115273168310523e-08
634 46250 46492 244999.99999750225 -3.9474099366998416e-07
635 46492 46519 245199.99998618002 1.5677869669161737e-08
636 46519 46542 245900.0000003031 -3.334207576699555e-08
637 46542 46554 247499.99999989494 -8.49468051455915e-10
638 46554 46570 247899.9999999521 -1.0967596608679742e-08
639 46570 46585 247999.999999979 -9.729774319566786e-09
640 46585 46593 248399.99999999534 -5.80803316552192e-09
641 46593 46594 248500.0 0.0
642 46594 46622 248899.99999995698 -8.028109732549638e-09
643 46622 46893 249000.00000001965 -1.2238388080731966e-10
644 46893 46915 249399.99999991572 -1.714124664431438e-08
645 46915 46937 249500.0000003463 -5.667061486747116e-08
646 46937 46953 249524.9999996626 4.694265953730792e-08
647 46953 47829 249899.99999995664 -3.9051428757375106e-11
648 47829 47847 249949.99999997971 -8.530150807928294e-09
649 47847 47867 249986.9999999809 -1.0359144653193653e-08
650 47867 47873 249998.99999999907 -2.699380274862051e-09
651 47873 48674 250000.0000000094 9.873701856122352e-11
652 48674 48675 251000.0 0.0
653 48675 48680 251099.9999999996 -1.4842953532934189e-09
654 48680 48690 251999.99999999284 -8.352799341082573e-09
655 48690 48705 252999.99999998443 -9.986251825466752e-09
656 48705 48711 253999.99999999805 -2.903107088059187e-09
657 48711 48782 254899.99999999456 -1.521584636066109e-09
658 48782 48853 254999.99999999363 -7.282778824446723e-10
659 48853 48867 254899.99999684194 100.00000008599636
660 48867 48876 257499.99999998952 -7.135895430110395e-09
661 48876 48877 258499.99999999997 0.0
662 48877 49011 258999.9999999974 -2.000888343900442e-11
663 49011 49017 259499.9999999964 -3.0959199648350477e-09
664 49017 49018 259625.0 0.0
665 49018 49026 259699.9999999933 -6.3428160501644015e-09
666 49026 49047 259798.9999998984 -7.599737728014588e-09
667 49047 49059 259799.9999998791 -2.9358488973230124e-09
668 49059 49538 259899.99999901679 -3.454067609709455e-08
669 49538 49540 259998.9999999998 3.637978807091713e-11
670 49540 49761 259999.99999999773 2.447677616146393e-10
671 49761 49778 262449.999973995 199.99999718593153
672 49778 49825 264899.99999998085 -3.594777808757499e-09
673 49825 49840 264998.99999997363 -1.1266820365563035e-08
674 49840 50221 264999.99999944126 -7.280954150701291e-08
675 50221 50232 265499.9999999987 -1.37843017000705e-08
676 50232 50237 265599.99999999715 -1.7025740817189217e-09
677 50237 50254 265899.9999999839 -1.1531483323778957e-08
678 50254 50291 265999.9999996244 -7.142716640373692e-09
679 50291 50292 267000.0 0.0
680 50292 50315 267999.9999999754 -7.632479537278414e-09
681 50315 50617 268999.9999986236 -1.6432011307188077e-07
682 50617 50637 269499.9999992638 -1.0289113561157137e-08
683 50637 51140 269900.00000000873 1.7485035641584545e-10
684 51140 51150 269933.0714285484 10.571428599674618
685 51150 51361 269999.99999716633 -5.382918288887595e-07
686 51361 51366 271999.99999999715 -1.7680577002465725e-09
687 51366 51382 272499.99999997736 -1.153875928139314e-08
688 51382 51395 272999.99999998795 -1.5292243915610015e-08
689 51395 51420 273899.99999992625 -9.394170774612576e-09
690 51420 51442 274499.9999999658 -1.070930011337623e-08
691 51442 51467 274865.00000001775 -1.1207703209947795e-08
692 51467 51626 274899.9999999661 4.149569576838985e-11
693 51626 51632 274985.799996371 4.400001186273585
694 51632 52246 274999.9999999757 3.8966163629083894e-11
695 52246 52264 275462.49999707786 175.00000018067294
696 52264 52517 278999.99999798666 -3.0042428988963366e-07
697 52517 52531 279499.99999997974 -1.1834345059469342e-08
698 52531 52539 279690.39999997313 29.799999994167592
699 52539 52913 279899.999999979 -2.1020696294726804e-10
700 52913 52914 279977.0 0.0
701 52914 52924 279998.99999989953 -1.097942003980279e-08
702 52924 53111 279999.99999998504 1.5427303878823295e-10
703 53111 53119 282849.99999905226 220.00000007621566
704 53119 53192 284900.0000000231 2.512479113647714e-10
705 53192 53216 284998.99999996705 -9.444192983210087e-09
706 53216 53570 284999.99999908183 -9.830148428591201e-08
707 53570 53571 285499.9999999999 0.0
708 53571 53578 285899.9999999942 -5.922629497945309e-09
709 53578 53594 286999.99999997445 -1.2574673746712506e-08
710 53594 53602 288124.999999429 83.33333303354812
711 53602 53834 288999.99999999517 -3.149125404888764e-10
712 53834 53844 289500.00000008754 -4.754292604047805e-08
713 53844 53847 289799.99999999895 6.548361852765083e-11
714 53847 54258 289899.9999999904 -5.638867150992155e-11
715 54258 54259 289976.99999999994 0.0
716 54259 54267 289998.99999999325 -8.252754923887551e-09
717 54267 54454 289999.9999999872 -1.77351466845721e-11
718 54454 54473 290899.9999999802 -3.0005139706190675e-08
719 54473 54474 292499.9999999999 0.0
720 54474 54487 292647.99999998685 -1.3395037967711687e-08
721 54487 54489 293699.9999999996 300.0000000000582
722 54489 54570 294899.9999999958 -3.9176484278868884e-10
723 54570 54587 294995.00001119444 -8.308143151225522e-07
724 54587 54605 294998.99999980885 1.1241354513913393e-08
725 54605 55014 294999.9999991635 -6.11986479270854e-08
726 55014 55023 295509.99999999936 220.00000007107337
727 55023 55045 297999.99999983096 -2.103934093611315e-08
728 55045 55046 298499.9999999999 0.0
729 55046 55591 298999.9999997059 -1.7484808267909102e-08
730 55591 55607 299412.9999999468 -1.5217665350064635e-08
731 55607 55644 299499.99999997736 -3.807599568972364e-09
732 55644 56663 299899.9981356906 7.437017498546084e-05
733 56663 56669 299949.99999999575 -4.489265847951174e-09
734 56669 56714 299984.5951805543 0.19047805838681597
735 56714 56853 299999.00000000437 -8.640199666842818e-11
736 56853 57384 299999.9999999955 1.602415977686178e-10
737 57384 57391 300862.49999514804 25.000000131425622
738 57391 57406 302399.9999999815 -1.3955286704003811e-08
739 57406 57421 302499.99999994144 -2.128217602148652e-08
740 57421 57422 304888.00000000006 0.0
741 57422 57454 304899.9999999664 -4.930370778311044e-09
742 57454 57455 304999.0 0.0
743 57455 57533 304999.9999999972 -5.470610631164163e-10
744 57533 57540 305899.99999999156 -7.0394889917224646e-09
745 57540 57542 307800.0 8.003553375601768e-11
746 57542 57559 307899.99999999016 -1.6802005120553076e-08
747 57559 57561 308000.0000000002 511.9999999999418
748 57561 57611 308999.9999999873 -2.6911948225460947e-09
749 57611 57794 309900.0000000321 6.559730536537245e-11
750 57794 57817 309998.99999996444 -1.1499651009216905e-08
751 57817 57949 310000.0000000054 3.069544618483633e-11
752 57949 57954 310847.99999999866 -2.5283952709287405e-09
753 57954 57974 311999.9999957718 -2.901260813814588e-07
754 57974 57975 312500.0 0.0
755 57975 58007 313999.99999996525 -5.035872163716704e-09
756 58007 58019 314457.99999998254 -1.4564648154191673e-08
757 58019 58075 314900.00000003405 1.5465957403648645e-09
758 58075 58079 314998.99999999866 -7.676135282963514e-10
759 58079 58242 315000.00000000204 -8.321876521222293e-11
760 58242 58243 315900.0000000001 0.0
761 58243 58266 317000.0000000744 -3.072636900469661e-08
762 58266 58269 317599.9999994473 200.0000000131913
763 58269 58292 317999.99999995047 -1.3247699826024473e-08
764 58292 58298 318463.9999999954 -5.027686711400747e-09
765 58298 58299 318899.99999999994 0.0
766 58299 58421 319000.00000000413 4.274625098332763e-11
767 58421 58426 319699.9999999976 -2.7976057026535273e-09
768 58426 58738 319899.9999990193 -1.6520630197192077e-07
769 58738 58763 319998.99999993236 -2.4206201487686485e-08
770 58763 58895 319999.99999998376 -5.6843418860808015e-11
771 58895 58898 320874.99997305614 1550.0000642909145
772 58898 58909 323999.99999997334 -2.7184796635992825e-08
773 58909 58914 324499.9999999987 -2.750311978161335e-09
774 58914 59199 324899.9999999955 1.0197709343628958e-10
775 59199 59223 324998.99999975064 -1.6142621461767703e-08
776 59223 59783 324999.99999997404 -7.543121682829224e-11
777 59783 59796 325267.99999996525 -1.4984834706410766e-08
778 59796 59805 326187.1428569916 190.71428571790238
779 59805 59998 328999.99999999494 -8.174083632184193e-11
780 59998 59999 329499.99999999994 0.0
781 59999 60361 329899.9999999801 2.290221345901955e-10
782 60361 60381 329999.00000000844 -1.3392309483606368e-08
783 60381 60563 330000.0000000008 -1.74395609064959e-10
784 60563 60575 330118.7856844643 385.71427868990213
785 60575 60586 333999.99999998225 -1.6751073417253792e-08
786 60586 60656 334899.99999999785 -8.735696610528976e-10
787 60656 60659 334998.9999999995 -1.1641532182693481e-10
788 60659 60902 335000.00000001804 9.970335668185726e-11
789 60902 60913 336043.7499681551 262.4999929602891
790 60913 61036 339000.0000000012 -8.230927051045e-11
791 61036 61042 339499.9999999962 -5.969923222437501e-09
792 61042 61052 339799.999999986 -1.507942215539515e-08
793 61052 61365 339900.00000002346 -1.8246737454319373e-10
794 61365 61386 339998.9999999361 -1.2829332263208926e-08
795 61386 61541 339999.9999999964 -9.981704351957887e-11
796 61541 61545 341950.0000008283 499.99999995779945
797 61545 61554 343999.99999998894 -1.393345883116126e-08
798 61554 61616 344899.99999999517 -8.012648322619498e-10
799 61616 61743 345000.0000000005 -3.078639565501362e-10
800 61743 61769 345999.9999999634 -2.018259692704305e-08
801 61769 61782 347000.0000000101 -1.8966602510772645e-08
802 61782 61783 347499.9999999999 0.0
803 61783 61801 347599.9999999589 -1.522857928648591e-08
804 61801 61813 347899.9999999273 -2.155866241082549e-08
805 61813 61817 348295.99999802257 295.9999995597027
806 61817 62028 348999.9999999916 1.8349055608268827e-10
807 62028 62029 349500.0 0.0
808 62029 62042 349799.99999996787 -1.878834154922515e-08
809 62042 62066 349887.9999999922 -1.0868461686186492e-08
810 62066 62764 349900.00000001496 8.753886504564434e-12
811 62764 62766 349986.99999999977 -1.4551915228366852e-11
812 62766 62808 349989.99999998236 -4.279172571841627e-09
813 62808 62813 349998.99999999674 -3.41970007866621e-09
814 62813 63522 350000.0000000029 -4.461895741769695e-09
815 63522 63527 352374.9999962007 524.9999994040008
816 63527 63600 354900.00000009517 -1.943135430337861e-09
817 63600 63601 354999.0 0.0
818 63601 63710 354999.99999998533 -1.8394530343357474e-10
819 63710 63737 355899.999999818 -1.6227204469032586e-08
820 63737 63740 355999.9999999993 -1.3096723705530167e-10
821 63740 63760 356999.99999996513 -1.386797521263361e-08
822 63760 63766 357499.99999999366 -6.653863238170743e-09
823 63766 63767 357900.0 0.0
824 63767 63784 357999.9999998076 -4.021603672299534e-08
825 63784 63895 359000.0000000005 -5.522906576516107e-10
826 63895 63913 359499.999999843 -2.9480361263267696e-08
827 63913 63914 359787.9999999998 0.0
828 63914 63926 359799.999999974 -1.8175342120230198e-08
829 63926 64108 359900.00000000425 -3.7061909097246826e-11
830 64108 64128 359998.9999999706 -1.587432052474469e-08
831 64128 64206 360000.00000000163 -8.626557246316224e-10
832 64206 64208 362999.9999999999 5.093170329928398e-11
833 64208 64231 363999.99999971327 -4.1465682443231344e-08
834 64231 64299 364900.0000000008 -1.6780177247710526e-09
835 64299 64317 364998.9999999579 -1.700209395494312e-08
836 64317 64651 364999.9999999408 1.8530954548623413e-10
837 64651 64669 367499.9999999302 -1.7174897948279977e-08
838 64669 64680 367766.6666651402 66.66666664053446
839 64680 64700 368899.9999997883 -1.768239599186927e-08
840 64700 64842 368999.9999999836 -3.2014213502407074e-10
841 64842 65120 369900.0000000126 -1.7826096154749393e-10
842 65120 65121 369999.0 0.0
843 65121 65186 369999.99999943713 -2.2527729015564546e-08
844 65186 65190 372533.3332925025 933.333327404318
845 65190 65327 374900.0000000532 -2.432898327242583e-10
846 65327 65335 374986.4004590667 1.799972692206211
847 65335 65964 374999.9999999743 -2.340811988688074e-10
848 65964 65988 376999.999999659 -3.538207238307223e-08
849 65988 65995 377034.9999999914 -1.0964868124574423e-08
850 65995 65999 377199.9999999984 -1.3606040738523006e-09
851 65999 66011 377999.9999992215 -7.251037459354848e-08
852 66011 66070 378999.9999999439 7.0090209192130715e-09
853 66070 66073 379499.9999999992 -1.1641532182693481e-10
854 66073 66080 379574.9999999904 -1.1110387276858091e-08
855 66080 66376 379899.999999977 6.994014256633818e-10
856 66376 66397 379989.9999999411 -1.5845216694287956e-08
857 66397 66420 379998.99999994197 -1.2702912499662489e-08
858 66420 66575 379999.99999999267 -5.159108695806935e-10
859 66575 66578 381874.99999995343 249.99999997668783
860 66578 66599 383499.9999997114 -2.4154178390745074e-07
861 66599 66601 384799.9999999997 -1.8917489796876907e-10
862 66601 66684 384899.9999999973 -5.602487362921238e-10
863 66684 67136 384999.9999999798 1.9110757421003655e-10
864 67136 67137 385900.0 0.0
865 67137 67170 385999.9999998062 -1.4614670362789184e-08
866 67170 67174 386899.999999998 -1.469743438065052e-09
867 67174 67184 386999.9999999801 -2.03253875952214e-08
868 67184 67192 387499.9999999881 -1.4788383850827813e-08
869 67192 67220 387999.99999992223 -1.6155354387592524e-08
870 67220 67221 388899.9999999999 0.0
871 67221 67330 389000.00000001845 2.2282620193436742e-11
872 67330 67331 389500.00000000006 0.0
873 67331 67607 389899.99999997293 -2.9899638320785016e-11
874 67607 67670 389998.99999998143 -1.6448211681563407e-09
875 67670 67807 390000.0000000018 1.191438059322536e-10
876 67807 67808 390899.99999999994 0.0
877 67808 67816 390999.9999999858 -1.5046680346131325e-08
878 67816 67820 391999.9999999974 -1.4260876923799515e-09
879 67820 67821 392900.0 0.0
880 67821 67844 392999.9999999525 -1.3809767551720142e-08
881 67844 67845 393999.9999999999 0.0
882 67845 67891 394899.99999999587 -2.623892214614898e-09
883 67891 67917 394998.99999985757 -2.6334419089835137e-08
884 67917 68370 395000.00000004045 -2.623892214614898e-10
885 68370 68371 395900.00000000006 0.0
886 68371 68398 395954.99999916623 -1.1479914974188432e-07
887 68398 68417 396000.0000000059 -2.2830136003904045e-08
888 68417 68442 397000.00000006496 -3.544118953868747e-08
889 68442 68444 397899.99999999977 -1.673470251262188e-10
890 68444 68462 397999.99999917217 -9.556242730468512e-08
891 68462 68463 398714.99999999994 0.0
892 68463 68481 398899.9999999457 -1.8048012861981988e-08
893 68481 69117 399000.00000000355 1.801936377887614e-11
894 69117 69126 399499.9999999856 -1.8531864043325186e-08
895 69126 69139 399699.99999996315 -2.193701220676303e-08
896 69139 69141 399827.99999999977 -9.458744898438454e-11
897 69141 69831 399900.0000000051 6.616573955398053e-11
898 69831 69853 399949.99999992474 -1.606713340152055e-08
899 69853 69854 399990.0 0.0
900 69854 69908 399998.99999979534 -3.3815922506619245e-08
901 69908 70122 400000.0000000001 1.2812506611226127e-10
902 70122 70126 401999.9999999989 -1.5279510989785194e-09
903 70126 70127 402900.0000000002 0.0
904 70127 70140 404899.9999999341 -2.7721398510038853e-08
905 70140 70205 404999.9999999867 -1.1223164619877934e-09
906 70205 70206 405999.99999999994 0.0
907 70206 70210 406999.99999999977 -1.7389538697898388e-09
908 70210 70211 408999.0 0.0
909 70211 70242 408999.9999999463 -2.1373125491663814e-08
910 70242 70247 409499.99999999796 -5.085894372314215e-09
911 70247 70298 409899.9999999797 -3.841250872937962e-09
912 70298 70312 409985.94994436455 0.9000015140609321
913 70312 70393 409999.9999999946 -8.039933163672686e-10
914 70393 70421 414899.99999992154 -1.6485500964336097e-08
915 70421 70436 414998.99999996397 -2.251181285828352e-08
916 70436 70562 415000.0000000089 8.344613888766617e-11
917 70562 70575 416291.49987335654 200.99999910435326
918 70575 70698 419000.0000000246 -2.041815605480224e-10
919 70698 70895 419899.99999997416 4.2518877307884395e-11
920 70895 70898 419998.9999999989 -1.7462298274040222e-10
921 70898 71046 420000.0000000102 -3.5697667044587433e-11
922 71046 71066 421189.99999993126 -1.9184881239198148e-08
923 71066 71086 421759.99999993405 -1.8599166651256382e-08
924 71086 71087 423787.9999999999 0.0
925 71087 71104 423999.9999995971 -7.938433554954827e-08
926 71104 71200 424899.99999999074 -2.9831426218152046e-10
927 71200 71201 424977.0000000001 0.0
928 71201 71727 424999.99999997526 -1.9844037524308078e-10
929 71727 71730 425399.9999999947 1000.000000005195
930 71730 71756 428000.0000000371 -2.929482434410602e-08
931 71756 71776 428217.999999948 -2.4841938284225762e-08
932 71776 71812 428999.9999999959 -2.637534635141492e-10
933 71812 71820 429473.9999999832 -1.8088030628859997e-08
934 71820 71828 429799.9999999826 -1.8015271052718163e-08
935 71828 72016 429899.9999999807 1.0436451702844352e-10
936 72016 72046 429998.99999189086 -4.463463483261876e-07
937 72046 72085 429999.9999865545 -3.6477531466516666e-06
938 72085 72086 432900.0000000001 0.0
939 72086 72106 434899.99999995116 -1.7909769667312503e-08
940 72106 72249 434999.9999999382 2.930846676463261e-10
941 72249 72268 435899.9999999475 -2.1442247088998556e-08
942 72268 72289 436590.00000003824 -3.3436663215979934e-08
943 72289 72294 437200.0000000087 499.9999999785359
944 72294 72374 438999.99999999214 -8.021743269637227e-10
945 72374 72409 439499.99999999074 -7.273229130078107e-09
946 72409 72671 439900.0000000253 9.617906471248716e-11
947 72671 72737 440000.0001653406 -2.213645893789362e-05
948 72737 72738 442000.00000000006 0.0
949 72738 72759 442499.99999667297 -2.3980828700587153e-07
950 72759 72796 444899.99999997474 -5.274159775581211e-09
951 72796 72798 444998.9999999994 -4.3655745685100555e-11
952 72798 72877 444999.99999999476 -7.112248567864299e-10
953 72877 72885 444846.8749787216 118.75000217220077
954 72885 72903 445899.9999998222 -4.040157364215702e-08
955 72903 72907 446666.6666549281 333.33333300080994
956 72907 72932 448998.9999991497 -1.14359863800928e-07
957 72932 73101 448999.99999996624 -3.7971403799019754e-11
958 73101 73123 449499.9999999393 -1.7258571460843086e-08
959 73123 73138 449668.1923189891 15.15384629158325
960 73138 73458 449900.000000025 -4.6009063225938007e-10
961 73458 73490 449998.9999999556 -9.352334018331021e-09
962 73490 73971 449999.99999997934 -4.1660541683086194e-10
963 73971 73978 452174.9999976449 649.9999996268052
964 73978 73994 454999.9999999283 -3.563218342605978e-08
965 73994 73996 455899.9999999999 1.3096723705530167e-10
966 73996 74033 458999.9999999925 -6.265509000513703e-09
967 74033 74271 459900.00000003586 -5.020410753786564e-10
968 74271 74272 459999.00000000006 0.0
969 74272 74328 460000.00000000984 -3.39787220582366e-09
970 74328 74330 461999.9999999991 2000.0000000002328
971 74330 74351 464900.000000031 -3.5657649277709424e-08
972 74351 74571 464999.9999999928 1.978150976356119e-10
973 74571 74578 467999.9999999845 -1.673834049142897e-08
974 74578 74579 468500.0000000001 0.0
975 74579 74644 468999.99998811714 4.1583916754461825e-08
976 74644 74645 469887.99999999994 0.0
977 74645 74841 469900.00000001164 1.90084392670542e-10
978 74841 74868 469999.0684280837 0.05408065479150537
979 74868 74870 471976.99999999965 1522.999999999578
980 74870 74897 474000.00000048784 -1.2605596566572785e-07
981 74897 74924 474499.9999999111 -1.4844772522337735e-08
982 74924 75064 474899.99999997474 -1.2141754268668592e-10
983 75064 75068 474998.9999999974 -2.306478563696146e-09
984 75068 75491 475000.0000000109 3.1241143005900085e-10
985 75491 75508 475199.9999999326 -2.8237991500645876e-08
986 75508 75540 475899.9999998713 -9.523319022264332e-09
987 75540 75545 476376.99999999197 -6.897607818245888e-09
988 75545 75560 476999.99999994563 -2.5718691176734865e-08
989 75560 75562 477899.99999999953 999.9999999998545
990 75562 75579 478929.9999999445 -2.3506800062023103e-08
991 75579 75678 479000.0000000087 -5.616129783447832e-10
992 75678 75679 479499.99999999994 0.0
993 75679 75810 479899.99999999447 -2.751221472863108e-10
994 75810 75811 479998.99999999994 0.0
995 75811 75867 480000.0000019579 2.1608684619423002e-08
996 75867 75874 482499.99999998463 -1.7975253285840154e-08
997 75874 75876 482899.9999999995 1887.9999999998836
998 75876 75888 484899.99999995995 -2.8845533961430192e-08
999 75888 75889 484998.9999999999 0.0
1000 75889 75977 485000.0000000103 -7.644302968401462e-10
1001 75977 75980 486496.9999997354 1594.0000000518849
1002 75980 76002 488999.9999997742 -2.2624590201303363e-08
1003 76002 76359 489899.9999999969 -1.042508301907219e-10
1004 76359 76425 489999.9999999942 -1.4388206182047725e-09
1005 76425 76431 491899.99999998556 -1.3067619875073433e-08
1006 76431 76432 491999.99999999994 0.0
1007 76432 76442 492999.9999998006 -2.6553607312962413e-08
1008 76442 76449 493999.99999998143 -1.8659193301573396e-08
1009 76449 76475 494499.9999999428 -1.3900717021897435e-08
1010 76475 76495 494899.9999802032 -7.588241714984179e-07
1011 76495 76831 494999.9999999947 -7.017888492555358e-10
1012 76831 76838 496999.99999998073 -1.8961145542562008e-08
1013 76838 76845 497499.9999999835 -1.88774720299989e-08
1014 76845 76881 497999.99999984866 -1.1511474440339953e-08
1015 76881 76883 498499.99999999953 -7.275957614183426e-11
1016 76883 76902 498900.00000005134 -6.49470166536048e-08
1017 76902 77295 499000.000000015 -1.552962203277275e-10
1018 77295 77302 499499.9999999853 -1.9077560864388943e-08
1019 77302 77313 499799.9999999616 -3.073728294111788e-08
1020 77313 77852 499900.00000004296 1.1362999430275522e-10
1021 77852 77864 499948.5625346285 6.124999586012564
1022 77864 78225 499999.99999997683 -2.7625901566352695e-11
1023 78225 78227 503000.00000000023 999.9999999999127
1024 78227 78233 504899.9999999898 -1.3744283933192492e-08
1025 78233 78234 507699.99999999994 0.0
1026 78234 78254 508999.9999999423 -2.1627784008160233e-08
1027 78254 78256 509899.9999999994 -5.820766091346741e-11
1028 78256 78283 509999.99999966496 -5.1926690503023565e-08
1029 78283 78292 510899.9999999683 -2.8001522878184915e-08
1030 78292 78320 514899.9999993994 -8.855495252646506e-07
1031 78320 78372 515000.0000031819 -3.3673495636321604e-07
1032 78372 78375 516224.9999989265 450.0000001071312
1033 78375 78398 518999.99999990937 -5.627043719869107e-08
1034 78398 78557 519899.99999995646 -1.4665602066088468e-10
1035 78557 78590 519999.99999995314 -9.074028639588505e-09
1036 78590 78592 522499.9999999994 1500.0000000000728
1037 78592 78601 524499.9999999669 -3.258173819631338e-08
1038 78601 78770 524899.9999999837 -2.423803380224854e-10
1039 78770 78813 524998.9999999866 -5.603396857623011e-09
1040 78813 79326 524999.9999999694 1.0675194062059745e-10
1041 79326 79365 525999.999999867 -8.35825630929321e-09
1042 79365 79385 526999.9999999617 -1.978514774236828e-08
1043 79385 79489 528999.9999999827 -2.887645678129047e-10
1044 79489 79497 529350.000001398 74.99999972793375
1045 79497 79589 529900.0000000056 -9.367795428261161e-11
1046 79589 79604 529999.9999999091 -3.317472874186933e-08
1047 79604 79607 530999.9999999978 -3.637978807091713e-10
1048 79607 79614 531999.9999999795 -2.1391315385699272e-08
1049 79614 79618 532899.999999997 -2.9467628337442875e-09
1050 79618 79635 534899.9999998728 -4.457979230210185e-08
1051 79635 79698 534999.9999997696 6.059053703211248e-09
1052 79698 79763 538999.9999999861 -1.5161276678554714e-09
1053 79763 79865 539900.000000014 -1.0822986951097846e-10
1054 79865 79866 539927.0 0.0
1055 79866 80007 539999.9999999641 -2.0440893422346562e-10
1056 80007 80017 543899.9999999317 -3.268360160291195e-08
1057 80017 80018 544000.0000000001 0.0
1058 80018 80047 544900.0000001346 -3.2918251235969365e-08
1059 80047 80172 545000.000000011 -3.2105162972584367e-10
1060 80172 80173 545899.9999999999 0.0
1061 80173 80198 547499.9999998932 -2.7259375201538205e-08
1062 80198 80200 547999.9999999998 -7.275957614183426e-11
1063 80200 80368 548999.9999999708 -8.412825991399586e-12
1064 80368 80376 549499.9999999758 -2.817978383973241e-08
1065 80376 80378 549599.9999999998 -2.9103830456733704e-11
1066 80378 80743 549899.9999999796 5.644551492878236e-10
1067 80743 80782 549999.0000004708 -3.892091626767069e-08
1068 80782 81153 549999.9999999899 1.7246293282369152e-10
1069 81153 81160 551299.9999999816 -2.2759195417165756e-08
1070 81160 81161 554900.0 0.0
1071 81161 81173 554999.9999999485 -3.502282197587192e-08
1072 81173 81183 555263.8332648609 210.33333351121837
1073 81183 81198 557999.9999998837 -5.7651050155982375e-08
1074 81198 81274 558999.9999999969 -1.2082637113053352e-09
1075 81274 81358 559900.0000000075 -1.0977601050399244e-09
1076 81358 81423 559999.9999999772 2.1072992240078747e-09
1077 81423 81433 561499.999999962 -3.540480975061655e-08
1078 81433 81437 562899.9999999967 -3.6088749766349792e-09
1079 81437 81438 563899.9999999999 0.0
1080 81438 81466 564899.9999999338 -1.3447788660414517e-08
1081 81466 81578 565000.0000000051 -3.8698999560438097e-10
1082 81578 81581 566649.9999990426 1500.0000001529988
1083 81581 81683 569000.00000002 -4.574758349917829e-10
1084 81683 81724 569899.9999999632 -1.8984792404808104e-08
1085 81724 81748 569999.9999998466 -1.638363755773753e-08
1086 81748 81763 572309.9999998382 -5.424590199254453e-08
1087 81763 81772 574449.9999999627 -3.436434781178832e-08
1088 81772 81839 574899.9999998653 -6.260052032303065e-09
1089 81839 82186 574999.9999999881 2.6147972675971687e-10
1090 82186 82188 575894.9999999993 2005.0000000001746
1091 82188 82204 578999.9999997169 -5.247784429229796e-08
1092 82204 82205 579800.0 0.0
1093 82205 82338 579899.9999999666 -9.517862054053694e-10
1094 82338 82356 579999.99999993 -3.0117007554508746e-08
1095 82356 82360 581099.9999999945 -3.768946044147015e-09
1096 82360 82361 581999.9999999999 0.0
1097 82361 82365 582999.9999999942 -3.39787220582366e-09
1098 82365 82387 584899.999999972 -2.093656803481281e-09
1099 82387 82507 585000.0000000057 -4.374669515527785e-10
1100 82507 82510 586999.9999999979 -3.92901711165905e-10
1101 82510 82516 587999.9999999814 -1.8379068933427334e-08
1102 82516 82517 588800.0000000001 0.0
1103 82517 82559 588999.9999999756 -6.042682798579335e-09
1104 82559 82561 589776.9999999998 -1.8917489796876907e-10
1105 82561 82662 589900.0000000165 -4.670255293603987e-10
1106 82662 82684 589999.9999998566 -3.643981472123414e-08
1107 82684 82697 592499.9999999888 -5.228866939432919e-08
1108 82697 82698 594499.9999999999 0.0
1109 82698 82885 594999.9999999993 5.079527909401804e-10
1110 82885 82888 596999.9999999984 -3.7834979593753815e-10
1111 82888 82921 597999.9999997469 -1.0438452591188252e-07
1112 82921 82927 598499.9999999808 -1.924490788951516e-08
1113 82927 83258 598999.9999999519 5.267111191642471e-10
1114 83258 83263 599799.9999999878 -1.0986695997416973e-08
1115 83263 83655 599899.9999999681 -1.5427303878823295e-10
1116 83655 83672 599994.9999998879 -4.553294274955988e-08
1117 83672 83673 599999.0 0.0
1118 83673 83891 599999.9999999825 -2.1077539713587612e-10
1119 83891 83893 604513.999999999 200.99999999967986
1120 83893 83898 607919.9999999899 -1.1357769835740328e-08
1121 83898 83902 608999.9999999936 -4.103640094399452e-09
1122 83902 83948 609900.0000000525 -5.093170329928398e-09
1123 83948 83970 609999.9999998047 -3.071727405767888e-08
1124 83970 83985 611999.9999998563 -5.194306140765548e-08
1125 83985 83986 613738.9999999998 0.0
1126 83986 83994 614899.9999999697 -3.365857992321253e-08
1127 83994 84097 615000.0000000177 -2.8194335754960775e-10
1128 84097 84102 615737.9999999934 -1.18088792078197e-08
1129 84102 84104 618942.9999999992 -2.9103830456733704e-10
1130 84104 84114 618999.9999999545 -4.0701706893742085e-08
1131 84114 84172 619899.9999988091 -2.8654540074057877e-08
1132 84172 84257 619999.9999999931 -5.206857167650014e-10
1133 84257 84259 620117.9999999991 3881.9999999998545
1134 84259 84316 624900.0000000639 -8.019924280233681e-09
1135 84316 84562 624999.9999999667 6.743903213646263e-10
1136 84562 84563 628000.0000000001 0.0
1137 84563 84622 628999.9999999909 -2.8194335754960775e-09
1138 84622 84771 629899.9999999724 -9.322320693172514e-11
1139 84771 84795 629999.9999998807 -4.248977347742766e-08
1140 84795 84802 631389.9999961103 540.0000002610759
1141 84802 84857 635000.0000147562 6.264726835070178e-07
1142 84857 84871 635995.000000107 -1.5406840248033404e-07
1143 84871 84891 635999.9999992064 -1.2083546607755125e-07
1144 84891 84957 638999.9999999775 -1.9836079445667565e-09
1145 84957 84999 639899.9999999636 -8.28640622785315e-09
1146 84999 85055 639999.9999998289 -6.504706107079983e-09
1147 85055 85063 642143.7142848105 292.71428575387836
1148 85063 85119 644999.9999998555 -3.71164787793532e-09
1149 85119 85122 646193.7500002783 837.5000000542059
1150 85122 85312 648999.9999999881 -3.26281224261038e-10
1151 85312 85326 649499.9999999136 -4.165485734120011e-08
1152 85326 85519 649900.0000000652 6.134541763458401e-10
1153 85519 85534 649999.0000003225 -8.118877303786576e-08
1154 85534 85904 649999.9999999735 3.8403413782361895e-10
1155 85904 85917 649890.2500034088 290.49999983800444
1156 85917 85925 654899.9999999644 -3.826426109299064e-08
1157 85925 85927 655682.9999999991 353.9999999999709
1158 85927 85980 659000.0000000023 -3.372406354174018e-09
1159 85980 86041 659900.0000000099 -2.406522980891168e-09
1160 86041 86089 659999.9999999832 -5.939000402577221e-09
1161 86089 86099 660252.1428556243 516.4285715396036
1162 86099 86138 664999.999999787 3.330751496832818e-08
1163 86138 86149 668999.9999998834 -5.120455170981586e-08
1164 86149 86152 669899.9999999964 -4.0745362639427185e-10
1165 86152 86189 669999.999999709 -2.3750544642098248e-08
1166 86189 86198 672776.9999991265 -1.0626536095514894e-07
1167 86198 86216 674443.9999994037 -1.062835508491844e-07
1168 86216 86254 674899.9999999013 -8.716597221791744e-09
1169 86254 86476 674999.9999999509 2.1509549696929753e-10
1170 86476 86477 675899.9999999998 0.0
1171 86477 86486 678999.9999999369 -4.4186890590935946e-08
1172 86486 86534 679899.999999989 -4.4046828406862915e-09
1173 86534 86570 679999.9999999569 -1.0344592737965286e-08
1174 86570 86576 681847.0000001004 536.9999999721404
1175 86576 86598 683999.9999998305 -3.497552825137973e-08
1176 86598 86599 684500.0 0.0
1177 86599 86626 684899.999999743 -4.505818651523441e-08
1178 86626 86661 684999.9999999595 -1.1121301213279366e-08
1179 86661 86664 686874.9999999483 49.999999987281626
1180 86664 86678 687899.9999999048 -4.449611878953874e-08
1181 86678 86732 688999.9999995688 -1.1697920854203403e-08
1182 86732 86733 689715.0 0.0
1183 86733 86863 689900.0000000442 -1.7689671949483454e-10
1184 86863 86864 689999.0 0.0
1185 86864 86891 689999.9999999837 2.5283952709287405e-10
1186 86891 86893 691999.9999999993 2899.9999999998545
1187 86893 87125 694999.99999998 -3.242348611820489e-10
1188 87125 87126 695499.9999999999 0.0
1189 87126 87130 696224.9999999957 -4.889443516731262e-09
1190 87130 87137 696969.9999999698 -3.4669938031584024e-08
1191 87137 87150 696999.9999998277 -5.002220859751105e-08
1192 87150 87152 697999.999999998 -2.9103830456733704e-10
1193 87152 87452 698999.9999999834 -4.274625098332763e-11
1194 87452 87455 699799.9999999953 -1.3096723705530167e-10
1195 87455 87766 699899.9999999808 -2.1532287064474076e-10
1196 87766 87811 699999.000000093 -8.30550561659038e-09
1197 87811 87928 699999.999999964 -7.944436219986528e-10
1198 87928 87936 707267.0000009807 88.66666703645751
1199 87936 87949 707999.9999998816 -2.153719833586365e-07
1200 87949 87960 708999.999999945 -5.666151992045343e-08
1201 87960 87996 709900.000000449 -5.229412636253983e-08
1202 87996 88018 711999.9999998815 -3.0218870961107314e-08
1203 88018 88035 714999.9999998921 -4.226239980198443e-08
1204 88035 88038 717399.9999999958 -8.149072527885437e-10
1205 88038 88056 718999.9999989663 -3.854765964206308e-07
1206 88056 88083 719899.9999999071 -1.886837708298117e-08
1207 88083 88149 719999.999999972 -2.06546246772632e-09
1208 88149 88154 720999.9999999865 -1.6218109522014856e-08
1209 88154 88169 724899.999997919 -1.5486148186028004e-07
1210 88169 88372 724999.999999965 5.493347998708487e-10
1211 88372 88373 727837.9999999999 0.0
1212 88373 88417 728999.9999999352 -6.5720087150111794e-09
1213 88417 88428 729899.9999999406 -5.060792318545282e-08
1214 88428 88431 729999.2509398409 0.4958264109736774
1215 88431 88432 731994.9999999998 0.0
1216 88432 88445 734999.99999991 -5.4678821470588446e-08
1217 88445 88446 737995.0 0.0
1218 88446 88522 738999.999999981 -1.367880031466484e-09
1219 88522 88525 739499.9999999957 -8.149072527885437e-10
1220 88525 88576 739899.9999898566 2.4574001145083457e-07
1221 88576 88580 739999.9999999964 -5.617039278149605e-09
1222 88580 88587 742999.9999999702 -3.79295670427382e-08
1223 88587 88588 744899.9999999998 0.0
1224 88588 88648 744999.9999999024 1.2660166248679161e-09
1225 88648 88666 748000.0000000987 -6.004847818985581e-08
1226 88666 88792 748999.9999999972 -4.2655301513150334e-10
1227 88792 88793 749499.9999999998 0.0
1228 88793 88941 749899.9999999627 2.15550244320184e-10
1229 88941 88942 749989.9999999999 0.0
1230 88942 88961 749998.9999998439 -4.667890607379377e-08
1231 88961 89217 749999.999999971 2.830802259268239e-10
1232 89217 89222 751299.9999999854 -1.7294951248914003e-08
1233 89222 89230 753999.9999999554 -4.7264620661735535e-08
1234 89230 89236 754899.9999999771 -2.8805516194552183e-08
1235 89236 89286 758999.9999999652 -4.867615643888712e-09
1236 89286 89296 759899.9999999559 -5.796027835458517e-08
1237 89296 89303 759998.9999999634 -3.939203452318907e-08
1238 89303 89363 759999.9999991809 6.919435691088438e-09
1239 89363 89371 765242.5714329671 79.42857343176001
1240 89371 89426 769000.0000000006 -1.2456439435482025e-08
1241 89426 89427 769499.9999999995 0.0
1242 89427 89462 769900.0000007361 -1.5982004697434604e-07
1243 89462 89468 771538.6250013363 726.2499980051434
1244 89468 89496 774999.999992971 -3.4861477615777403e-07
1245 89496 89523 776999.9999995136 -7.599737728014588e-08
1246 89523 89525 778368.9999999984 625.9999999999709
1247 89525 89581 778999.9999999619 -1.99088390218094e-09
1248 89581 89600 779799.9999998764 -3.770037437789142e-08
1249 89600 89644 779899.9999999607 -1.0026269592344761e-08
1250 89644 89651 779999.9999999646 -4.1065504774451256e-08
1251 89651 89669 783264.9999998827 -3.973400453105569e-08
1252 89669 89676 784499.9999999637 -4.2084138840436935e-08
1253 89676 89730 784900.0000013849 -8.365168469026685e-08
1254 89730 89773 784999.9999924576 4.344292392488569e-08
1255 89773 89792 787999.9999997821 -6.441041477955878e-08
1256 89792 89816 789000.0000001182 -1.0216535883955657e-07
1257 89816 89848 789899.9999999803 -1.2649252312257886e-08
1258 89848 89862 788591.5000006147 469.5000000739783
1259 89862 89911 794999.9999999068 -6.933987606316805e-09
1260 89911 89912 798899.9999999999 0.0
1261 89912 90165 798999.9999999488 1.6325429896824062e-10
1262 90165 90166 799444.0 0.0
1263 90166 90423 799899.999999976 -7.046310201985762e-10
1264 90423 90443 799993.167242267 0.30833155886648456
1265 90443 90529 800000.0000000151 -9.331415640190244e-10
1266 90529 90536 805615.3332654694 1083.6666656242232
1267 90536 90559 811994.9999990854 -1.457483449485153e-07
1268 90559 90573 812994.9999998832 -5.99648046772927e-08
1269 90573 90587 814994.9999998822 -5.4526026360690594e-08
1270 90587 90600 814999.9999998683 -7.191192707978189e-08
1271 90600 90607 815094.999999397 749.9999999813808
1272 90607 90638 819000.0000000034 -6.366462912410498e-11
1273 90638 90639 819500.0 0.0
1274 90639 90659 819899.9999962393 -1.651096681598574e-07
1275 90659 90673 819994.9999998839 -5.5464624892920256e-08
1276 90673 90674 819999.9999999999 0.0
1277 90674 90706 824899.9999999308 -2.2859239834360778e-08
1278 90706 90827 824999.9999999438 -3.4287950256839395e-10
1279 90827 90842 826999.9999998535 -5.7440047385171056e-08
1280 90842 90845 828994.9999999944 -6.83940015733242e-10
1281 90845 90885 828999.9999999893 -5.451511242426932e-09
1282 90885 90886 829499.9999999998 0.0
1283 90886 90947 829900.0000001865 -9.380528354085982e-09
1284 90947 90952 829999.9999999845 -2.043088898062706e-08
1285 90952 90958 830599.999999972 -3.4182448871433735e-08
1286 90958 90965 834249.9999999579 -4.6158675104379654e-08
1287 90965 91003 834999.9999999781 -1.2389136827550828e-08
1288 91003 91017 838999.9999998665 -6.317713996395469e-08
1289 91017 91018 839500.0 0.0
1290 91018 91046 839899.9999999584 -1.866101229097694e-08
1291 91046 91052 839999.999999971 -3.496097633615136e-08
1292 91052 91054 841994.9999999984 2.9103830456733704e-11
1293 91054 91060 842994.9999999695 -3.507011570036411e-08
1294 91060 91069 844500.0000013462 -1.1087104212492704e-07
1295 91069 91085 844994.9999998604 -5.0302332965657115e-08
1296 91085 91118 844999.9999999616 -1.8322680261917412e-08
1297 91118 91120 846994.9999999995 -4.94765117764473e-10
1298 91120 91200 848999.9999999764 -1.8453647498972714e-09
1299 91200 91206 849499.9999999723 -3.5353878047317266e-08
1300 91206 91310 849900.0000000151 3.1377567211166024e-11
1301 91310 91324 849993.1809508855 0.3636474433078547
1302 91324 91503 849999.9999999708 -2.942215360235423e-10
1303 91503 91514 851995.0000002278 -1.0678922990337014e-07
1304 91514 91520 852994.9999999665 -3.5332050174474716e-08
1305 91520 91531 853999.999998849 2.7284841053187847e-09
1306 91531 91548 855461.9999997992 -1.0796429705806077e-07
1307 91548 91567 855253.2499947279 499.50000004523827
1308 91567 91582 864995.000000003 -9.094947017729282e-11
1309 91582 91625 864999.9999999806 -7.8580342233181e-09
1310 91625 91637 865434.9999996456 -1.1026713764294982e-07
1311 91637 91646 865994.9999999218 -6.535992724820971e-08
1312 91646 91653 867127.9999913822 132.9999973356389
1313 91653 91675 868999.9999991662 -1.8596983863972127e-07
1314 91675 91679 869899.9999999909 -7.8580342233181e-09
1315 91679 91695 869994.9999998539 -5.292895366437733e-08
1316 91695 91711 869999.99999986 -6.45341060589999e-08
1317 91711 91866 874999.9999999886 -2.7921487344428897e-10
1318 91866 91881 875999.9999998368 -5.7414581533521414e-08
1319 91881 91884 876999.9999999946 -8.294591680169106e-10
1320 91884 91890 877994.9999999632 -3.7689460441470146e-08
1321 91890 91906 878994.9999996636 -9.547511581331491e-08
1322 91906 91971 878999.9999999999 -2.4238033802248538e-09
1323 91971 92007 879899.9999999942 -1.1550582712516189e-09
1324 92007 92034 879994.9999999998 -2.672641130629927e-08
1325 92034 92092 879999.9999999687 -2.8067006496712565e-09
1326 92092 92119 883994.9999995839 -8.445385901723057e-08
1327 92119 92123 884999.9999999877 -8.629285730421543e-09
1328 92123 92140 886994.9999980845 -2.186206984333694e-07
1329 92140 92153 888999.9999998901 -8.271308615803719e-08
1330 92153 92174 887963.944385432 201.888881218365
1331 92174 92195 892994.9999998882 -3.973764250986278e-08
1332 92195 92202 893469.9999999574 -5.0873495638370514e-08
1333 92202 92219 893994.9999998172 -1.0434450814500451e-07
1334 92219 92350 894999.9999999879 -4.0745362639427185e-10
1335 92350 92351 897999.9999999999 0.0
1336 92351 92427 899000.0000000104 -8.321876521222293e-10
1337 92427 92434 899799.9999999544 -5.184847395867109e-08
1338 92434 92563 899899.9999999491 -1.7053025658242404e-10
1339 92563 92576 899993.2200919226 0.4442497957315936
1340 92576 92677 899999.9999999569 -6.821210263296962e-10
1341 92677 92680 901994.9999999952 -1.5861587598919868e-09
1342 92680 92685 904549.9999999818 -2.3472239263355732e-08
1343 92685 92702 905995.0000000028 7.275957614183426e-12
1344 92702 92714 909599.9999974889 -5.044639692641795e-07
1345 92714 92715 910000.0 0.0
1346 92715 92727 912627.9999997903 -1.288062776438892e-07
1347 92727 92744 916279.6666667332 333.6666668624821
1348 92744 92762 924994.9999998417 -4.9385562306270003e-08
1349 92762 92862 925000.0000000343 -6.939444574527442e-10
1350 92862 92874 928999.9999998701 -7.176276994869113e-08
1351 92874 92890 929899.9999990071 -2.741508069448173e-07
1352 92890 92894 929993.9999693074 1.9999695585865993
1353 92894 92913 934999.9999995944 -7.833659765310585e-08
1354 92913 92918 939325.0000001966 250.00000001159788
1355 92918 92957 944999.9999998801 -1.3296812539920211e-08
1356 92957 92961 945441.2499917514 223.49999997699342
1357 92961 92989 947999.9999998419 -2.772685547824949e-08
1358 92989 93059 948999.9999999923 -1.925400283653289e-09
1359 93059 93078 949899.9999998142 -4.93419065605849e-08
1360 93078 93079 949995.0 0.0
1361 93079 93250 949999.9999999545 9.440555004402995e-10
1362 93250 93269 954900.0000056798 -6.839545676484704e-07
1363 93269 93289 955621.8750006682 443.7499999157153
1364 93289 93301 967127.9999990322 -3.420282155275345e-07
1365 93301 93327 969899.999999363 -4.441244527697563e-08
1366 93327 93332 974900.0000003015 31.666656865243567
1367 93332 93459 974999.9999999597 1.3278622645884752e-10
1368 93459 93461 977776.9999999974 -2.6193447411060333e-10
1369 93461 93474 978999.9999997935 -9.278301149606705e-08
1370 93474 93513 979899.9999998666 -1.4981196727603674e-08
1371 93513 93535 979999.9999997428 -8.42846930027008e-08
1372 93535 93538 981994.9999999925 -1.0913936421275139e-09
1373 93538 93550 984994.999999594 -9.509676601737738e-08
1374 93550 93567 984999.9999991519 -2.522901922930032e-07
1375 93567 93568 986999.9999999998 0.0
1376 93568 93571 988999.999999992 -2.5320332497358322e-09
1377 93571 93585 989899.9999999022 -2.3058237275108695e-07
1378 93585 93595 989994.999999908 -8.154165698215365e-08
1379 93595 93625 989999.999996798 -2.4521978048142046e-07
1380 93625 93626 994900.0 0.0
1381 93626 93778 995000.0000000639 4.142748366575688e-10
1382 93778 93780 995899.9999999972 2100.0
1383 93780 93805 998999.9999998576 -3.9621227188035846e-08
1384 93805 93806 999500.0 0.0
1385 93806 93834 999900.0000000213 -1.6720150597393513e-08
1386 93834 93837 999994.9999999915 -8.731149137020111e-10
1387 93837 93933 999999.352141015 0.01363888238211075
1388 93933 93943 1004999.999999895 -8.136703399941325e-08
1389 93943 93944 1024499.9999999995 0.0
1390 93944 93995 1024999.9999999487 -8.896677172742784e-09
1391 93995 93996 1038999.9999999998 0.0
1392 93996 94006 1039999.9999998517 -1.0036455933004618e-07
1393 94006 94013 1048999.9999999537 -6.59783836454153e-08
1394 94013 94014 1049500.0 0.0
1395 94014 94018 1049899.9999999893 -1.1597876437008381e-08
1396 94018 94065 1050000.0000001665 -1.8844730220735073e-09
1397 94065 94076 1054899.999998703 -4.52680978924036e-07
1398 94076 94077 1059899.9999999995 0.0
1399 94077 94088 1059999.9999998584 -8.755887392908335e-08
1400 94088 94091 1060925.0000009506 4049.9999979624554
1401 94091 94104 1074999.999999815 -8.135975804179907e-08
1402 94104 94111 1080039.9999944512 1979.999998713858
1403 94111 94122 1089999.9999999357 -1.0927033144980669e-07
1404 94122 94133 1094999.9999998866 -9.305222192779183e-08
1405 94133 94142 1098999.9999992142 -3.2662501325830817e-07
1406 94142 94301 1099999.9999999292 4.81122697237879e-10
1407 94301 94358 1124999.999999841 4.325556801632047e-09
1408 94358 94378 1129999.9999975234 -6.814043445046991e-07
1409 94378 94383 1138499.999994029 3500.0000004955655
1410 94383 94541 1149999.9999999877 -2.914930519182235e-10
1411 94541 94544 1152999.9999999893 -1.7171259969472885e-09
1412 94544 94552 1159899.9999999066 -8.862843969836831e-08
1413 94552 94553 1165000.0000000005 0.0
1414 94553 94608 1174999.9999992943 2.9393049771897495e-08
1415 94608 94609 1177000.0 0.0
1416 94609 94614 1189999.999999975 -3.8708094507455826e-08
1417 94614 94649 1195000.0000004058 5.3849362302571535e-08
1418 94649 94655 1197999.9999999425 -6.213667802512646e-08
1419 94655 94681 1199000.000000006 -6.463960744440556e-08
1420 94681 94700 1199899.999999977 -1.0621806723065674e-07
1421 94700 94999 1199999.9999999949 -6.366462912410498e-12
1422 94999 95001 1201214.9999999967 -3.7834979593753815e-10
1423 95001 95006 1217555.9999999756 -3.8984580896794796e-08
1424 95006 95007 1224900.0 0.0
1425 95007 95050 1224999.9999999239 -1.4320903574116528e-08
1426 95050 95051 1235000.0000000002 0.0
1427 95051 95066 1237541.9999997776 -8.85920599102974e-08
1428 95066 95084 1239999.999998162 -1.1609517969191074e-07
1429 95084 95085 1245000.0000000002 0.0
1430 95085 95119 1249000.000000011 -2.1464074961841106e-10
1431 95119 95162 1249899.9999999325 -1.1126758181490004e-08
1432 95162 95337 1250000.0000000487 -6.730260793119669e-11
1433 95337 95355 1259999.999999616 -8.843926480039954e-08
1434 95355 95359 1274999.9999999863 -1.5585101209580898e-08
1435 95359 95361 1279999.9999999956 2999.99999999968
1436 95361 95376 1284899.99999962 -1.5390105545520782e-07
1437 95376 95382 1287599.9999999523 -6.951449904590845e-08
1438 95382 95414 1289999.9999996077 -3.0231603886932135e-08
1439 95414 95534 1294999.9999999867 7.939888746477664e-10
1440 95534 95594 1298999.9999999886 -4.019966581836343e-09
1441 95594 95629 1299899.9999994596 -1.722619344945997e-07
1442 95629 95637 1299989.999999883 -1.0378425940871239e-07
1443 95637 95638 1299998.9999999995 0.0
1444 95638 95709 1300000.0000003288 -4.392859409563243e-09
1445 95709 95710 1319999.9999999993 0.0
1446 95710 95715 1320999.999999967 -4.586763679981232e-08
1447 95715 95747 1324999.9999999085 -2.7455826057121158e-08
1448 95747 95751 1329899.9999999767 -1.7229467630386353e-08
1449 95751 95761 1338999.9999997918 -1.2772943591699004e-07
1450 95761 95763 1348999.9999999949 -6.402842700481415e-10
1451 95763 95788 1349973.9999996065 -1.31614797282964e-07
1452 95788 95861 1349999.9999999905 -2.9376678867265582e-09
1453 95861 95873 1355999.9999998016 -1.228254404850304e-07
1454 95873 95884 1362019.9999998272 1489.9999998538042
1455 95884 95903 1381999.9999999886 -2.3283064365386963e-10
1456 95903 95924 1384999.999996852 -4.976755008101463e-07
1457 95924 95926 1386249.9999999949 -8.440110832452774e-10
1458 95926 96031 1389999.999999958 -1.052285369951278e-09
1459 96031 96127 1394999.9999999984 -1.6007106751203537e-09
1460 96127 96128 1398000.0 0.0
1461 96128 96166 1399000.0000007432 -5.2597897592931986e-08
1462 96166 96188 1399972.308100281 0.9049448581172328
1463 96188 96222 1399999.9999988305 -1.2569944374263287e-07
1464 96222 96227 1424999.9998887714 666.6666717208282
1465 96227 96248 1439999.9999994652 -2.3256507120095193e-07
1466 96248 96334 1450000.0000000147 -9.113136911764741e-10
1467 96334 96337 1468999.9999999814 -5.908077582716942e-09
1468 96337 96346 1469999.9999998505 -1.4211400412023067e-07
1469 96346 96352 1474999.9999999458 -8.63510649651289e-08
1470 96352 96356 1478999.9999999823 -2.185697667300701e-08
1471 96356 96357 1479899.9999999998 0.0
1472 96357 96362 1488999.999999967 -5.619949661195278e-08
1473 96362 96381 1489999.9999996012 -1.3036333257332444e-07
1474 96381 96460 1495000.0000000047 -2.499291440472007e-09
1475 96460 96468 1495994.9999976156 63.333330011431826
1476 96468 96476 1498999.9999998286 -1.3022508937865496e-07
1477 96476 96479 1499899.9999999804 -2.6775524020195007e-09
1478 96479 96496 1499998.9999999995 -2.764863893389702e-10
1479 96496 96754 1500000.0000000487 -8.276401786133647e-10
1480 96754 96769 1524999.999999619 -1.2064265320077538e-07
1481 96769 96774 1547999.9999999513 -5.9051671996712685e-08
1482 96774 96788 1548999.999996809 -1.9114231690764427e-06
1483 96788 96799 1549799.9999997949 -1.3772660167887807e-07
1484 96799 96826 1550000.000000015 -1.2769305612891912e-09
1485 96826 96861 1574999.9999999322 -2.6197085389867425e-08
1486 96861 96863 1577999.999999993 -3.7834979593753815e-10
1487 96863 96873 1579899.9999997227 -3.171735443174839e-07
1488 96873 96874 1584999.9999969597 0.0
1489 96874 96887 1590000.0000009153 -2.2636231733486056e-07
1490 96887 96911 1594999.9999997634 -1.3788012438453734e-06
1491 96911 96932 1598999.999999978 -1.1132215149700642e-09
1492 96932 96949 1599899.9999999297 -2.3299071472138166e-07
1493 96949 97013 1599999.9999999395 -2.0245352061465383e-09
1494 97013 97018 1624899.999999957 -6.391201168298721e-08
1495 97018 97022 1628999.9999999814 -2.4476321414113045e-08
1496 97022 97032 1636994.999999502 -2.441229298710823e-07
1497 97032 97035 1644999.9999999758 -2.8812792152166367e-09
1498 97035 97041 1649999.999999916 -1.022417563945055e-07
1499 97041 97080 1674999.9999999749 -1.3631506590172648e-08
1500 97080 97081 1678999.9999966875 0.0
1501 97081 97085 1679999.99999997 -2.6047928258776665e-08
1502 97085 97102 1684999.9999992386 -1.5737168723717332e-07
1503 97102 97112 1687994.9999806504 -6.111615221016109e-06
1504 97112 97118 1689999.9999999173 -1.0558869689702988e-07
1505 97118 97119 1691399.999996651 0.0
1506 97119 97154 1694999.9999999611 -2.3414031602442265e-08
1507 97154 97158 1698999.9999999737 -2.680462785065174e-08
1508 97158 97171 1699899.9999997427 -1.8726132111623883e-07
1509 97171 97191 1699998.9999996831 -7.863127393648028e-08
1510 97191 97218 1699999.9999994808 -5.905894795432687e-08
1511 97218 97228 1721994.9999998028 -1.7062120605260134e-07
1512 97228 97229 1724999.999996551 0.0
1513 97229 97240 1734999.9999997367 -1.55137968249619e-07
1514 97240 97253 1743771.999998002 -1.0160947567783296e-06
1515 97253 97263 1743583.9166806287 833.1666649704566
1516 97263 97307 1749999.9999999308 -1.1699739843606949e-08
1517 97307 97308 1764999.99999643 0.0
1518 97308 97328 1774999.9999999767 -1.1750671546906233e-08
1519 97328 97329 1779999.9999963841 0.0
1520 97329 97378 1795000.0000526113 1.830991095630452e-06
1521 97378 97389 1798999.9999992799 -2.310407580807805e-07
1522 97389 97429 1799900.0000000345 -1.688749762251973e-08
1523 97429 97493 1799999.9999999963 -3.77985998056829e-09
1524 97493 97503 1803994.9999968081 -2.9230432119220495e-06
1525 97503 97506 1804999.9999999749 -1.979060471057892e-09
1526 97506 97524 1820000.000000004 6.548361852765083e-11
1527 97524 97525 1824999.9999962454 0.0
1528 97525 97535 1841994.9999997714 -1.8975697457790375e-07
1529 97535 97536 1848999.9999961713 0.0
1530 97536 97572 1850000.0000008196 1.3595126802101731e-08
1531 97572 97573 1855999.9999961494 0.0
1532 97573 97589 1875000.0000000023 -1.4551915228366852e-10
1533 97589 97590 1885899.999996055 0.0
1534 97590 97602 1889999.9999996233 -1.7575803212821484e-07
1535 97602 97612 1894999.9999995097 -2.1088635548949242e-07
1536 97612 97623 1896833.4997184358 444.3333184615767
1537 97623 97679 1899999.999999734 -3.5797711461782455e-09
1538 97679 97682 1920999.9999999718 -4.103640094399452e-09
1539 97682 97683 1948999.9999958533 0.0
1540 97683 97726 1949999.999998613 -1.9608705770224333e-09
1541 97726 97740 1975000.000000111 -4.3072213884443045e-07
1542 97740 97744 1986166.6666118945 1666.666636146052
1543 97744 97776 1994999.9999999767 -1.4304532669484615e-08
1544 97776 97786 1997310.4999967085 438.99999946772004
1545 97786 97800 1999994.9999966298 -6.789341568946838e-07
1546 97800 97887 1999999.9999998766 -2.4920154828578234e-09
1547 97887 97897 2049899.9999993935 -2.6807538233697414e-07
1548 97897 97898 2049999.999995524 0.0
1549 97898 97947 2100000.000000206 -1.019361661747098e-08
1550 97947 97948 2124999.9999952726 0.0
1551 97948 97967 2149999.9999992726 -1.6619742382317781e-07
1552 97967 97980 2164999.9999994314 -2.2398307919502258e-07
1553 97980 97986 2194999.9999999003 -1.5739351511001587e-07
1554 97986 97995 2198999.999999767 -2.236629370599985e-07
1555 97995 98064 2199999.9999998957 -3.2378011383116245e-09
1556 98064 98065 2224999.99999493 0.0
1557 98065 98070 2245006.0912399096 -0.6044354827172356
1558 98070 98071 2248999.9999948447 0.0
1559 98071 98096 2249999.9999996414 -7.707421900704503e-08
1560 98096 98097 2259999.999994806 0.0
1561 98097 98102 2269299.999999952 -1.2532109394669533e-07
1562 98102 98133 2274999.99999908 -1.687949406914413e-07
1563 98133 98142 2276928.5713629858 857.1428473853739
1564 98142 98157 2288999.9999975325 -5.10714016854763e-07
1565 98157 98161 2289999.9999999627 -4.5314664021134377e-08
1566 98161 98164 2294999.9999999576 -6.402842700481415e-09
1567 98164 98165 2299999.9999946645 0.0
1568 98165 98173 2344999.9999997076 -2.686574589461088e-07
1569 98173 98182 2349999.999999655 -2.576125552877784e-07
1570 98182 98183 2374999.9999943627 0.0
1571 98183 98210 2399999.9999977592 -8.246570359915495e-08
1572 98210 98211 2437999.9999941033 0.0
1573 98211 98222 2449999.9999987395 -3.854802343994379e-07
1574 98222 98226 2474999.9999999655 -5.107722245156765e-08
1575 98226 98230 2494999.999999971 -5.180481821298599e-08
1576 98230 98233 2496999.999999955 -1.0884832590818405e-08
1577 98233 98244 2499899.9999991693 -3.1746458262205124e-07
1578 98244 98381 2500000.0000000177 -1.8335413187742233e-09
1579 98381 98384 2549999.999999959 -9.138602763414383e-09
1580 98384 98413 2599999.9999951716 -4.0152372093871236e-07
1581 98413 98414 2643899.9999931986 0.0
1582 98414 98477 2650000.000000006 -5.180481821298599e-09
1583 98477 98479 2674999.9999999753 -4.656612873077393e-10
1584 98479 98492 2679999.99999942 -2.4108157958835363e-07
1585 98492 98500 2694999.999999735 -2.8603244572877884e-07
1586 98500 98509 2699999.2753864536 0.13084165781037882
1587 98509 98514 2748999.999999914 -1.483422238379717e-07
1588 98514 98531 2749999.99999961 -7.282942533493042e-07
1589 98531 98543 2784999.9999993863 -2.857850631698966e-07
1590 98543 98562 2794999.9999997322 -2.396554918959737e-07
1591 98562 98565 2798499.999995668 999.9999997018604
1592 98565 98584 2848999.9999995786 -4.5271008275449276e-08
1593 98584 98586 2849899.9999999716 -9.313225746154785e-10
1594 98586 98618 2849999.9999998068 -4.630419425666332e-08
1595 98618 98640 2875000.0000001076 -2.170781954191625e-07
1596 98640 98641 2879999.999992061 0.0
1597 98641 98644 2894999.9999999357 -1.6996636986732483e-08
1598 98644 98698 2899999.9999999343 -6.708432920277119e-09
1599 98698 98708 2949999.99999944 -3.1749368645250797e-07
1600 98708 98726 2974999.999996671 -4.2351894080638885e-07
1601 98726 98748 2985000.000005564 1.0065050446428359e-06
1602 98748 98757 2989999.9999998086 -4.422909114509821e-07
1603 98757 98787 2994999.999999874 -6.51489244773984e-08
1604 98787 98793 2999062.4999887673 125.00000436155824
1605 98793 98806 2999899.999999949 -3.793684300035238e-08
1606 98806 98880 3000000.0000000675 -3.736204234883189e-09
1607 98880 98883 3085924.999991145 6050.00000059529
1608 98883 98893 3099999.999999549 -3.198510967195034e-07
1609 98893 98895 3174999.9999999646 1.1641532182693481e-10
1610 98895 98896 3194999.9999903445 0.0
1611 98896 98968 3200000.000000053 -3.976310836151242e-09
1612 98968 98969 3247999.9999900353 0.0
1613 98969 99008 3249999.9999998715 -1.1634256225079298e-08
1614 99008 99048 3300000.000031832 -8.066635928116739e-07
1615 99048 99064 3399999.99999936 -2.3428583517670631e-07
1616 99064 99075 3494999.9999992135 -6.559421308338642e-07
1617 99075 99079 3498798.3219192266 486.4866875098669
1618 99079 99157 3500000.0000000475 -1.1677911970764399e-09
1619 99157 99158 3594999.99998781 0.0
1620 99158 99161 3599999.9999999003 -1.548323780298233e-08
1621 99161 99164 3649999.999999904 -1.816079020500183e-08
1622 99164 99167 3689999.9999999013 -2.0372681319713593e-08
1623 99167 99174 3697999.999998793 -4.277098923921585e-07
1624 99174 99195 3699999.9999971823 -5.308684194460511e-07
1625 99195 99196 3749000.0000000005 0.0
1626 99196 99213 3749999.9999994175 -2.0679726731032133e-07
1627 99213 99217 3764999.999999967 -1.0681105777621269e-07
1628 99217 99219 3778999.9999999474 1897.9999999990687
1629 99219 99225 3798999.9999997313 -3.4191180020570755e-07
1630 99225 99251 3799999.999999673 -9.097857400774956e-08
1631 99251 99255 3840833.3331323564 8666.66664594633
1632 99255 99308 3899999.9999999967 -1.0688381735235453e-08
1633 99308 99338 3950000.000010621 -1.5124023775570095e-06
1634 99338 99348 3974999.9999989094 -4.631292540580034e-07
1635 99348 99351 3984999.9999998906 -3.114109858870506e-08
1636 99351 99354 3994999.999999882 -2.7124769985675812e-08
1637 99354 99368 4005426.3997208686 20460.79999346909
1638 99368 99392 4249999.999989175 -5.337788024917245e-07
1639 99392 99398 4281199.9998823125 6399.999959429551
1640 99398 99405 4397999.999999392 -5.138572305440903e-07
1641 99405 99415 4399999.999998473 -6.596674211323261e-07
1642 99415 99424 4449999.999984869 -2.774671884253621e-06
1643 99424 99432 4441499.999999065 22999.999999939988
1644 99432 99452 4599999.999999369 -2.521264832466841e-07
1645 99452 99453 4649999.999999998 0.0
1646 99453 99458 4694999.999999745 -3.3102696761488914e-07
1647 99458 99462 4699999.999999936 -1.5506520867347717e-07
1648 99462 99474 4794999.999999293 -3.6376877687871456e-07
1649 99474 99481 4799999.999995784 -8.67876224219799e-07
1650 99481 99484 4849999.999999849 -3.632158041000366e-08
1651 99484 99496 4889999.99998603 2.6714405976235867e-07
1652 99496 99532 4899999.999999756 -3.028253559023142e-08
1653 99532 99537 4974999.99999955 -3.3027026802301407e-07
1654 99537 99552 4994999.999999082 -3.5855919122695923e-07
1655 99552 99553 4998999.999999997 0.0
1656 99553 99598 5000000.000000116 -1.3977114576846361e-08
1657 99598 99599 5194999.999999999 0.0
1658 99599 99602 5249999.999999807 -4.854518920183182e-08
1659 99602 99604 5294999.999999884 -1.1641532182693481e-10
1660 99604 99607 5399999.999999781 -3.876630216836929e-08
1661 99607 99620 5499999.999999144 -4.278554115444422e-07
1662 99620 99621 5549999.999999999 0.0
1663 99621 99625 5699999.999999891 -2.126907929778099e-07
1664 99625 99627 5749999.999999858 -2.3283064365386963e-10
1665 99627 99631 5794999.99999983 -2.1152663975954056e-07
1666 99631 99635 5799999.999999866 -2.1315645426511765e-07
1667 99635 99636 5895000.000000003 0.0
1668 99636 99659 5733636.363634769 27045.454545369314
1669 99659 99677 6750000.000003714 -3.7887366488575935e-07
1670 99677 99684 6880374.998945852 12749.999787931563
1671 99684 99703 6994999.999999316 -2.3379107005894184e-07
1672 99703 99705 6999999.999999779 3.725290298461914e-09
1673 99705 99729 7194342.104764978 41842.10524968628
1674 99729 99737 7999999.999999075 -9.118230082094669e-07
1675 99737 99738 8199999.999999997 0.0
1676 99738 99740 8249999.999999672 9.313225746154785e-09
1677 99740 99741 8498999.999999996 0.0
1678 99741 99745 8500000.000000307 -4.403991624712944e-07
1679 99745 99767 8481249.999171743 62499.99999936827
1680 99767 99790 9995000.000044374 8.343777153640985e-07
1681 99790 99811 9999999.999999948 -1.4132820069789886e-07
1682 99811 99813 10374999.999999994 544999.9999999967
1683 99813 99816 10989999.99999997 2.1653249859809875e-08
1684 99816 99837 11499999.999999877 -1.281441655009985e-07
1685 99837 99848 11889999.999997873 -1.25466613098979e-06
1686 99848 99852 11899999.999998754 -7.08969309926033e-07
1687 99852 99854 11999999.999999987 475000.0000000014
1688 99854 99864 12499999.999998834 -9.34000127017498e-07
1689 99864 99865 13699999.999999976 0.0
1690 99865 99870 13750000.000000184 -1.3485550880432129e-06
1691 99870 99871 13994999.99999997 0.0
1692 99871 99880 13999999.999998586 -1.0319054126739502e-06
1693 99880 99889 14499999.999997681 -1.1260854080319405e-06
1694 99889 99893 14994999.999999925 -8.528586477041245e-07
1695 99893 99919 14999999.999999842 -1.1583324521780014e-08
1696 99919 99924 15150000.000026003 -5.067093297839165e-06
1697 99924 99932 15499999.999998882 -1.1653173714876175e-06
1698 99932 99938 15749999.999998882 -1.3988465070724487e-06
1699 99938 99952 16247499.999049151 124999.99994402344
1700 99952 99960 17999999.9999989 -1.064385287463665e-06
1701 99960 99963 18898999.999999985 -2.468004822731018e-08
1702 99963 99964 19499999.99999995 0.0
1703 99964 99982 19950000.000000022 -3.1956005841493607e-08
1704 99982 99986 22500000.000000067 3.259629011154175e-09
1705 99986 99989 23000000.00000003 -5.3085386753082275e-08
1706 99989 99992 24499999.999999944 -5.9138983488082886e-08
1707 99992 99993 24999999.99999991 0.0
1708 99993 100000 60000000.00000085 4.6566128730773926e-09
********************
0.0258175
