0 0 233 0.9999999999995468 2.400857290751901e-15
1 233 422 1.999999999999907 4.961309141293668e-16
2 422 601 3.0000000000000657 -1.7520707107365752e-16
3 601 800 3.999999999999828 1.8006429680639258e-15
4 800 965 4.999999999999961 1.5161483180037294e-15
5 965 1155 6.000000000000176 -1.078998002057574e-15
6 1155 1373 7.000000000000386 -1.4224732503009818e-15
7 1373 1651 8.000000000000458 6.036837696399289e-16
8 1651 2010 9.000000000001608 -2.2898349882893854e-15
9 2010 3387 9.999999999999286 2.555247680113837e-15
10 3387 4517 10.999999999999146 -1.8963997039378455e-14
11 4517 5527 11.999999963622708 -1.432392888588846e-08
12 5527 6397 12.99999999999895 -2.943652266385044e-14
13 6397 7243 13.999999999994312 -1.3775942192539858e-12
14 7243 8012 14.999999999999009 -1.0852430065710905e-14
15 8012 8728 16.00000000008009 -3.3388222742125606e-12
16 8728 9421 17.000000000010395 -1.0874807998551006e-12
17 9421 10119 17.999999999998888 -1.7769258287003709e-12
18 10119 10762 18.99999999998951 -1.882223543692163e-12
19 10762 11456 19.99999999997383 -1.1886845674435875e-12
20 11456 12100 20.999999999974083 -5.045620171673093e-12
21 12100 12796 21.999999999977305 -2.1121299154103212e-13
22 12796 13538 23.000000000001165 1.7277845820728999e-15
23 13538 14293 24.000000000000224 -9.956965807411677e-14
24 14293 15117 25.000000000001705 3.7643499428696714e-15
25 15117 15922 25.999999999998074 -1.71355984956989e-14
26 15922 16778 26.99999990496637 -1.6401854700809348e-09
27 16778 17641 27.999999999987093 1.5770718064800349e-13
28 17641 19523 28.500029181518432 0.0015581684375070015
29 19523 20454 30.999999999961787 -7.386452560709245e-14
30 20454 21503 31.999999999911918 -3.9572511933982923e-14
31 21503 22502 32.99999999996579 5.30825383648903e-15
32 22502 23539 33.99999999998209 -7.657763312352017e-14
33 23539 24542 34.99999999996242 1.9810542095655137e-15
34 24542 25596 36.000000000079716 -4.812122922359663e-14
35 25596 26622 36.999999999938126 -4.116151863797768e-14
36 26622 27711 38.000000000008136 -3.0492969260720315e-14
37 27711 28810 39.00000000011588 4.7847142914392293e-14
38 28810 30093 39.99999999996396 1.0574874309554616e-14
39 30093 31186 40.999999999833264 -6.434783261788368e-14
40 31186 32376 42.000000000403844 2.4632032524785075e-13
41 32376 33394 43.00000000001411 4.9460435747050724e-14
42 33394 34465 43.99999999976608 -1.1334683192032458e-13
43 34465 35446 45.00000000002699 -7.45931094670027e-15
44 35446 36341 46.00000000001172 5.623626564421613e-14
45 36341 37210 47.00000000007027 8.243752902536983e-14
46 37210 38134 48.00000000004487 1.3105488916309582e-13
47 38134 39005 49.000000000115186 -1.0786510573623787e-14
48 39005 39870 49.99999999987046 7.724376693829527e-14
49 39870 40634 51.00000000005094 -1.1157741397482823e-13
50 40634 41404 51.99999999983077 6.6058269965196814e-15
51 41404 42077 52.999999999929315 1.7957857423311907e-13
52 42077 42772 53.99999999994957 3.905903378509379e-14
53 42772 43460 55.000000000002174 -5.988959328462329e-14
54 43460 44137 55.99999999997988 -6.338679581219253e-14
55 44137 44724 56.999999999989 8.132383655379272e-15
56 44724 45365 57.99999999997756 2.1489754420400686e-14
57 45365 45948 58.999999999784976 -2.4174412471822393e-13
58 45948 46594 59.9999999999831 1.0661610483353456e-13
59 46594 47149 61.00000000002875 8.598677325721837e-14
60 47149 47779 62.00000000010611 2.1842250230719173e-13
61 47779 48302 63.00000000006235 4.385380947269368e-15
62 48302 48837 64.00000000007918 -4.7656323332034844e-14
63 48837 49355 65.00000000020079 8.64863736182997e-14
64 49355 49832 66.00000000007263 9.753309271332e-14
65 49832 50847 66.50779139074578 0.0019611696767935505
66 50847 51284 68.99999999998491 2.986499936241671e-14
67 51284 51724 69.99999998100391 -1.0767470248751465e-11
68 51724 52180 70.99999999144774 8.122669203913802e-14
69 52180 52644 72.00000000026435 -4.6157522248790883e-14
70 52644 53093 72.99999998780717 -9.051093208256589e-14
71 53093 53513 73.99999999999497 -1.9442780718748054e-14
72 53513 53953 75.00000000012172 -2.105260410445453e-14
73 53953 54374 75.99999999999821 3.58046925441613e-15
74 54374 55125 76.50132983792776 0.0026595738388158763
75 55125 55484 78.9999999990529 -4.110239926191639e-11
76 55484 55851 79.99999999756089 -2.7772215083210483e-11
77 55851 56188 80.99999999622818 -6.840751576309145e-11
78 56188 56560 81.99999999942057 -4.567179967551738e-13
79 56560 56875 82.9999999997874 -1.268940508225569e-11
80 56875 57207 83.99999999837 -9.038642057035418e-11
81 57207 57509 84.99999999978601 -7.653988554068292e-12
82 57509 57800 85.99999999986179 -6.754569126243837e-12
83 57800 58110 86.99999999907425 -1.1750544981481426e-11
84 58110 58444 87.99999999955965 -7.978367966288147e-12
85 58444 58746 88.99999999935012 -4.703265554795166e-12
86 58746 59066 89.99999999975877 -4.8408776986974544e-12
87 59066 59369 90.99999999942531 -1.4557993699426675e-11
88 59369 59684 91.99999999831036 -1.9148516106071156e-11
89 59684 59985 92.99999999989856 -6.565442633998941e-12
90 59985 60290 93.99999999990038 -1.5404344466674047e-14
91 60290 60605 95.00000000000034 1.2437273433363316e-13
92 60605 60932 95.9999999992027 -8.720801858430605e-14
93 60932 61324 97.00000000010161 3.783084956410221e-14
94 61324 61841 98.0000000000071 -8.18789480661053e-15
95 61841 62535 99.00000000027573 7.102651800039439e-14
96 62535 64582 99.49976340795378 0.0009936837826884926
97 64582 65590 101.99999999992376 2.025532519489559e-13
98 65590 66559 103.0000000008188 -8.60075899389301e-14
99 66559 67582 103.99999999794133 2.0219936835985663e-13
100 67582 68537 104.99999999580683 -6.422884446521948e-11
101 68537 69515 105.99999999945679 3.5013658639115874e-14
102 69515 70446 106.99999999992686 -3.7335412539363233e-13
103 70446 71372 108.00000000096404 6.027331411750936e-13
104 71372 73158 108.50041093774384 0.0011328835509154533
105 73158 74098 111.00000000052128 -5.984102102729594e-14
106 74098 74967 111.99999999975066 -2.3342439092743916e-13
107 74967 75801 113.00000000372513 -1.870521793012614e-11
108 75801 76624 114.00000000002159 -9.189871086334733e-14
109 76624 77474 114.99999999998391 -4.440753320622548e-13
110 77474 78249 115.99999999990145 -5.0931481254679056e-14
111 78249 79046 117.00000000170417 1.72822867128275e-12
112 79046 79838 117.99999999955966 -1.0126621763362209e-13
113 79838 80618 119.00000002072096 -3.1852021020739585e-11
114 80618 81436 119.9999999988171 9.720002580593246e-14
115 81436 82205 120.99999999952608 -2.6355306825820435e-13
116 82205 82922 121.99999999935112 -5.208194986394687e-13
117 82922 84411 122.50067459160825 0.0013422880313801455
118 84411 85100 124.99999995023987 1.2774961644090865e-11
119 85100 85823 126.00000000077463 -4.598127434363164e-13
120 85823 87241 126.5007045638243 0.0014084490266704774
121 87241 87946 128.99999996898944 -4.752882809544445e-11
122 87946 88646 130.00000003507398 -4.636296901949777e-11
123 88646 89342 131.00000000002888 -1.874889132835733e-14
124 89342 89994 132.00000001160268 4.352948557162506e-12
125 89994 90657 133.00000000039373 -2.2497281815248016e-13
126 90657 91310 134.00000000219586 -5.971570460339137e-12
127 91310 92545 134.50080775430845 0.0016155095574034162
128 92545 93167 137.00000000010365 5.86766746302203e-13
129 93167 93744 138.00000000028024 -2.6616209236607347e-13
130 93744 94358 139.00000003145277 3.927386194035876e-12
131 94358 94963 140.00000001090405 -1.2652198733142939e-11
132 94963 95530 141.00000001385897 -4.202527215113605e-12
133 95530 96127 141.99999999958874 -2.6903479444229106e-13
134 96127 96682 142.9999999995657 -1.6459056340067946e-13
135 96682 97268 144.00000000056818 2.379485497527867e-13
136 97268 97810 144.99999999948264 -1.7993939671612225e-13
137 97810 98374 146.00000000074442 4.488631688559508e-13
138 98374 98953 147.00000000030948 2.2576385205752558e-13
139 98953 99529 147.99999999994824 3.132494263979879e-13
140 99529 100069 149.00000000730304 -3.9107633797996755e-11
141 100069 100604 150.00000000158641 -3.142236471020965e-12
142 100604 101113 151.0000000122814 -2.5041135831571637e-11
143 101113 101658 151.99999997145852 -4.74319472587581e-11
144 101658 102188 152.9999999998603 5.545841563758813e-13
145 102188 102733 153.9999999684571 -3.776504109431755e-11
146 102733 103265 154.99999999467667 -1.2155471074137836e-11
147 103265 103801 156.00000002257474 -1.8726853401318522e-11
148 103801 104302 157.00000002590193 -1.3954448707664824e-11
149 104302 104799 158.00000002340107 -4.7883336184995073e-11
150 104799 105274 159.00000000005272 -3.2401858973685194e-13
151 105274 105764 160.00000000087215 -2.764732887072796e-13
152 105764 106233 161.00000000038634 -1.2362333379201118e-13
153 106233 106743 161.99999999050425 -1.5476925296908917e-11
154 106743 107190 163.00000000047294 2.277900090774665e-13
155 107190 107645 163.99999999989166 -3.8113956435381624e-13
156 107645 108086 165.00000000085788 -1.069688781996092e-11
157 108086 108536 165.99999994486032 -6.879272151927296e-11
158 108536 108999 167.00000000009422 -4.3326453535996734e-14
159 108999 109443 167.99999999446743 -6.5165095541885876e-12
160 109443 109857 168.99999998879403 -1.5686840715289918e-11
161 109857 110319 170.00000000123438 -7.749301200732361e-12
162 110319 110733 170.99999986632045 7.892389519703613e-11
163 110733 111164 171.99999999974023 1.4940826353893044e-13
164 111164 111581 172.99999999710394 -7.945005764398161e-12
165 111581 111994 174.00000000744996 -1.503241975342462e-13
166 111994 112442 174.9999999994645 -2.8282931552325863e-13
167 112442 112822 175.99999999515518 -9.48630063390965e-13
168 112822 113221 177.0000000290749 -1.4188011876470341e-11
169 113221 113680 178.00000000258936 -6.834785515330566e-11
170 113680 114098 179.00000000223628 1.5851764345597985e-12
171 114098 114482 179.9999999999538 -2.8718694089491237e-13
172 114482 114871 180.99999999973332 3.1646907316940087e-13
173 114871 115634 181.50913829977605 0.002610966525309233
174 115634 115972 184.00000000547274 4.1444625509257094e-13
175 115972 116397 185.00000000086555 -9.94221371897197e-12
176 116397 116795 185.9999999942061 -3.650690860723671e-12
177 116795 117128 186.99999999977376 -6.221689829999377e-13
178 117128 117485 187.9999999977481 2.621347583442457e-12
179 117485 117846 188.99999999966096 -8.273437490657898e-12
180 117846 118210 189.99999999982538 2.436384427539906e-13
181 118210 118571 190.9999999998996 1.974531649295841e-13
182 118571 118925 191.99999999253905 -1.9113044480434382e-12
183 118925 119606 192.5047859707572 0.002931409364262949
184 119606 119941 194.99999999965794 -3.689271110829395e-13
185 119941 120259 195.99999999986986 -1.4882539645100223e-13
186 120259 120593 197.00000000125655 -1.531447191283064e-11
187 120593 120936 198.0000000038235 -1.38311584407802e-12
188 120936 121269 198.99999998260913 5.275779813018744e-13
189 121269 121616 199.99999999992815 -2.3281376826389533e-13
190 121616 121954 200.99999999570892 -1.738825750052797e-11
191 121954 122309 201.999999997968 -3.89249743548703e-12
192 122309 122653 203.00000009672556 -1.4495871170083774e-10
193 122653 122977 204.0000000005932 -1.1406431354998858e-12
194 122977 123283 204.99999999265944 1.159272677853096e-11
195 123283 123938 205.5045726478158 0.003048778654118234
196 123938 124236 208.00000000015018 4.048983370807946e-13
197 124236 124518 208.99999999959135 -1.6464607455191071e-12
198 124518 124845 210.00000000041183 -3.682920635128539e-11
199 124845 125166 211.0000000000162 6.088463067044358e-13
200 125166 125477 211.99999998174255 -1.4575118889581518e-11
201 125477 125783 213.00000000154708 5.448697049104112e-12
202 125783 126095 214.00000000018358 -2.024103107345354e-12
203 126095 126390 214.9999999999021 -6.188383139260623e-13
204 126390 126693 216.00000000136646 3.5125236053090703e-12
205 126693 126982 216.9999999997037 -1.4175993712228774e-11
206 126982 127262 217.99999999981375 -7.638334409421077e-14
207 127262 127570 218.99999999340068 -2.4132695841672103e-11
208 127570 127864 219.99999999982072 -2.2154500456395e-13
209 127864 128116 220.99999999981344 5.140332604014475e-14
210 128116 128384 222.00000000007162 3.353983757392598e-13
211 128384 128631 222.99999999978817 -1.6420198534206065e-13
212 128631 128902 223.99999999983368 -2.8382851624542127e-13
213 128902 129209 224.999999970887 3.706424056559854e-12
214 129209 129469 226.00000000000978 -1.56097357262297e-13
215 129469 129755 226.99999998794166 -7.253564415776736e-11
216 129755 130021 227.99999999690033 7.2250538885043625e-12
217 130021 130292 228.99999996117896 -2.535499588063317e-11
218 130292 130785 229.5141132563251 0.004032255938964169
219 130785 131280 231.50604810599376 0.004032258706817782
220 131280 131540 233.99999999980034 -2.6276758546828205e-12
221 131540 131777 235.0000000000158 -2.55351295663786e-15
222 131777 132036 235.9999999991031 1.1707856906184588e-12
223 132036 132311 237.00000000106456 -3.913536161803677e-14
224 132311 132557 237.99999999960852 -6.659062190550458e-12
225 132557 132792 238.99999999984706 -1.2667644710973036e-13
226 132792 133063 239.99999999545378 2.5480728638171968e-12
227 133063 133309 240.99999999732321 -9.016676294493209e-13
228 133309 133541 241.99999999986247 -4.107825191113079e-15
229 133541 133742 242.9999999998932 -2.681188604469753e-13
230 133742 134002 243.9999999999464 -5.108691247812658e-13
231 134002 134249 245.00000000008723 -3.863021014183232e-13
232 134249 134479 245.99999999983277 -3.6559644200906405e-13
233 134479 134956 246.5062759087637 0.00418410073443698
234 134956 135197 248.9999999998793 -4.4919623576333834e-13
235 135197 135442 250.00000000007003 -3.622657729351886e-13
236 135442 135923 250.50622587070254 0.004149374631538416
237 135923 136140 252.99999999991243 -2.0750068330244176e-13
238 136140 136537 253.50251209437937 0.005025124403406855
239 136537 136753 255.99999999989643 -5.215827769688985e-13
240 136753 137171 256.5023923241341 0.004784688817104921
241 137171 137390 258.99999999994975 -4.777289674962049e-13
242 137390 137616 259.9999999989307 -8.123279826577345e-12
243 137616 138041 260.5023475736936 0.004694835749889603
244 138041 138246 262.99999999987443 -6.861178292183467e-14
245 138246 138433 263.9999999998897 6.961098364399732e-14
246 138433 138646 264.9999999997939 -1.1435297153639112e-13
247 138646 138884 265.99999994784827 -1.950706263187385e-11
248 138884 139105 266.99999999999665 -1.8052226380405045e-13
249 139105 139313 267.9999999999077 -1.5776269179923474e-13
250 139313 139532 269.0000000000315 3.2862601528904634e-14
251 139532 139923 269.50253797428576 0.005076142836525355
252 139923 140116 271.99999999990996 7.538414337204813e-14
253 140116 140329 273.0000000002794 1.0759171331642392e-12
254 140329 140521 273.9999999998752 -6.128431095930864e-14
255 140521 140731 275.0000002491862 -7.67665175871457e-09
256 140731 140919 275.9999999998618 -2.7478019859472624e-13
257 140919 141125 277.0000000000327 -3.2451819009793326e-13
258 141125 141502 277.50264559734995 0.005291002139445555
259 141502 141887 279.50257729826654 0.0051546381211393655
260 141887 142098 281.99999999997794 2.8255175976710234e-13
261 142098 142265 282.9999999999873 -2.645661467681748e-13
262 142265 142451 283.99999999985187 1.6509016376176078e-13
263 142451 142651 284.99999999986704 -2.886579864025407e-13
264 142651 142838 285.9999999999218 -9.048317650695026e-14
265 142838 143048 286.9999999998971 -1.6298074001497298e-13
266 143048 143219 287.999999999839 -3.177458296477198e-13
267 143219 143396 288.99999999996055 7.549516567451064e-15
268 143396 143584 289.9999999998776 -3.647082635893639e-13
269 143584 143788 291.00000000002694 4.702904732312163e-13
270 143788 143951 291.9999999999433 8.670841822322473e-14
271 143951 144127 292.99999999986443 2.8954616482224083e-13
272 144127 144312 293.9999999997704 -8.204548151979907e-14
273 144312 144505 294.9999999998099 -3.779199175824033e-13
274 144505 144677 295.9999999999076 -1.1690648449302898e-13
275 144677 145002 296.5213451127886 0.006097542471135919
276 145002 145190 298.9999999997835 -3.0586644328423063e-13
277 145190 145392 299.99999999197126 -4.6378234586086364e-11
278 145392 145539 300.99999999989024 -1.163513729807164e-13
279 145539 145712 301.99999999983334 -1.5709655798445965e-13
280 145712 145910 302.99999999993713 -2.609024107869118e-14
281 145910 146071 303.99999999987665 -2.5057733665789783e-13
282 146071 146241 304.9999999999123 -6.59472476627343e-14
283 146241 146407 305.9999999998871 -6.505906924303417e-14
284 146407 146583 306.999999999879 5.517808432387028e-14
285 146583 146741 307.99999999996794 5.218048215738236e-14
286 146741 146929 308.9999999999109 -1.1834977442504169e-13
287 146929 147087 309.9999999998212 -6.461498003318411e-14
288 147087 147262 310.99999999996163 -3.469446951953614e-13
289 147262 147422 311.999999999884 -9.514611321037592e-14
290 147422 147729 312.50322587261195 0.0064516115467205815
291 147729 147892 314.99999999987386 -5.362377208939506e-14
292 147892 148209 315.50943445237067 0.006289307030951652
293 148209 148369 317.9999999999453 -3.539391002504999e-13
294 148369 148505 319.0000000000764 1.6409096303959814e-13
295 148505 148666 319.99999999989575 -2.992051051364797e-13
296 148666 148803 320.99999999976166 3.226308109560705e-13
297 148803 148961 321.99999999990905 -9.592326932761353e-14
298 148961 149142 322.99999999969344 -2.1217472223611367e-12
299 149142 149306 323.9999999998926 -5.299094496535872e-13
300 149306 149450 324.99999999988694 -3.2240876635114546e-13
301 149450 149599 325.9999999998934 -1.8074430840897548e-13
302 149599 149874 326.5035981167405 0.007194238919597806
303 149874 150024 328.99999999992974 5.617728504603292e-14
304 150024 150162 329.99999999985874 -3.4772185131259903e-13
305 150162 150339 330.9999999999204 -4.771738559838923e-13
306 150339 150497 331.9999999999153 1.0680345496894006e-13
307 150497 150648 332.99999999988523 -3.717026686445024e-13
308 150648 150793 333.9999999998406 -1.2789769243681803e-13
309 150793 150925 334.9999999999586 -2.8377300509419e-13
310 150925 151071 335.9999999999204 -2.0228263508670352e-13
311 151071 151220 336.9999999998626 -4.625189120588402e-13
312 151220 151539 337.50937416189174 0.0062500034136521165
313 151539 151668 339.9999999998148 -3.785860513971784e-13
314 151668 151806 340.9999999999814 -4.1300296516055823e-14
315 151806 151936 341.9999999793556 -1.8949486424446604e-10
316 151936 152074 342.99999999992986 1.270095140171179e-13
317 152074 152208 343.99999999979326 -1.2367884494324244e-13
318 152208 152337 344.9999999999187 -3.930189507173054e-13
319 152337 152472 345.9999999998086 1.021405182655144e-14
320 152472 152596 346.99999999965405 2.349231920106831e-13
321 152596 152737 347.99999999988916 3.5638159090467525e-13
322 152737 152887 348.9999999998266 7.105427357601002e-14
323 152887 153016 350.0000000001389 -1.7101875471325911e-12
324 153016 153148 350.99999999970134 1.4210854715202004e-13
325 153148 153426 351.5178570852132 0.007142856472791781
326 153426 153587 353.99999999989427 -1.2922996006636822e-13
327 153587 153732 354.99999999983936 -6.283862319378386e-14
328 153732 153863 355.99999999981696 -5.861977570020827e-14
329 153863 154016 356.9999999998279 -4.367617378875366e-13
330 154016 154264 357.5040320980467 0.008064516654264109
331 154264 154414 359.9999999997655 -3.133049375492192e-13
332 154414 154536 361.0000130009739 3.833192652180628e-09
333 154536 154665 361.9999999998297 1.638689184346731e-13
334 154665 154764 362.99999999998363 5.329070518200751e-15
335 154764 154903 363.9999999998 -3.8480330033507926e-13
336 154903 155030 364.99999999976063 -3.228528555609955e-13
337 155030 155168 365.9999999998447 -1.2168044349891716e-13
338 155168 155376 366.52380955867625 0.009523809133284766
339 155376 155480 369.0000000000215 -2.2448709557920665e-13
340 155480 155592 369.999999999886 -2.4447111002245947e-13
341 155592 155715 370.9999999999377 -2.398081733190338e-13
342 155715 155953 371.5042024880202 0.00840336075559156
343 155953 156093 373.99999999987443 -1.7319479184152442e-14
344 156093 156390 374.50335473920563 0.006711409406195301
345 156390 156517 376.99999999989484 -2.8133051444001467e-13
346 156517 156656 377.99999999982714 -3.488320743372242e-13
347 156656 156898 378.5204913833556 0.008196723389557903
348 156898 157045 380.9999999997207 -3.3995029014022293e-13
349 157045 157171 381.9999999998549 1.8762769116165146e-13
350 157171 157277 382.9999999999614 8.86846152070575e-13
351 157277 157504 383.5131579853851 0.008771929210974028
352 157504 157731 385.5131579720346 0.008771928702137277
353 157731 157859 387.999999999836 -2.2515322939398175e-13
354 157859 157971 388.99999999983044 1.8451906669270102e-13
355 157971 158210 389.5041667257741 0.008333332582841413
356 158210 158329 391.99999999987057 -2.289279876777073e-13
357 158329 158442 392.99999999993076 -1.9118040484045196e-13
358 158442 158562 393.9999999998823 -2.418065747633591e-13
359 158562 158656 395.0000000000628 -7.993605777301127e-14
360 158656 158779 395.99999999987904 5.5067062021407764e-14
361 158779 158885 396.9999999997544 -6.044054146059352e-13
362 158885 158994 397.9999999996618 5.39346345362901e-13
363 158994 159094 398.9999999999158 1.851852005074761e-13
364 159094 159211 399.9999999997561 -1.0547118733938987e-13
365 159211 159299 400.9999999999563 -3.7125857943465235e-13
366 159299 159411 402.0000000005613 -2.6043611711656922e-12
367 159411 159543 402.9999999998019 -3.737010700888277e-13
368 159543 159648 403.9999999998802 5.762057497804562e-13
369 159648 159757 404.9999999999369 3.930189507173054e-14
370 159757 159863 406.00000000006116 -8.819611707622244e-13
371 159863 159963 406.9999999998064 -3.255173908200959e-13
372 159963 160175 407.5047170381366 0.009433961762917553
373 160175 160274 409.9999999998951 3.1796787425264483e-13
374 160274 160382 410.99999999981577 6.977951549913541e-11
375 160382 160487 411.9999999980338 -6.45048459091413e-11
376 160487 160598 412.99999999996476 5.24913446042774e-13
377 160598 160699 414.00000000518264 -3.948175120171982e-11
378 160699 160805 414.9999999999611 2.9665159217984183e-13
379 160805 160906 -1.3533137896387977 -0.05637025966235454
380 160906 161016 416.99999999962546 -9.197087535994797e-13
381 161016 161219 417.50490198821666 0.009803921569155438
382 161219 161321 419.9999999964138 -2.801137100050255e-11
383 161321 161418 420.99999999970794 -3.8458125573015423e-13
384 161418 161526 422.00000004133983 -2.064322046635425e-10
385 161526 161627 422.999999999934 -5.466738173254271e-13
386 161627 161742 423.9999999997883 6.135092434078615e-13
387 161742 161837 424.99999999049066 -1.0418332863082469e-12
388 161837 161915 426.00000000006645 4.782840790085174e-13
389 161915 162020 426.9999999987661 8.00914889964588e-12
390 162020 162136 427.99999999989694 1.4654943925052066e-14
391 162136 162231 428.99999999992735 -1.1262102361797588e-12
392 162231 162331 430.0000000002805 2.3631763212961232e-11
393 162331 162435 431.00000000000813 8.619327473979865e-12
394 162435 162610 431.51704539039366 0.011363636158941981
395 162610 162705 433.99999999955384 -1.6138201885951275e-12
396 162705 162807 434.99999999969845 -7.478462293875054e-13
397 162807 162905 435.9999999999535 7.887024366937112e-13
398 162905 163016 436.99999999977126 -1.006750238730092e-12
399 163016 163199 437.505434793729 0.010869564673515741
400 163199 163300 439.99999999957885 4.239719686438548e-12
401 163300 163513 440.50467293809663 0.00934579393889412
402 163513 163591 442.9999999998701 -4.853895063661184e-13
403 163591 163784 443.5051546125853 0.010309277821002771
404 163784 163875 446.000000000946 -1.6990853168863396e-12
405 163875 163961 446.9999999999572 8.970602038971265e-14
406 163961 164063 447.99999999790634 1.5842882561400984e-11
407 164063 164155 448.9999999999163 -2.2870594307278225e-13
408 164155 164323 449.5059523277054 0.01190476186158329
409 164323 164513 451.50520824921 0.010416665232071631
410 164513 164620 453.9999999998515 -2.0827783941967937e-13
411 164620 164812 454.52577335109936 0.010309277782238002
412 164812 164878 456.9999999893634 -1.652988856903903e-11
413 164878 165042 457.5060243668579 0.012048191427397548
414 165042 165123 459.99999999974864 -4.716227408607665e-13
415 165123 165209 460.9999999999353 -3.419486915845482e-14
416 165209 165287 461.99999999992536 5.337952302397753e-13
417 165287 165372 462.99999999992974 4.218847493575595e-14
418 165372 165449 463.99999999987256 8.499867476530198e-13
419 165449 165538 464.9999999998332 -1.7896795156957523e-13
420 165538 165633 465.9999999849741 -1.2150280781497713e-11
421 165633 165716 466.999999999908 4.169997680492088e-13
422 165716 165879 467.54216916662443 0.012048190041905604
423 165879 166047 469.5058826621451 0.011764702489738044
424 166047 166125 472.00000000001455 -5.81756864903582e-14
425 166125 166210 472.9999999997519 -1.5543122344752192e-13
426 166210 166351 473.5070423790389 0.014084504435879275
427 166351 166499 475.50666668311305 0.013333332720900426
428 166499 166570 477.99999999992565 5.906386491005833e-14
429 166570 166663 479.00000000008936 -6.190603585309873e-13
430 166663 166749 479.9999999998031 -1.6475709685437323e-13
431 166749 166822 480.99999999988626 -3.952393967665557e-14
432 166822 166903 481.99999999979667 -8.72635297355373e-13
433 166903 166972 482.9999999999251 -2.4069635173873394e-13
434 166972 167155 483.5376343589297 0.010752688374225938
435 167155 167243 485.9999999928608 -2.949418487219191e-11
436 167243 167315 486.99999999992826 7.860379014346108e-14
437 167315 167402 487.99999999986386 -1.8487433806058107e-12
438 167402 167545 488.5069448170028 0.013888885658114525
439 167545 167678 490.50746217477445 0.014925334974730475
440 167678 167750 492.99999999987097 -3.7969627442180354e-13
441 167750 167827 493.99999999988916 -9.681144774731365e-13
442 167827 167966 494.5214284488705 0.014285715372502228
443 167966 168041 496.99999999987284 -4.853895063661184e-13
444 168041 168108 497.99999999992883 -2.0827783941967937e-13
445 168108 168261 498.5194817626168 0.012986994589784473
446 168261 168351 500.99999999975563 2.1116441928370477e-12
447 168351 168420 501.99999999990933 -8.038014698286133e-14
448 168420 168505 502.99999999970595 -1.0271783423831948e-12
449 168505 168579 503.999999999889 -1.7408297026122455e-13
450 168579 168645 505.0000000000209 4.622968674539152e-13
451 168645 168716 505.9999999998448 -2.886579864025407e-14
452 168716 168798 506.9999999987851 8.144596108650148e-13
453 168798 168877 507.9999999999246 5.089262344881718e-13
454 168877 169014 508.5217401302 0.014492718507310265
455 169014 169093 510.9999999996722 -2.2026824808563106e-13
456 169093 169169 511.9999999998153 -6.17284001691587e-14
457 169169 169253 512.9999999997185 -3.292033312618514e-12
458 169253 169324 513.9999999999296 1.9806378759312793e-13
459 169324 169382 514.999999999946 8.819611707622244e-13
460 169382 169533 515.5197376045572 0.013157883206283305
461 169533 169601 517.9999999999757 -4.2943426592501055e-13
462 169601 169686 518.9999999998371 -3.794298208958935e-12
463 169686 169745 519.999999999995 -1.4832579608992091e-13
464 169745 169872 520.5078125399392 0.015624998766306408
465 169872 170010 522.5072461487958 0.014492751966212136
466 170010 170078 524.9999999999546 1.7053025658242404e-13
467 170078 170135 526.0000000000686 -1.7852386235972517e-13
468 170135 170207 526.9999999998729 -7.362999099314038e-13
469 170207 170271 527.9999999999735 -3.597122599785507e-13
470 170271 170344 528.9999999996385 -1.461053500406706e-13
471 170344 170407 529.999999999844 -2.2737367544323206e-13
472 170407 170475 530.9999999998503 2.8821389719269064e-13
473 170475 170563 531.9999999768219 -2.2548585221215944e-10
474 170563 170624 532.9999999999403 2.4868995751603507e-13
475 170624 170700 534.0000000015369 5.067057884389214e-13
476 170700 170747 534.999999998024 -7.614326946736583e-10
477 170747 170824 536.0000000001381 4.775291273517723e-12
478 170824 170885 536.9999999998528 -5.515587986337778e-13
479 170885 170963 537.9999999999152 -1.9193535649719706e-12
480 170963 171024 539.000000000006 5.213607323639735e-13
481 171024 171089 539.9999999999575 -1.4273027204581012e-12
482 171089 171163 540.9999999997013 -4.618527782440651e-14
483 171163 171233 541.999999999785 -1.425526363618701e-13
484 171233 171299 542.9999999999691 3.2596148002994596e-13
485 171299 171349 543.9999999981712 -7.321521167114042e-11
486 171349 171413 544.9999999999574 -3.0730973321624333e-13
487 171413 171466 546.0000000000189 -6.474820679613913e-13
488 171466 171540 546.9999999996401 1.2492229473082261e-12
489 171540 171672 547.5373133780736 0.014925373211029935
490 171672 171812 549.507142844718 0.014285713993139382
491 171812 171879 551.9999999998911 -3.339550858072471e-13
492 171879 171952 553.000000000359 1.2216450073765373e-11
493 171952 172019 553.9999999998927 -4.876099524153688e-13
494 172019 172135 554.5086207199757 0.017241368923922806
495 172135 172191 557.000000000048 6.181721801112872e-13
496 172191 172318 557.5076922695646 0.015384614448976208
497 172318 172385 559.9999999997409 -7.904787935331115e-14
498 172385 172437 560.9999999998397 -5.17808018685173e-13
499 172437 172503 561.9999999998637 7.451816941284051e-13
500 172503 172556 562.9999999999652 3.8458125573015423e-13
501 172556 172612 563.9999999998879 2.6201263381153694e-13
502 172612 172678 564.9999999997395 4.973799150320701e-14
503 172678 172730 566.000000000047 1.687538997430238e-14
504 172730 172800 566.9999999998008 1.851852005074761e-13
505 172800 172858 567.9999999999617 -4.591882429849647e-13
506 172858 172928 568.9999999995076 -1.0889067425523535e-12
507 172928 172993 569.9999999998096 -5.506706202140776e-13
508 172993 173047 571.0000000000698 4.476419235288631e-13
509 173047 173106 571.9999999998194 -5.799805080641818e-13
510 173106 173178 573.0000000039297 4.6140868903421506e-12
511 173178 173224 573.9999999949308 -1.6199752650436494e-10
512 173224 173357 574.522387896986 0.01492537517236947
513 173357 173431 577.0000000001069 2.517985819849855e-12
514 173431 173561 577.5075756339805 0.01515151525398295
515 173561 173616 579.999999999916 -5.240252676230739e-13
516 173616 173742 580.5078125312406 0.01562500006443246
517 173742 173866 582.5079364447809 0.015873016782251614
518 173866 173917 584.9999999999648 -1.438849039914203e-13
519 173917 173977 585.9999999998545 -3.6415315207705135e-13
520 173977 174027 586.9999999999856 4.600764214046649e-13
521 174027 174148 587.508196743201 0.016393442213550546
522 174148 174207 589.9999999999496 3.481659405224491e-13
523 174207 174253 590.9999999849541 -7.525713385803101e-11
524 174253 174295 591.9999999982592 -6.763771764894955e-10
525 174295 174354 592.9999999998516 -3.446132268436486e-13
526 174354 174418 593.999999999742 -4.760636329592671e-13
527 174418 174473 594.9999999998963 2.424727085781342e-13
528 174473 174532 595.9999999998317 -6.03073146976385e-13
529 174532 174601 596.9999999992021 -1.6205703445848485e-11
530 174601 174658 597.999999999896 1.1546319456101628e-13
531 174658 174725 598.9999999993692 -2.7631230636870896e-12
532 174725 174795 599.9999999985702 1.2994050280212832e-12
533 174795 174858 601.000000000007 1.2434497875801753e-14
534 174858 174912 601.9999999999995 8.526512829121202e-14
535 174912 174973 602.999999999911 -7.65609797781508e-13
536 174973 175026 603.9999999998652 -3.090860900556436e-13
537 175026 175086 604.999999999888 -6.306066779870889e-14
538 175086 175150 605.9999999996279 7.966960424710123e-13
539 175150 175199 607.0000000000515 7.762679388179095e-13
540 175199 175302 607.5094341176517 0.01886791868395221
541 175302 175353 609.999999999963 3.907985046680551e-13
542 175353 175417 610.9999999997217 -4.920508445138694e-13
543 175417 175468 611.9999999999972 -7.824851877558103e-13
544 175468 175531 612.9999999997557 -4.085620730620576e-14
545 175531 175583 613.9999999998768 7.709388682997087e-13
546 175583 175643 614.9999999998007 -5.950795411990839e-14
547 175643 175756 615.5263158560776 0.017543859066885048
548 175756 175789 617.9999999871145 -8.328012057745582e-09
549 175789 175889 618.5490195820165 0.019607842881478543
550 175889 175941 620.9999999998264 -4.742872761198669e-13
551 175941 176003 621.99999999971 -1.1182166304024577e-12
552 176003 176052 622.9999999999845 -2.1760371282653068e-13
553 176052 176116 623.9999999992818 -5.091926880140818e-12
554 176116 176174 624.999999999766 -6.394884621840902e-13
555 176174 176239 625.9999999948667 -4.0524028577237914e-11
556 176239 176283 627.0000000000158 2.184918912462308e-13
557 176283 176336 627.9999999999729 -3.4283687000424834e-13
558 176336 176370 628.9999999913831 -5.298451455360009e-09
559 176370 176429 629.9999999997326 -8.757439218243235e-13
560 176429 176473 630.999999999947 -8.08242361927114e-13
561 176473 176583 631.5089285972107 0.017857143069581305
562 176583 176683 633.5098038500913 0.019607843408204317
563 176683 176734 635.9999999998815 -5.710987238671805e-13
564 176734 176775 636.9999999863297 -1.2295231499592774e-10
565 176775 176825 637.9999999999238 -7.460698725481052e-13
566 176825 176870 639.0000000000381 -2.0250467969162855e-13
567 176870 176927 639.9999999997837 -7.860379014346108e-13
568 176927 176979 640.9999999999156 8.171241461241152e-14
569 176979 177092 641.5087719513951 0.01754385964464067
570 177092 177131 643.9999999943058 -3.211599874930471e-10
571 177131 177177 645.0000000000123 3.5793590313915047e-13
572 177177 177276 645.5100000351442 0.01999999936835728
573 177276 177334 647.9999999996512 -2.637889906509372e-13
574 177334 177377 648.9999999999695 4.0234482412415673e-13
575 177377 177429 649.9999999998915 -4.911626660941693e-13
576 177429 177474 650.9999999999508 3.0109248427834245e-13
577 177474 177539 651.999999999345 1.98685512486918e-12
578 177539 177645 652.5094342234659 0.018867919618589468
579 177645 177705 654.9999999994078 -7.078782005009998e-12
580 177705 177800 655.5102006410225 0.02040815862572698
581 177800 177840 658.0000000000025 -1.5720758028692217e-13
582 177840 177894 658.999999999788 -6.394884621840902e-13
583 177894 177941 660.0000000000323 4.4941828036826337e-13
584 177941 178000 660.99999999993 4.792255481333996e-11
585 178000 178034 661.9999999950865 -2.7909443645057763e-09
586 178034 178120 662.51136041916 0.022727264920180623
587 178120 178176 664.9999999995846 -5.124789481669723e-13
588 178176 178278 665.5480778011623 0.01923075983636302
589 178278 178321 668.0000000000105 -7.398526236102043e-13
590 178321 178372 668.9999999999859 1.1679546219056647e-12
591 178372 178407 669.999999997031 -1.4385843627451322e-09
592 178407 178457 670.9999999998515 -5.835332217429823e-13
593 178457 178521 672.0000000013146 -1.376676550535194e-13
594 178521 178580 673.0000000001977 -7.0743411129114975e-12
595 178580 178632 673.9999999998098 3.6415315207705135e-13
596 178632 178678 674.9999999999555 -5.719869022868806e-13
597 178678 178720 675.9999999999357 8.180123245438153e-13
598 178720 178774 676.9999999997805 1.8740564655672642e-13
599 178774 178815 677.9999999999883 -1.5987211554602254e-13
600 178815 178875 678.9999999958553 1.7497114868092467e-11
601 178875 178920 679.9999999999268 1.2168044349891716e-13
602 178920 178957 680.9999999887575 -1.8263968115661555e-10
603 178957 179064 681.5636363647956 0.018181818590135457
604 179064 179111 683.9999999998413 4.787281682183675e-13
605 179111 179149 685.0000000000056 2.984279490192421e-13
606 179149 179194 685.9999999998644 -3.730349362740526e-13
607 179194 179235 686.9999999999565 -6.892264536872972e-13
608 179235 179282 687.999999999897 2.184918912462308e-13
609 179282 179325 688.9999999999912 2.0516921495072893e-13
610 179325 179376 689.9999999999054 -4.410694032230822e-12
611 179376 179458 690.5595216058819 0.02380951856994873
612 179458 179558 692.5490195356667 0.019607844308989097
613 179558 179647 694.5111111331157 0.022222222525233093
614 179647 179690 696.9999999999606 -1.9628743075372768e-13
615 179690 179750 697.9999999986144 -7.850609051729407e-12
616 179750 179847 698.5102040172202 0.02040816288407754
617 179847 179950 700.5096152189923 0.019230773535112267
618 179950 180001 703.0000000002807 -1.2190248810384219e-11
619 180001 180041 703.999999999957 -3.659295089164516e-13
620 180041 180136 704.5312493687849 0.020833343452281383
621 180136 180189 706.9999999994383 5.684341886080802e-14
622 180189 180278 707.5108673793127 0.021739123926745485
623 180278 180384 709.5092591681725 0.018518519235351416
624 180384 180435 712.0000000012582 -3.8902214782865485e-11
625 180435 180508 712.5921050269369 0.026315783055035347
626 180508 180543 714.999999999999 3.019806626980426e-14
627 180543 180587 715.9999999999678 -1.5187850976872141e-13
628 180587 180635 716.9999999998781 5.950795411990839e-14
629 180635 180670 717.9999999999993 -2.646771690706373e-13
630 180670 180713 718.9999999999422 -1.1368683772161603e-13
631 180713 180750 719.9999999999624 -7.283063041541027e-14
632 180750 180838 720.5111072979423 0.02222221621192766
633 180838 180881 722.9999999998881 -7.496225862269057e-13
634 180881 180917 724.0000000000323 -1.4228618283596006e-12
635 180917 180959 724.9999999999488 -1.900701818158268e-13
636 180959 181005 725.9999999997999 -1.6431300764452317e-13
637 181005 181062 726.9999999969284 -7.764189291492585e-11
638 181062 181101 727.9999999999972 -3.6770586575585185e-13
639 181101 181134 728.9999999974981 -3.1959501711753546e-10
640 181134 181209 729.513154647042 0.026315781461160093
641 181209 181306 731.5306123095291 0.020408163100960053
642 181306 181349 733.9999999999271 -1.616484723854228e-13
643 181349 181426 734.5128162192864 0.025641023055000822
644 181426 181463 736.9999999998989 -1.900701818158268e-13
645 181463 181547 737.5119047122834 0.023809522910712033
646 181547 181583 740.0000000000333 -4.263256414560601e-14
647 181583 181632 740.9999999994599 -1.1759482276829658e-12
648 181632 181676 741.9999999998184 3.517186542012496e-13
649 181676 181724 742.9999999996447 -2.353672812205332e-13
650 181724 181804 743.5125017996545 0.024999995315246437
651 181804 181855 745.9999999985971 -2.212541261314982e-11
652 181855 181934 746.5121941722965 0.024390238538445352
653 181934 181974 748.9999999998854 -5.684341886080802e-14
654 181974 182022 749.9999999997013 -6.883382752675971e-13
655 182022 182099 750.5124990468594 0.024999996593431106
656 182099 182139 752.9999999999407 -3.836930773104541e-13
657 182139 182172 753.9999999999925 -3.019806626980426e-13
658 182172 182270 754.5099939674395 0.01999999488187143
659 182270 182304 757.0000000000123 1.438849039914203e-13
660 182304 182346 757.999999999864 -9.947598300641403e-14
661 182346 182402 758.5862070134801 0.034482752807736716
662 182402 182477 760.5131542346371 0.02631578254322875
663 182477 182509 762.9999999999982 1.7053025658242404e-13
664 182509 182586 763.5124989820524 0.024999996179110084
665 182586 182671 765.511627940622 0.023255814890892346
666 182671 182760 767.51111113598 0.022222221489114347
667 182760 182803 769.9999999998505 2.9309887850104133e-13
668 182803 182881 770.5128193738271 0.025641019593461323
669 182881 182921 772.999999999877 -1.163513729807164e-12
670 182921 182946 773.9999999802079 -1.3857745173595504e-08
671 182946 182976 774.9999999963494 -5.906244382458681e-10
672 182976 183015 775.9999999999093 3.4283687000424834e-13
673 183015 183049 776.9999999999602 7.638334409421077e-14
674 183049 183091 777.9999999998229 4.263256414560601e-14
675 183091 183129 778.999999999945 3.5704772471945034e-13
676 183129 183163 779.9999999999717 -2.4513724383723456e-13
677 183163 183204 780.999999999817 -5.702105454474804e-13
678 183204 183276 781.5138881415592 0.027777780001541963
679 183276 183312 783.9999999999768 -8.526512829121202e-14
680 183312 183376 784.5156248496103 0.03125000023872904
681 183376 183447 786.5416642977277 0.027777772508094323
682 183447 183480 788.9999999999936 3.126388037344441e-13
683 183480 183505 789.999999983851 -1.109421887690587e-08
684 183505 183579 790.5657882384745 0.02631578441878446
685 183579 183615 792.9999999999745 -6.394884621840902e-13
686 183615 183659 793.9999999996255 -6.306066779870889e-13
687 183659 183692 794.9999999999935 1.7763568394002505e-15
688 183692 183721 795.9999999976194 -4.944009646123959e-10
689 183721 183766 796.9999999996234 -5.275779813018744e-13
690 183766 183806 797.9999999997992 -8.775202786637237e-13
691 183806 183851 798.9999999996666 -5.506706202140776e-13
692 183851 183874 799.9999999698938 -2.1820241613568214e-08
693 183874 183918 800.999999999695 -7.265299473147024e-13
694 183918 183989 801.5416641988619 0.027777773773181025
695 183989 184022 803.9999999999905 -6.625811010962934e-13
696 184022 184068 804.9999999995739 -4.884981308350689e-13
697 184068 184102 805.9999999999568 -9.769962616701378e-14
698 184102 184140 806.9999999998342 1.1901590823981678e-13
699 184140 184202 807.5161290069939 0.03225806378645313
700 184202 184284 809.5119020073488 0.02380951927175623
701 184284 184330 811.9999999991783 -2.588151915006165e-12
702 184330 184406 812.5641007475372 0.025641022411310388
703 184406 184440 814.9999999999095 -7.105427357601002e-13
704 184440 184499 815.6129032403821 0.032258061872360244
705 184499 184549 817.5199985470581 0.039999993787091626
706 184549 184578 820.000000000001 4.085620730620576e-14
707 184578 184613 820.9999999998838 6.892264536872972e-13
708 184613 184656 821.9999999997331 -1.2025935802739696e-12
709 184656 184684 822.9999999860898 -5.02252461842545e-10
710 184684 184725 823.9999999999371 5.623945753541193e-12
711 184725 184752 824.9999999971297 -1.240705316263302e-09
712 184752 184821 825.5138883177246 0.02777777715888785
713 184821 184857 827.9999999998778 -2.859934511434403e-13
714 184857 184882 828.9999999912733 -5.385627943610416e-09
715 184882 184964 829.5121951459905 0.024390243909654608
716 184964 184988 831.9999999864749 -8.995417744017686e-09
717 184988 185018 832.999999999998 4.369837824924616e-13
718 185018 185056 833.9999999997874 -2.4158453015843406e-13
719 185056 185087 835.0000000000291 -5.897504706808832e-13
720 185087 185123 835.999999999906 -6.643574579356937e-13
721 185123 185206 836.581393309986 0.023255810058226523
722 185206 185239 838.9999999999034 -1.1013412404281553e-13
723 185239 185267 839.9999999999967 2.788880237858393e-13
724 185267 185332 840.5147056983336 0.029411762769847805
725 185332 185393 842.5161284659534 0.032258062215640315
726 185393 185414 844.999999960254 -2.9386388433749744e-08
727 185414 185480 845.5735289854584 0.029411762036921196
728 185480 185520 847.9999999996537 -1.4903633882568101e-12
729 185520 185579 848.516666456397 0.03333332997306204
730 185579 185617 850.999999999662 -1.2434497875801753e-14
731 185617 185671 851.5892856920284 0.035714284383359995
732 185671 185714 853.9999999999945 6.838973831690964e-13
733 185714 185743 855.0000000000879 -5.737632591262809e-13
734 185743 185777 855.9999999998704 1.3145040611561853e-12
735 185777 185799 856.9999999765207 -1.6581818584882058e-08
736 185799 185839 857.9999999996386 -6.927791673660977e-13
737 185839 185900 858.5483865920704 0.032258062078788896
738 185900 185934 860.999999999882 -6.412648190234904e-13
739 185934 185995 861.5483865826834 0.03225806364276984
740 185995 186023 863.9999999998338 -1.758593271006248e-13
741 186023 186088 864.5151502765599 0.03030302559965037
742 186088 186118 867.0000000000227 2.220446049250313e-13
743 186118 186142 867.999999992809 -4.025842770261079e-09
744 186142 186200 868.5172414446685 0.034482758605976827
745 186200 186267 870.5147040857178 0.029411758522304154
746 186267 186330 872.515624192449 0.031249995407154785
747 186330 186364 874.9999999998528 5.559996907322784e-13
748 186364 186391 875.9999999997973 1.1866063687193673e-12
749 186391 186423 876.999999999889 5.027089855502709e-13
750 186423 186475 877.5925925923315 0.03703703616207399
751 186475 186512 879.9999999997973 -2.0303758674344863e-12
752 186512 186553 881.0000000027521 3.1032953984322376e-12
753 186553 186580 881.9999999999754 -1.687538997430238e-13
754 186580 186644 882.5156233632813 0.031249996868099927
755 186644 186675 884.9999999999264 -7.496225862269057e-13
756 186675 186701 885.9999999999922 7.815970093361102e-14
757 186701 186764 886.5156239576673 0.031249997562599496
758 186764 186832 888.5147060035018 0.02941176372206833
759 186832 186859 890.9999999999721 -8.455458555545192e-13
760 186859 186920 891.5156248408489 0.03124999870365297
761 186920 186955 893.9999999998439 -4.440892098500626e-14
762 186955 186984 894.9999999999665 -2.3092638912203256e-14
763 186984 187036 895.5925927009062 0.03703703353908594
764 187036 187109 897.5131566661443 0.026315791661082777
765 187109 187135 900.0000000001887 1.6271428648906294e-12
766 187135 187165 900.9999999999847 -2.3803181647963356e-13
767 187165 187183 901.9999999247125 -5.771522637587623e-08
768 187183 187210 902.999999999963 2.8421709430404007e-13
769 187210 187269 903.5161290570362 0.03225805946019911
770 187269 187307 905.9999999996362 -7.975842208907125e-13
771 187307 187327 906.9999999680842 -2.2926005982526476e-08
772 187327 187354 908.0000000000283 -3.552713678800501e-15
773 187354 187417 908.5156239866965 0.03124999697192532
774 187417 187454 910.9999999996666 -3.481659405224491e-13
775 187454 187515 911.5161284404469 0.032258060220903495
776 187515 187544 913.9999999999869 1.078248601515952e-12
777 187544 187579 914.9999999997426 -3.1796787425264483e-13
778 187579 187610 915.9999999999175 -7.105427357601002e-15
779 187610 187655 916.5652178109071 0.043478246395672215
780 187655 187688 918.9999999998294 -1.9184653865522705e-13
781 187688 187740 919.5185184269967 0.037037037517182014
782 187740 187795 921.5172413359945 0.03448275718610638
783 187795 187855 923.5166655619895 0.03333332671772027
784 187855 187914 925.5166664084361 0.033333327733076956
785 187914 187972 927.5166666195781 0.0333333274692631
786 187972 188029 929.551724033721 0.03448275308624815
787 188029 188081 931.5925926385906 0.0370370356971641
788 188081 188127 933.5217381399154 0.043478255385913656
789 188127 188153 935.9999999999887 6.004086117172847e-13
790 188153 188172 936.9999999632824 -2.6420060805776302e-08
791 188172 188201 937.9999999999086 -6.394884621840902e-14
792 188201 188234 938.999999999776 -8.490985692333197e-13
793 188234 188257 939.9999999793466 -1.0108252013196761e-09
794 188257 188286 940.9999999998872 -5.364597654988756e-13
795 188286 188333 941.5208333374615 0.04166666829946841
796 188333 188387 943.5185185143773 0.03703703646734802
797 188387 188420 945.9999999997366 1.971756091734278e-13
798 188420 188466 946.5217380250734 0.04347825535382732
799 188466 188505 948.9999999988518 5.506706202140776e-13
800 188505 188557 949.5192308034375 0.03846153732678559
801 188557 188604 951.5199861841114 0.04000032202616488
802 188604 188663 953.5166662827451 0.03333333028508001
803 188663 188714 955.5192307233358 0.038461536974116584
804 188714 188744 957.9999999998124 -9.059419880941277e-14
805 188744 188793 958.634615677442 0.038461524724537455
806 188793 188813 960.9999999840609 -9.678526424750089e-09
807 188813 188871 961.5833334094781 0.03333332574584169
808 188871 188912 964.0000000217833 1.5703527367350034e-10
809 188912 188933 964.9999999924195 -3.2351472611935606e-09
810 188933 189000 965.5999995197415 0.028571424567820358
811 189000 189065 967.5151497452797 0.03030302794306383
812 189065 189090 969.9999999999937 5.435651928564766e-13
813 189090 189145 970.5172414010915 0.034482757813483644
814 189145 189196 972.5192308438133 0.0384615335626215
815 189196 189217 974.9999999939276 -2.012608746326805e-09
816 189217 189273 975.5172414273105 0.034482749627281706
817 189273 189329 977.5178569724485 0.035714293715605194
818 189329 189376 979.5208334001957 0.04166666472669611
819 189376 189403 981.9999999998684 -6.821210263296962e-13
820 189403 189448 982.5652173481564 0.04347826441921221
821 189448 189483 984.9999999995135 -7.212008767965017e-13
822 189483 189511 985.999999999841 3.019806626980426e-13
823 189511 189533 987.0 -1.0658141036401503e-13
824 189533 189567 987.9999999995478 -1.9806378759312793e-12
825 189567 189591 988.9999999999983 -7.780442956573097e-13
826 189591 189661 989.5694425127374 0.027777779967635752
827 189661 189691 991.9999999997551 7.815970093361102e-14
828 189691 189741 992.5192307213377 0.03846154083464626
829 189741 189792 994.5185185212121 0.03703703574174888
830 189792 189844 996.5925925077944 0.03703703554732307
831 189844 189867 999.0000000000676 -1.2718714970105793e-12
832 189867 189886 999.9999999832327 -9.510081611097121e-09
833 189886 189910 1000.9999999999804 -7.922551503725117e-13
834 189910 189944 1001.9999999994704 -1.4814816040598089e-12
835 189944 189970 1002.9999999998925 7.887024366937112e-13
836 189970 190001 1003.9999999997714 -1.0444978215673473e-12
837 190001 190054 1004.6249997516809 0.03571429247420532
838 190054 190089 1006.9999999999953 -2.4868995751603507e-13
839 190089 190104 1007.9999998805106 -9.273036027934722e-08
840 190104 190134 1008.9999999997428 3.659295089164516e-13
841 190134 190183 1009.6346152839465 0.038461541941352095
842 190183 190220 1011.9999999987596 1.7355006320940447e-12
843 190220 190245 1012.9999999999238 -2.913225216616411e-13
844 190245 190284 1013.5750000012005 0.04999999928742227
845 190284 190330 1015.5208333299979 0.041666667021248216
846 190330 190360 1017.9999999996652 -8.171241461241152e-13
847 190360 190377 1018.9999999566327 -3.0004166262642684e-08
848 190377 190432 1019.5172413259722 0.034482758249639645
849 190432 190459 1021.9999999998247 -5.826450433232822e-13
850 190459 190479 1022.9999999950907 -2.688977929210523e-10
851 190479 190527 1023.5208322169981 0.04166665964417149
852 190527 190548 1025.9999999999893 1.6697754290362354e-13
853 190548 190583 1026.68421060849 0.052631574160200145
854 190583 190614 1028.9999999996198 -1.4530598946294049e-12
855 190614 190639 1029.9999999999527 1.6839862837514374e-12
856 190639 190655 1030.9999999351323 -4.700210709529529e-08
857 190655 190681 1031.9999999999604 -5.861977570020827e-13
858 190681 190694 1032.9999997717903 -1.8428332282383053e-07
859 190694 190714 1033.9999999999998 2.842170943040401e-14
860 190714 190769 1034.6206895919272 0.03448275879006957
861 190769 190788 1036.9999999910904 -2.6984459111645265e-09
862 190788 190818 1037.9999999996471 -1.1581846592889633e-12
863 190818 190867 1038.5192308533533 0.03846153622160209
864 190867 190918 1040.5192307996347 0.0384615314781076
865 190918 190952 1042.529411693217 0.05882352467536123
866 190952 190970 1044.9999999830043 -8.456368050246965e-09
867 190970 190992 1045.9999999999682 3.304023721284466e-13
868 190992 191008 1046.9999999434554 -3.967046779962402e-08
869 191008 191033 1047.9999999998815 -5.471179065352771e-13
870 191033 191047 1048.9999998576122 -1.1050221360164869e-07
871 191047 191073 1049.999999999863 5.329070518200751e-13
872 191073 191114 1050.6590908164044 0.045454549827859125
873 191114 191166 1052.5185186364774 0.03703703261449931
874 191166 191182 1054.999999947363 -3.617174826331393e-08
875 191182 191202 1056.0000000000057 1.0658141036401503e-14
876 191202 191249 1056.5200000211876 0.03999999945108712
877 191249 191288 1059.000000001949 -6.707701061259286e-11
878 191288 191312 1059.9999999999036 9.521272659185342e-13
879 191312 191369 1060.5172411079498 0.034482757248765594
880 191369 191401 1062.9999999994534 -1.2015277661703294e-11
881 191401 191445 1063.5217391091792 0.043478260431284
882 191445 191460 1065.9999999192416 -5.853150497614479e-08
883 191460 191506 1066.60416645603 0.041666671957255375
884 191506 191553 1068.5624999364295 0.04166666916010797
885 191553 191594 1070.5714282796223 0.04761904948117035
886 191594 191618 1072.999999999921 -2.3803181647963356e-13
887 191618 191632 1073.9999998769968 -9.304920212116485e-08
888 191632 191656 1074.9999999998909 -2.0250467969162855e-13
889 191656 191714 1075.5833333562293 0.03333332548406709
890 191714 191739 1077.999999999771 -5.044853423896711e-13
891 191739 191771 1078.6470589049156 0.058823524673773164
892 191771 191801 1080.999999999539 -3.304023721284466e-13
893 191801 191848 1081.5624999169772 0.04166666694507448
894 191848 191883 1083.9999999993092 4.565237077258644e-13
895 191883 191898 1084.9999999303554 -4.849187718036774e-08
896 191898 191920 1085.9999999999397 3.552713678800501e-15
897 191920 191947 1086.9999999997708 -1.0977885267493548e-12
898 191947 191967 1087.9999999999848 -6.892264536872972e-13
899 191967 191993 1088.9999999998454 -1.1937117960769683e-12
900 191993 192011 1089.999999992163 -2.3000623627922323e-10
901 192011 192058 1090.5208332330963 0.041666669071380724
902 192058 192087 1092.9999999996044 -8.704148513061227e-13
903 192087 192129 1093.6136363213748 0.04545454679582228
904 192129 192180 1095.5192308732726 0.03846153342091441
905 192180 192195 1097.9999999375411 -4.1974359987762e-08
906 192195 192227 1098.999999996868 -3.086242372773995e-11
907 192227 192285 1099.583333381334 0.033333321589722686
908 192285 192302 1101.9999999846186 -5.048800488793859e-09
909 192302 192348 1102.520833272973 0.04166666836499289
910 192348 192392 1104.6086958047213 0.043478256027675855
911 192392 192447 1106.5535716449176 0.035714268468485244
912 192447 192495 1108.520833300178 0.04166666788579754
913 192495 192534 1110.5749999570794 0.05000000088760714
914 192534 192550 1112.9999999715094 -1.4313648932784417e-08
915 192550 192571 1113.9999999999961 4.369837824924616e-13
916 192571 192583 1114.999999764101 -1.8649912902901633e-07
917 192583 192610 1115.9999999996778 -1.5205614545266144e-12
918 192610 192632 1116.9999999998902 -4.796163466380676e-13
919 192632 192683 1117.6842107794532 0.0526315682600309
920 192683 192705 1120.9999999999281 9.947598300641403e-13
921 192705 192731 1121.99999999972 -2.014388655879884e-12
922 192731 192749 1122.9999999999925 -3.197442310920451e-14
923 192749 192773 1123.999999999777 6.181721801112872e-13
924 192773 192806 1124.527777794012 0.05555555661648981
925 192806 192825 1127.0000000000107 -1.1404210908949608e-12
926 192825 192869 1127.7499999550157 0.05555555919934463
927 192869 192906 1130.6750001005635 0.04999999791303544
928 192906 192958 1132.5925912456175 0.037036974236720255
929 192958 193750 1135.2268592969892 0.05159332167475861
930 193750 193805 1175.6206897655925 0.034482757935428765
931 193805 193823 1177.9999999999784 1.4779288903810084e-12
932 193823 193847 1178.9999999996533 3.197442310920451e-14
933 193847 193865 1179.9999999999352 1.2612133559741778e-12
934 193865 193907 1180.5227272932543 0.0454545442971348
935 193907 193943 1182.5263157585043 0.05263157640705529
936 193943 193967 1184.9999999997028 -4.263256414560601e-14
937 193967 194003 1185.631578906468 0.05263157812471775
938 194003 194035 1187.5294117787973 0.05882352983951833
939 194035 194800 1189.6339284944409 0.05357143092488359
940 194800 195160 1231.4240830320625 0.05759161975564275
941 195160 195210 1252.6750000248162 0.04999999913528086
942 195210 195247 1255.5789474535911 0.05263157633856608
943 195247 195269 1257.9999999997315 2.2737367544323206e-13
944 195269 195304 1258.5833333171413 0.05555555466314033
945 195304 195315 1260.9999998086196 -1.2790548709062932e-07
946 195315 195340 1261.9999999977547 -1.1617373729677638e-12
947 195340 195743 1262.6060607142417 0.0606060602161822
948 195743 195807 1287.714285601333 0.05714285836465294
949 195807 196564 1292.2716468707629 0.05942274861297392
950 196564 197406 1338.4054056187417 0.06418918909704141
951 197406 197581 1394.1503067343965 0.07361963146126271
952 197581 197639 1406.8181819052668 0.06060605810175623
953 197639 198177 1410.511705442753 0.07023411426182502
954 198177 199061 1448.2785649491552 0.08009422246669162
955 199061 199873 1521.589886752298 0.07865168465620931
956 199873 200015 1586.6825396205204 0.07936507991579322
957 200015 200068 1597.6896550012934 0.06896551454341626
958 200068 200886 1600.7523563039722 0.08647798973558629
959 200886 201071 1673.1965813700695 0.09401709453570195
960 201071 201631 1691.2172051445145 0.0901639795206588
961 201631 202124 1740.7372887391614 0.08898305548361618
962 202124 202314 1785.7545453750201 0.11818181657460602
963 202314 202618 1808.404382254653 0.10358565861678137
964 202618 203066 1839.0900899694836 0.09909909912274761
965 203066 203402 1884.6995441456786 0.11210761353265575
966 203402 203452 1922.8275860089125 0.06896551689678176
967 203452 203704 1926.1637923821404 0.12068965635527817
968 203704 203832 1957.2184873900815 0.13445378209889292
969 203832 204124 1976.4473684223217 0.10526315807215081
970 204124 204315 2008.1766914502912 0.1278195486184197
971 204315 204475 2031.6715334252099 0.12408758664373565
972 204475 204827 2052.642858206274 0.11904762009430936
973 204827 205325 2095.9611257364536 0.13136729324063579
974 205325 205357 2160.631579145099 0.10526313606896309
975 205357 205380 2164.6874999996116 0.12500000029123726
976 205380 205585 2167.5109870355413 0.12637358178592084
977 205585 205653 2192.4411765107743 0.11764705687677335
978 205653 205795 2201.208333314707 0.18333333329950285
979 205795 206262 2225.659549180041 0.13707866308801586
980 206262 206277 2291.285714277545 0.1428571424172418
981 206277 206297 2293.5499999607905 0.09999999720251651
982 206297 206456 2294.986486658166 0.1486486486531593
983 206456 206779 2319.889915786544 0.1376146881439526
984 206779 206913 2363.9999999711868 0.18181818111442816
985 206913 206936 2388.53846134733 0.07692307849624314
986 206936 207143 2389.624998660662 0.16836734891743976
987 207143 207231 2425.955696479064 0.16455696052982027
988 207231 207393 2439.3333097566792 0.13978506822654602
989 207393 207485 2462.461539704453 0.19230768946530752
990 207485 207714 2478.992645458749 0.1617647153962185
991 207714 207972 2517.8868609955166 0.18248176017849183
992 207972 208289 2566.8817208190117 0.18279570796844524
993 208289 208647 2626.1052610805305 0.1770334978233219
994 208647 208672 2690.764705433218 0.17647059346339233
995 208672 208905 2694.6195663801846 0.1869565244592044
996 208905 209005 2740.8181817677396 0.21212121276428064
997 209005 209204 2763.906252039195 0.18124999827472443
998 209204 209292 2801.428571557557 0.23214285668643342
999 209292 209453 2821.3608250115008 0.1752577395614736
1000 209453 209545 2850.5999997815884 0.21666666635628928
1001 209545 209680 2870.822580176158 0.22580645219818152
1002 209680 209868 2900.3571430554507 0.2108843520499608
1003 209868 210063 2941.2731971603885 0.23711339990669345
1004 210063 210179 2987.0909089755355 0.1818181816221962
1005 210179 210295 3008.8095247237184 0.26190476386197226
1006 210295 210396 3038.489246636964 0.2150537653725113
1007 210396 210466 3058.8301884866396 0.2264150924194439
1008 210466 210484 3075.821428548048 0.21428571409984443
1009 210484 210671 3078.694444531948 0.2388888914459102
1010 210671 210962 3123.531372402344 0.22377630028744733
1011 210962 211098 3190.4444452032076 0.2444444425439123
1012 211098 211231 3223.625002102873 0.24999999273907392
1013 211231 211723 3256.645540138066 0.2910798099596512
1014 211723 212263 3395.728571242381 0.27142857235663254
1015 212263 212562 3545.1603059917993 0.2900763277089382
1016 212562 212839 3635.0444442426015 0.2888888891455892
1017 212839 213123 3720.2173915316666 0.36231884494596045
1018 213123 213638 3820.222178344721 0.34343475664674905
1019 213638 213904 4000.452703889896 0.3738738666136605
1020 213904 214084 4104.260273112724 0.3698630189003058
1021 214084 214318 4166.950447980848 0.3873873589699457
1022 214318 214518 4254.897436016158 0.40170939863776134
1023 214518 214578 4337.392156834962 0.45098039290804337
1024 214578 214763 4365.370690290747 0.42241379357508535
1025 214763 214955 4444.494012125478 0.3832335323321825
1026 214955 215124 4516.06060554756 0.4303030314706646
1027 215124 215177 4594.50000012078 0.47999999052063913
1028 215177 215346 4616.460122458421 0.4355828207869301
1029 215346 215411 4693.670212769386 0.510638299727546
1030 215411 215564 4729.680001096478 0.47999998907183183
1031 215564 215708 4798.410254482357 0.5726495673966028
1032 215708 215856 4878.849137908804 0.4741379307701763
1033 215856 216258 4957.055535124734 0.5656566068686804
1034 216258 216416 5176.238094812243 0.6380952428020414
1035 216416 216542 5279.632075451379 0.4811320750810921
1036 216542 216678 5337.874999722735 0.5833333368909521
1037 216678 216731 5420.125000027553 0.43181818374567627
1038 216731 216825 5443.337212860332 0.5348837106119859
1039 216825 216899 5493.886363766346 0.6818181868736488
1040 216899 217009 5546.032643659747 0.5978262803085315
1041 217009 217102 5616.750002065924 0.5869565203111833
1042 217102 217226 5669.566666637968 0.5333333477394113
1043 217226 217488 5736.472688342555 0.5924369741452296
1044 217488 217582 5883.9175820284045 0.5494505426357676
1045 217582 217975 5937.125003372185 0.7500000306719805
1046 217975 218325 6231.4386606803555 0.6617100419368498
1047 218325 218757 6462.653847522239 0.7082228108033384
1048 218757 219106 6771.693877803482 0.839650148965184
1049 219106 219141 7058.32692303799 0.6538461512313489
1050 219141 219339 7086.162673811095 0.827410835501631
1051 219339 219468 7249.981480729287 0.7592592629579329
1052 219468 219571 7350.999999734739 1.0000000008876881
1053 219571 219657 7451.260869587413 1.1594202901863468
1054 219657 219886 7543.746834919132 1.0379747046561505
1055 219886 220005 7780.999999036208 0.99999999703995
1056 220005 220066 7904.125001073813 0.7499999808308502
1057 220066 220175 7949.500001033805 1.1904761714339287
1058 220175 220243 8078.970002537661 0.8199999661632731
1059 220243 220353 8132.659571980149 1.063829785542417
1060 220353 220635 8260.449215739252 1.0546873209439234
1061 220635 220770 8560.892856751005 1.2321428575754538
1062 220770 220822 8723.50000022944 1.0000000014596822
1063 220822 221041 8785.430450098904 1.0596026937699214
1064 221041 221090 9017.010638945741 1.2765957444117362
1065 221090 221248 9077.499998871383 1.3333333350901384
1066 221248 221406 9284.799019689783 1.245097881762483
1067 221406 221783 9484.342979184152 1.3678930365089244
1068 221783 221924 10024.681817247982 1.5909090901778598
1069 221924 222217 10245.85813322175 1.6297577572668054
1070 222217 222390 10709.903007366269 1.5373133689351874
1071 222390 222672 10985.590908225566 1.6363636438575817
1072 222672 222830 11449.17668226168 1.691728991056209
1073 222830 223094 11701.610739668024 1.8456375858751457
1074 223094 223246 12212.685306103853 1.7972028229470922
1075 223246 223320 12475.412281073033 1.8070175712953613
1076 223320 223410 12623.186746103403 2.3493975948143344
1077 223410 223597 12812.794876304764 2.1709400933145773
1078 223597 223685 13198.170731648906 2.1951219475383255
1079 223685 223893 13398.709675965478 2.0967741332618672
1080 223893 224104 13866.722222508093 2.4305555630573465
1081 224104 224373 14383.505492269764 2.609890097637276
1082 224373 224524 15101.919319688794 2.6290322749855193
1083 224524 224588 15504.254716445954 3.056603884014635
1084 224588 224639 15688.720543565763 1.6764711609683332
1085 224639 224820 15779.452590951149 2.9741379090315547
1086 224820 224886 16304.815778804148 2.3684215962864386
1087 224886 224976 16453.35367042666 3.2638804979749523
1088 224976 225137 16742.45452874382 2.5757571480840227
1089 225137 225262 17178.293814289354 2.8144329988114123
1090 225262 225722 17538.89591898438 3.208144763356394
1091 225722 225898 19028.379630118103 3.3148147969309747
1092 225898 226209 19615.79591069526 3.2448979663894306
1093 226209 226411 20631.671641176516 3.6716417989804313
1094 226411 226484 21402.6818188066 4.8181817996317875
1095 226484 226592 21723.01250008967 4.362498809686784
1096 226592 226756 22144.389906883513 4.834862397016025
1097 226756 226928 22931.833333198952 4.777777783297324
1098 226928 227073 23742.5663138642 3.955752670120816
1099 227073 227143 24345.424467998622 4.320755527230716
1100 227143 227307 24675.285713991725 5.4789915969953995
1101 227307 227506 25528.49374593687 5.862500044613995
1102 227506 227842 26637.921684753524 6.554216861098112
1103 227842 227928 28848.285714165508 5.4081632654191765
1104 227928 228018 29345.13636217264 5.636363668614166
1105 228018 228464 29851.24994873739 7.730769161521991
1106 228464 228577 33331.79998062831 9.039999970898151
1107 228577 228710 34275.807695847834 8.484615379051178
1108 228710 228784 35520.37272551945 7.745454550072623
1109 228784 228992 36012.35843184333 11.415662646913518
1110 228992 229278 38396.35087909156 12.140350926436653
1111 229278 229376 41931.65517133508 12.448275874831921
1112 229376 229437 43202.249999135835 15.018518466059675
1113 229437 229521 44054.99999971854 12.59999996935187
1114 229521 229760 45232.404873206106 13.62926836102227
1115 229760 229890 48618.22666591474 18.026666672679426
1116 229890 229957 50838.04545497597 23.090909072228612
1117 229957 230002 52190.23075098342 20.538461564370323
1118 230002 230183 53105.82162201851 20.040935675218208
1119 230183 230326 56880.0454553013 20.727272694459714
1120 230326 230497 60153.830983025895 22.732394351724224
1121 230497 230629 63991.630438648375 28.195652212492405
1122 230629 230839 67626.96875026498 32.0937500250655
1123 230839 230986 73922.74285768956 32.23571427745446
1124 230986 231080 78785.50000003366 38.374999980451435
1125 231080 231224 82507.47188374565 40.46853272046292
1126 231224 231307 88346.40891161934 43.3939390914295
1127 231307 231458 92732.66345640043 50.173076805304845
1128 231458 231737 100499.49999940151 76.30555554651289
1129 231737 231828 121820.74137897819 88.40229885828762
1130 231828 231905 130098.10936793317 101.65625023111738
1131 231905 231966 138529.06649899902 85.7333319778827
1132 231966 232171 143447.21311082543 140.5464481069862
1133 232171 232293 173740.02824972034 185.3867922296988
1134 232293 232450 195032.56162891584 223.94573597519138
1135 232450 232562 231347.5952327469 299.5238094953211
1136 232562 232594 268156.03845800465 436.6153846777552
1137 232594 232744 282416.11502650596 643.081460639557
1138 232744 232856 374782.817307667 1118.9807690557282
1139 232856 232902 502532.7383153732 1928.977269949748
1140 232902 232970 547627.716303169 5548.701491910375
1141 232970 232998 363580.7406935642 91803.92592383141
1142 232998 233000 4114972.999999955 3431368.999999869
********************
0.0407156652360515
