0 , 288
289 , 577
578 , 866
867 , 1155
1156 , 1444
1445 , 1733
1734 , 2022
2023 , 2311
2312 , 2456
2457 , 2600
2601 , 2889
2890 , 3178
3179 , 3251
3252 , 3323
3324 , 3467
3468 , 3756
3757 , 4045
4046 , 4334
4335 , 4623
4624 , 4912
4913 , 5201
5202 , 5346
5347 , 5490
5491 , 5779
5780 , 5924
5925 , 6068
6069 , 6357
6358 , 6646
6647 , 6791
6792 , 6935
6936 , 7513
7514 , 8091
8092 , 8380
8381 , 8669
8670 , 8958
8959 , 9247
9248 , 9825
9826 , 10114
10115 , 10259
10260 , 10331
10332 , 10403
10404 , 10692
10693 , 10837
10838 , 10981
10982 , 11559
11560 , 11848
11849 , 12137
12138 , 12426
12427 , 12715
12716 , 13004
13005 , 13293
13294 , 13871
13872 , 14160
14161 , 14305
14306 , 14449
14450 , 14738
14739 , 15027
15028 , 15316
15317 , 15605
15606 , 15894
15895 , 16183
16184 , 16328
16329 , 16472
16473 , 16617
16618 , 16761
16762 , 17339
17340 , 17484
17485 , 17628
17629 , 17917
17918 , 18206
18207 , 18495
18496 , 19073
19074 , 19651
19652 , 19940
19941 , 20229
20230 , 20807
20808 , 21096
21097 , 21385
21386 , 21674
21675 , 21819
21820 , 21963
21964 , 22252
22253 , 22541
22542 , 22830
22831 , 23119
23120 , 23408
23409 , 23553
23554 , 23697
23698 , 24275
24276 , 24853
24854 , 25142
25143 , 25431
25432 , 26009
26010 , 26154
26155 , 26298
26299 , 26443
26444 , 26587
26588 , 27165
27166 , 27454
27455 , 27743
27744 , 28032
28033 , 28321
28322 , 28899
28900 , 29477
29478 , 29766
29767 , 30055
30056 , 30200
30201 , 30344
30345 , 30489
30490 , 30633
30634 , 30922
30923 , 31067
31068 , 31211
31212 , 31500
31501 , 31789
31790 , 32367
32368 , 32945
32946 , 33090
33091 , 33162
33163 , 33234
33235 , 33523
33524 , 34101
34102 , 34390
34391 , 34679
34680 , 34824
34825 , 34968
34969 , 35113
35114 , 35257
35258 , 35546
35547 , 35691
35692 , 35835
35836 , 36413
36414 , 36991
36992 , 37569
37570 , 38147
38148 , 38292
38293 , 38436
38437 , 38725
38726 , 39303
39304 , 39448
39449 , 39592
39593 , 39881
39882 , 40459
40460 , 40748
40749 , 41037
41038 , 41326
41327 , 41471
41472 , 41615
41616 , 41904
41905 , 42193
42194 , 42482
42483 , 42771
42772 , 43060
43061 , 43349
43350 , 43927
43928 , 44072
44073 , 44216
44217 , 44505
44506 , 44794
44795 , 45083
45084 , 45661
45662 , 45950
45951 , 46239
46240 , 46528
46529 , 46673
46674 , 46817
46818 , 46962
46963 , 47106
47107 , 47251
47252 , 47395
47396 , 47684
47685 , 47973
47974 , 48118
48119 , 48262
48263 , 48551
48552 , 48840
48841 , 49129
49130 , 49707
49708 , 49996
49997 , 50141
50142 , 50285
50286 , 50574
50575 , 50719
50720 , 50863
50864 , 51008
51009 , 51152
51153 , 51441
51442 , 51586
51587 , 51730
51731 , 51875
51876 , 52019
52020 , 52308
52309 , 52453
52454 , 52597
52598 , 52742
52743 , 52886
52887 , 53175
53176 , 53464
53465 , 53753
53754 , 54331
54332 , 54909
54910 , 55054
55055 , 55198
55199 , 55343
55344 , 55487
55488 , 55776
55777 , 56065
56066 , 56643
56644 , 57221
57222 , 57799
57800 , 58088
58089 , 58377
58378 , 58666
58667 , 58955
58956 , 59244
59245 , 59389
59390 , 59533
59534 , 59822
59823 , 59967
59968 , 60111
60112 , 60689
60690 , 60978
60979 , 61123
61124 , 61267
61268 , 61845
61846 , 62134
62135 , 62279
62280 , 62423
62424 , 62712
62713 , 63001
63002 , 63290
63291 , 63579
63580 , 64157
64158 , 64446
64447 , 64591
64592 , 64735
64736 , 65313
65314 , 65891
65892 , 66469
66470 , 66614
66615 , 66758
66759 , 67047
67048 , 67625
67626 , 67770
67771 , 67914
67915 , 68203
68204 , 68781
68782 , 69070
69071 , 69215
69216 , 69359
69360 , 69937
69938 , 70515
70516 , 70660
70661 , 70804
70805 , 70949
70950 , 71093
71094 , 71671
71672 , 72249
72250 , 72827
72828 , 73116
73117 , 73405
73406 , 73550
73551 , 73694
73695 , 73983
73984 , 74272
74273 , 74561
74562 , 75139
75140 , 75284
75285 , 75428
75429 , 75717
75718 , 76295
76296 , 76584
76585 , 76873
76874 , 77018
77019 , 77162
77163 , 77451
77452 , 78029
78030 , 78318
78319 , 78607
78608 , 78896
78897 , 79185
79186 , 79763
79764 , 80052
80053 , 80197
80198 , 80341
80342 , 80919
80920 , 81497
81498 , 82075
82076 , 82364
82365 , 82509
82510 , 82653
82654 , 82798
82799 , 82942
82943 , 83231
83232 , 83520
83521 , 83809
83810 , 84098
84099 , 84387
84388 , 84676
84677 , 84965
84966 , 85543
85544 , 86121
86122 , 86699
86700 , 87277
87278 , 87566
87567 , 87711
87712 , 87855
87856 , 88433
88434 , 89011
89012 , 89589
89590 , 89734
89735 , 89878
89879 , 90023
90024 , 90167
90168 , 90745
90746 , 91323
91324 , 91901
91902 , 92190
92191 , 92335
92336 , 92479
92480 , 93057
93058 , 93346
93347 , 93635
93636 , 94213
94214 , 94791
94792 , 95080
95081 , 95369
95370 , 95947
95948 , 96092
96093 , 96236
96237 , 96381
96382 , 96525
96526 , 97103
97104 , 97392
97393 , 97681
97682 , 97970
97971 , 98259
98260 , 98548
98549 , 98837
98838 , 98982
98983 , 99126
99127 , 99271
99272 , 99415
99416 , 99993
99994 , 100282
100283 , 100427
100428 , 100571
100572 , 100860
100861 , 101149
101150 , 101438
101439 , 101727
101728 , 102016
102017 , 102305
102306 , 102883
102884 , 103461
103462 , 103750
103751 , 103895
103896 , 104039
104040 , 104617
104618 , 104906
104907 , 105195
105196 , 105773
105774 , 105918
105919 , 106062
106063 , 106351
106352 , 106496
106497 , 106640
106641 , 106929
106930 , 107218
107219 , 107363
107364 , 107507
107508 , 108085
108086 , 108230
108231 , 108374
108375 , 108663
108664 , 108952
108953 , 109241
109242 , 109530
109531 , 109819
109820 , 110397
110398 , 110686
110687 , 110975
110976 , 111264
111265 , 111553
111554 , 112131
112132 , 112709
112710 , 112854
112855 , 112998
112999 , 113287
113288 , 113576
113577 , 113865
113866 , 114010
114011 , 114154
114155 , 114443
114444 , 114588
114589 , 114732
114733 , 115021
115022 , 115166
115167 , 115310
115311 , 115599
115600 , 115888
115889 , 116033
116034 , 116177
116178 , 116466
116467 , 116755
116756 , 117044
117045 , 117333
117334 , 117622
117623 , 117911
117912 , 118489
118490 , 119067
119068 , 119212
119213 , 119356
119357 , 119645
119646 , 119934
119935 , 120007
120008 , 120079
120080 , 120223
120224 , 120801
120802 , 121379
121380 , 121524
121525 , 121668
121669 , 121813
121814 , 121957
121958 , 122535
122536 , 123113
123114 , 123402
123403 , 123691
123692 , 124269
124270 , 124558
124559 , 124847
124848 , 125425
125426 , 125570
125571 , 125714
125715 , 126003
126004 , 126292
126293 , 126581
126582 , 126726
126727 , 126870
126871 , 127159
127160 , 127448
127449 , 127593
127594 , 127737
127738 , 128026
128027 , 128315
128316 , 128460
128461 , 128604
128605 , 128893
128894 , 129471
129472 , 130049
130050 , 130338
130339 , 130627
130628 , 131205
131206 , 131350
131351 , 131494
131495 , 131783
131784 , 132361
132362 , 132506
132507 , 132650
132651 , 132939
132940 , 133228
133229 , 133373
133374 , 133517
133518 , 134095
134096 , 134384
134385 , 134673
134674 , 134962
134963 , 135251
135252 , 135829
135830 , 135974
135975 , 136118
136119 , 136407
136408 , 136552
136553 , 136696
136697 , 136985
136986 , 137274
137275 , 137563
137564 , 137852
137853 , 137997
137998 , 138141
138142 , 138286
138287 , 138430
138431 , 138719
138720 , 139297
139298 , 139586
139587 , 139875
139876 , 140164
140165 , 140453
140454 , 140742
140743 , 140887
140888 , 141031
141032 , 141609
141610 , 142187
142188 , 142765
142766 , 143054
143055 , 143343
143344 , 143632
143633 , 143921
143922 , 144066
144067 , 144210
144211 , 144499
144500 , 144788
144789 , 144933
144934 , 145077
145078 , 145366
145367 , 145511
145512 , 145655
145656 , 146233
146234 , 146522
146523 , 146811
146812 , 146956
146957 , 147100
147101 , 147389
147390 , 147678
147679 , 147823
147824 , 147967
147968 , 148545
148546 , 148690
148691 , 148834
148835 , 149123
149124 , 149268
149269 , 149412
149413 , 149701
149702 , 150279
150280 , 150857
150858 , 151002
151003 , 151146
151147 , 151435
151436 , 151580
151581 , 151724
151725 , 151869
151870 , 152013
152014 , 152302
152303 , 152591
152592 , 152736
152737 , 152880
152881 , 153169
153170 , 153314
153315 , 153458
153459 , 153747
153748 , 154036
154037 , 154181
154182 , 154325
154326 , 154903
154904 , 155481
155482 , 155626
155627 , 155770
155771 , 156059
156060 , 156348
156349 , 156493
156494 , 156637
156638 , 157215
157216 , 157360
157361 , 157504
157505 , 157793
157794 , 158371
158372 , 158949
158950 , 159094
159095 , 159238
159239 , 159527
159528 , 159672
159673 , 159816
159817 , 159961
159962 , 160105
160106 , 160394
160395 , 160539
160540 , 160683
160684 , 161261
161262 , 161839
161840 , 162417
162418 , 162995
162996 , 163284
163285 , 163573
163574 , 163862
163863 , 164151
164152 , 164440
164441 , 164729
164730 , 165307
165308 , 165452
165453 , 165596
165597 , 165885
165886 , 166463
166464 , 166752
166753 , 166897
166898 , 167041
167042 , 167330
167331 , 167475
167476 , 167619
167620 , 167908
167909 , 168197
168198 , 168486
168487 , 168775
168776 , 169064
169065 , 169353
169354 , 169931
169932 , 170220
170221 , 170365
170366 , 170509
170510 , 171087
171088 , 171665
171666 , 171954
171955 , 172027
172028 , 172099
172100 , 172243
172244 , 172821
172822 , 173399
173400 , 173688
173689 , 173833
173834 , 173905
173906 , 173977
173978 , 174266
174267 , 174555
174556 , 174700
174701 , 174844
174845 , 174989
174990 , 175133
175134 , 175711
175712 , 176289
176290 , 176867
176868 , 177156
177157 , 177445
177446 , 178023
178024 , 178312
178313 , 178601
178602 , 178746
178747 , 178890
178891 , 179035
179036 , 179179
179180 , 179468
179469 , 179613
179614 , 179757
179758 , 180335
180336 , 180408
180409 , 180480
180481 , 180552
180553 , 180624
180625 , 180913
180914 , 181058
181059 , 181202
181203 , 181347
181348 , 181419
181420 , 181491
181492 , 181780
181781 , 181925
181926 , 182069
182070 , 182214
182215 , 182358
182359 , 182503
182504 , 182647
182648 , 182936
182937 , 183225
183226 , 183370
183371 , 183514
183515 , 183803
183804 , 184092
184093 , 184381
184382 , 184526
184527 , 184670
184671 , 184959
184960 , 185248
185249 , 185393
185394 , 185537
185538 , 185826
185827 , 185971
185972 , 186115
186116 , 186693
186694 , 186982
186983 , 187271
187272 , 187849
187850 , 188138
188139 , 188283
188284 , 188427
188428 , 188716
188717 , 188861
188862 , 189005
189006 , 189294
189295 , 189439
189440 , 189583
189584 , 189872
189873 , 190017
190018 , 190161
190162 , 190739
190740 , 191317
191318 , 191895
191896 , 192473
192474 , 192762
192763 , 193051
193052 , 193340
193341 , 193629
193630 , 193918
193919 , 194207
194208 , 194496
194497 , 194785
194786 , 195074
195075 , 195363
195364 , 195508
195509 , 195652
195653 , 195941
195942 , 196230
196231 , 196519
196520 , 197097
197098 , 197242
197243 , 197386
197387 , 197675
197676 , 197964
197965 , 198253
198254 , 198542
198543 , 198831
198832 , 199120
199121 , 199409
199410 , 199698
199699 , 199987
199988 , 200132
200133 , 200276
200277 , 200565
200566 , 201143
201144 , 201432
201433 , 201577
201578 , 201721
201722 , 202299
202300 , 202877
202878 , 203022
203023 , 203166
203167 , 203455
203456 , 203744
203745 , 203889
203890 , 204033
204034 , 204322
204323 , 204467
204468 , 204611
204612 , 205189
205190 , 205478
205479 , 205623
205624 , 205767
205768 , 206345
206346 , 206490
206491 , 206634
206635 , 206779
206780 , 206923
206924 , 207501
207502 , 207646
207647 , 207790
207791 , 207935
207936 , 208079
208080 , 208368
208369 , 208657
208658 , 209235
209236 , 209813
209814 , 210391
210392 , 210969
210970 , 211547
211548 , 211836
211837 , 212125
212126 , 212414
212415 , 212703
212704 , 212992
212993 , 213281
213282 , 213426
213427 , 213570
213571 , 213859
213860 , 214148
214149 , 214293
214294 , 214437
214438 , 214726
214727 , 214871
214872 , 215015
215016 , 215593
215594 , 216171
216172 , 216749
216750 , 217327
217328 , 217905
217906 , 218050
218051 , 218194
218195 , 218483
218484 , 218772
218773 , 219061
219062 , 219639
219640 , 219928
219929 , 220217
220218 , 220506
220507 , 220651
220652 , 220795
220796 , 221373
221374 , 221662
221663 , 221807
221808 , 221951
221952 , 222240
222241 , 222385
222386 , 222529
222530 , 223107
223108 , 223252
223253 , 223396
223397 , 223685
223686 , 224263
224264 , 224408
224409 , 224552
224553 , 224841
224842 , 224986
224987 , 225130
225131 , 225419
225420 , 225708
225709 , 225853
225854 , 225997
225998 , 226575
226576 , 227153
227154 , 227442
227443 , 227731
227732 , 228309
228310 , 228887
228888 , 229032
229033 , 229176
229177 , 229321
229322 , 229465
229466 , 230043
230044 , 230621
230622 , 230766
230767 , 230910
230911 , 231199
231200 , 231488
231489 , 231777
231778 , 232355
232356 , 232644
232645 , 232933
232934 , 233511
233512 , 234089
234090 , 234667
234668 , 234956
234957 , 235245
235246 , 235823
235824 , 236112
236113 , 236401
236402 , 236979
236980 , 237268
237269 , 237557
237558 , 238135
238136 , 238713
238714 , 239002
239003 , 239291
239292 , 239580
239581 , 239653
239654 , 239725
239726 , 239869
239870 , 240158
240159 , 240447
240448 , 240736
240737 , 241025
241026 , 241603
241604 , 242181
242182 , 242759
242760 , 242832
242833 , 242904
242905 , 243048
243049 , 243193
243194 , 243337
243338 , 243915
243916 , 244060
244061 , 244204
244205 , 244493
244494 , 244782
244783 , 245071
245072 , 245216
245217 , 245360
245361 , 245649
245650 , 245938
245939 , 246227
246228 , 246516
246517 , 246805
246806 , 247094
247095 , 247383
247384 , 247961
247962 , 248539
248540 , 248828
248829 , 249117
249118 , 249695
249696 , 250273
250274 , 250562
250563 , 250635
250636 , 250707
250708 , 250851
250852 , 251429
251430 , 252007
252008 , 252296
252297 , 252585
252586 , 252730
252731 , 252874
252875 , 253019
253020 , 253163
253164 , 253452
253453 , 253741
253742 , 254319
254320 , 254608
254609 , 254897
254898 , 255186
255187 , 255475
255476 , 255764
255765 , 255909
255910 , 256053
256054 , 256198
256199 , 256342
256343 , 256487
256488 , 256631
256632 , 256704
256705 , 256776
256777 , 256920
256921 , 257209
257210 , 257498
257499 , 257787
257788 , 258365
258366 , 258943
258944 , 259232
259233 , 259521
259522 , 259810
259811 , 260099
260100 , 260388
260389 , 260677
260678 , 261255
261256 , 261833
261834 , 262411
262412 , 262556
262557 , 262700
262701 , 262989
262990 , 263278
263279 , 263423
263424 , 263567
263568 , 263856
263857 , 264145
264146 , 264723
264724 , 265301
265302 , 265590
265591 , 265735
265736 , 265879
265880 , 266168
266169 , 266313
266314 , 266457
266458 , 267035
267036 , 267324
267325 , 267613
267614 , 267758
267759 , 267902
267903 , 268191
268192 , 268336
268337 , 268480
268481 , 268625
268626 , 268769
268770 , 269058
269059 , 269203
269204 , 269347
269348 , 269925
269926 , 270503
270504 , 271081
271082 , 271370
271371 , 271659
271660 , 272237
272238 , 272382
272383 , 272526
272527 , 272815
272816 , 273393
273394 , 273971
273972 , 274116
274117 , 274260
274261 , 274405
274406 , 274549
274550 , 274694
274695 , 274838
274839 , 275127
275128 , 275705
275706 , 276283
276284 , 276428
276429 , 276572
276573 , 276861
276862 , 277150
277151 , 277295
277296 , 277439
277440 , 278017
278018 , 278595
278596 , 278884
278885 , 279173
279174 , 279462
279463 , 279751
279752 , 280040
280041 , 280185
280186 , 280329
280330 , 280907
280908 , 281196
281197 , 281485
281486 , 281630
281631 , 281774
281775 , 282063
282064 , 282352
282353 , 282641
282642 , 282786
282787 , 282930
282931 , 283219
283220 , 283797
283798 , 283942
283943 , 284086
284087 , 284231
284232 , 284375
284376 , 284953
284954 , 285098
285099 , 285242
285243 , 285531
285532 , 285676
285677 , 285820
285821 , 285965
285966 , 286109
286110 , 286254
286255 , 286398
286399 , 286687
286688 , 287265
287266 , 287554
287555 , 287843
287844 , 288421
288422 , 288710
288711 , 288999