0 , 1164
1165 , 2329
2330 , 4659
4660 , 9319
9320 , 13979
13980 , 18639
18640 , 23299
23300 , 27959
27960 , 32619
32620 , 37279
37280 , 41939
41940 , 46599
46600 , 51259
51260 , 55919
55920 , 60579
60580 , 65239
65240 , 69899
69900 , 74559
74560 , 79219
79220 , 83879
83880 , 88539
88540 , 93199
93200 , 97859
97860 , 102519
102520 , 107179
107180 , 111839
111840 , 116499
116500 , 121159
121160 , 125819
125820 , 130479
130480 , 135139
135140 , 139799
139800 , 144459
144460 , 149119
149120 , 153779
153780 , 158439
158440 , 163099
163100 , 165429
165430 , 167759
167760 , 170089
170090 , 172419
172420 , 174749
174750 , 175914
175915 , 177079
177080 , 178244
178245 , 179409
179410 , 179992
179993 , 180574
180575 , 181739
181740 , 182904
182905 , 184069
184070 , 185234
185235 , 186399
186400 , 186982
186983 , 187564
187565 , 188729
188730 , 189312
189313 , 189603
189604 , 189894
189895 , 191059
191060 , 191351
191352 , 191642
191643 , 192224
192225 , 192516
192517 , 192807
192808 , 193098
193099 , 193389
193390 , 193972
193973 , 194263
194264 , 194554
194555 , 194700
194701 , 194846
194847 , 195137
195138 , 195719
195720 , 196011
196012 , 196302
196303 , 196884
196885 , 197176
197177 , 197322
197323 , 197467
197468 , 197758
197759 , 198049
198050 , 198341
198342 , 198632
198633 , 199214
199215 , 200379
200380 , 201544
201545 , 201836
201837 , 202127
202128 , 202418
202419 , 202709
202710 , 203292
203293 , 203583
203584 , 203874
203875 , 204166
204167 , 204457
204458 , 204748
204749 , 205039
205040 , 205622
205623 , 205768
205769 , 205913
205914 , 206204
206205 , 206787
206788 , 207369
207370 , 208534
208535 , 209699
209700 , 210864
210865 , 211010
211011 , 211156
211157 , 211447
211448 , 211738
211739 , 212029
212030 , 212612
212613 , 212758
212759 , 212903
212904 , 213194
213195 , 214359
214360 , 214942
214943 , 215524
215525 , 216689
216690 , 216835
216836 , 216981
216982 , 217272
217273 , 217563
217564 , 217854
217855 , 218437
218438 , 218583
218584 , 218728
218729 , 219019
219020 , 219602
219603 , 219893
219894 , 220184
220185 , 221349
221350 , 221641
221642 , 221932
221933 , 222078
222079 , 222223
222224 , 222514
222515 , 222806
222807 , 222952
222953 , 223097
223098 , 223388
223389 , 223679
223680 , 223825
223826 , 223971
223972 , 224262
224263 , 224553
224554 , 224699
224700 , 224844
224845 , 225136
225137 , 225427
225428 , 225718
225719 , 226009
226010 , 226301
226302 , 226592
226593 , 227174
227175 , 227466
227467 , 227757
227758 , 228048
228049 , 228339
228340 , 228631
228632 , 228922
228923 , 229213
229214 , 229504
229505 , 229796
229797 , 230087
230088 , 230233
230234 , 230378
230379 , 230669
230670 , 230815
230816 , 230961
230962 , 231252
231253 , 231398
231399 , 231543
231544 , 231689
231690 , 231834
231835 , 231980
231981 , 232126
232127 , 232272
232273 , 232417
232418 , 232563
232564 , 232708
232709 , 232854
232855 , 232927
232928 , 232963
232964 , 232999