0 , 518999
519000 , 1037999
1038000 , 1297499
1297500 , 1427249
1427250 , 1556999
1557000 , 1621874
1621875 , 1686749
1686750 , 1719187
1719188 , 1751624
1751625 , 1784062
1784063 , 1816499
1816500 , 1848937
1848938 , 1865156
1865157 , 1881374
1881375 , 1897593
1897594 , 1913812
1913813 , 1921922
1921923 , 1930031
1930032 , 1938140
1938141 , 1946249
1946250 , 1954359
1954360 , 1962468
1962469 , 1970578
1970579 , 1974633
1974634 , 1978687
1978688 , 1982742
1982743 , 1986797
1986798 , 1990852
1990853 , 1994906
1994907 , 1996934
1996935 , 1998961
1998962 , 2000988
2000989 , 2002002
2002003 , 2003015
2003016 , 2005043
2005044 , 2007070
2007071 , 2009097
2009098 , 2011124
2011125 , 2013152
2013153 , 2014166
2014167 , 2015179
2015180 , 2017207
2017208 , 2019234
2019235 , 2021262
2021263 , 2022276
2022277 , 2022783
2022784 , 2023289
2023290 , 2024303
2024304 , 2025316
2025317 , 2027343
2027344 , 2029371
2029372 , 2029878
2029879 , 2030385
2030386 , 2030892
2030893 , 2031145
2031146 , 2031398
2031399 , 2031905
2031906 , 2032412
2032413 , 2032919
2032920 , 2033173
2033174 , 2033426
2033427 , 2035453
2035454 , 2036467
2036468 , 2036974
2036975 , 2037481
2037482 , 2039508
2039509 , 2040015
2040016 , 2040269
2040270 , 2040522
2040523 , 2041029
2041030 , 2041282
2041283 , 2041535
2041536 , 2042549
2042550 , 2042803
2042804 , 2043056
2043057 , 2043562
2043563 , 2044576
2044577 , 2045083
2045084 , 2045590
2045591 , 2046097
2046098 , 2046351
2046352 , 2046604
2046605 , 2046858
2046859 , 2047111
2047112 , 2047617
2047618 , 2048124
2048125 , 2048378
2048379 , 2048631
2048632 , 2048885
2048886 , 2049138
2049139 , 2049392
2049393 , 2049519
2049520 , 2049645
2049646 , 2050152
2050153 , 2050406
2050407 , 2050533
2050534 , 2050659
2050660 , 2050786
2050787 , 2050913
2050914 , 2051166
2051167 , 2051672
2051673 , 2051926
2051927 , 2052179
2052180 , 2052433
2052434 , 2052686
2052687 , 2053193
2053194 , 2053447
2053448 , 2053574
2053575 , 2053700
2053701 , 2053954
2053955 , 2054207
2054208 , 2054714
2054715 , 2055727
2055728 , 2055981
2055982 , 2056108
2056109 , 2056234
2056235 , 2056741
2056742 , 2057248
2057249 , 2057375
2057376 , 2057501
2057502 , 2057754
2057755 , 2058008
2058009 , 2058135
2058136 , 2058261
2058262 , 2058515
2058516 , 2058642
2058643 , 2058768
2058769 , 2058895
2058896 , 2059022
2059023 , 2059275
2059276 , 2059781
2059782 , 2059908
2059909 , 2060035
2060036 , 2060162
2060163 , 2060288
2060289 , 2060795
2060796 , 2061809
2061810 , 2061936
2061937 , 2062063
2062064 , 2062316
2062317 , 2062823
2062824 , 2063330
2063331 , 2063836
2063837 , 2064343
2064344 , 2064597
2064598 , 2064850
2064851 , 2064977
2064978 , 2065104
2065105 , 2065231
2065232 , 2065357
2065358 , 2065863
2065864 , 2066117
2066118 , 2066244
2066245 , 2066370
2066371 , 2066497
2066498 , 2066624
2066625 , 2066877
2066878 , 2067004
2067005 , 2067131
2067132 , 2067384
2067385 , 2067511
2067512 , 2067637
2067638 , 2067764
2067765 , 2067890
2067891 , 2068017
2068018 , 2068144
2068145 , 2068397
2068398 , 2068651
2068652 , 2068904
2068905 , 2069411
2069412 , 2069665
2069666 , 2069792
2069793 , 2069918
2069919 , 2070045
2070046 , 2070172
2070173 , 2070425
2070426 , 2070679
2070680 , 2070932
2070933 , 2071439
2071440 , 2071692
2071693 , 2071945
2071946 , 2072199
2072200 , 2072452
2072453 , 2072579
2072580 , 2072706
2072707 , 2072959
2072960 , 2073213
2073214 , 2073466
2073467 , 2073593
2073594 , 2073719
2073720 , 2073972
2073973 , 2074479
2074480 , 2074733
2074734 , 2074986
2074987 , 2075240
2075241 , 2075367
2075368 , 2075493
2075494 , 2075620
2075621 , 2075746
2075747 , 2075873
2075874 , 2075936
2075937 , 2075968
2075969 , 2075999